[17:16:14] [Client thread/INFO] [JMLogger] JourneyMap log initialized.
[17:16:14] [Client thread/INFO] [JourneymapClient] initialize ENTER
[17:16:14] [Client thread/INFO] [?] Version: JourneyMap 1.12.2-5.5.4, built with Forge 14.23.5.2768
Forge: 14.23.5.2847
Environment: os.name, os.arch, java.version, user.country, user.language=null, game language=zh_cn, locale=zh_cn
Features: 
	RadarPlayers : singleplayer = true , multiplayer = true
	RadarAnimals : singleplayer = true , multiplayer = true
	RadarMobs : singleplayer = true , multiplayer = true
	RadarVillagers : singleplayer = true , multiplayer = true
	MapTopo : singleplayer = true , multiplayer = true
	MapSurface : singleplayer = true , multiplayer = true
	MapCaves : singleplayer = true , multiplayer = true
MiniMapProperties{state=Valid, file=journeymap.minimap.config, configVersion=5.5.4, zoomLevel=0, showPlayers=true, frameAlpha=100, compassFontScale=2, terrainAlpha=100, showEntityNames=true, enabled=false, showPlayerHeading=true, showVillagers=true, info2Label=游戏时间, sizePercent=30, showDayNight=true, info3Label=位置, showMobs=true, showPets=true, preferredMapType=day, showCompass=true, mobDisplay=小圆点, showReticle=true, orientation=北, shape=圆形, showSelf=true, info4Label=生物群系, locationFormat=xzyv, playerDisplay=小圆点, showGrid=true, reticleOrientation=罗盘模式, showWaypoints=true, showCaves=true, showAnimals=true, showMobHeading=true, showWaypointLabels=true, locationFormatVerbose=true, position=屏幕右上, info1Label=空, fontScale=2}
MiniMapProperties{state=Valid, file=journeymap.minimap2.config, configVersion=5.5.4, zoomLevel=0, showPlayers=true, frameAlpha=100, compassFontScale=2, terrainAlpha=100, showEntityNames=true, enabled=false, showPlayerHeading=true, showVillagers=true, info2Label=游戏时间, sizePercent=30, showDayNight=true, info3Label=位置, showMobs=true, showPets=true, preferredMapType=day, showCompass=true, mobDisplay=小圆点, showReticle=true, orientation=北, shape=矩形, showSelf=true, info4Label=生物群系, locationFormat=xzyv, playerDisplay=小圆点, showGrid=true, reticleOrientation=罗盘模式, showWaypoints=true, showCaves=true, showAnimals=true, showMobHeading=true, showWaypointLabels=true, locationFormatVerbose=true, position=屏幕右上, info1Label=空, fontScale=2}
FullMapProperties{state=Valid, file=journeymap.fullmap.config, configVersion=5.5.4, mobDisplay=小圆点, zoomLevel=5, showPlayers=true, showSelf=true, locationFormat=xzyv, playerDisplay=小圆点, showGrid=true, showEntityNames=true, showPlayerHeading=true, showVillagers=false, showWaypoints=true, showCaves=true, showAnimals=false, showMobHeading=true, showKeys=true, showWaypointLabels=true, locationFormatVerbose=true, showMobs=false, showPets=false, fontScale=2, preferredMapType=day}
WaypointProperties{state=Valid, file=journeymap.waypoint.config, configVersion=5.5.4, createDeathpoints=true, showName=true, maxDistance=0, autoHideLabel=true, showStaticBeam=true, minDistance=4, boldLabel=false, textureSmall=true, showDistance=true, showRotatingBeam=true, fontScale=2, showTexture=true, managerEnabled=true, beaconEnabled=true}
WebMapProperties{state=Valid, file=journeymap.webmap.config, configVersion=5.5.4, zoomLevel=0, showWaypoints=true, showCaves=true, showSelf=true, port=8080, showGrid=true, showEntityNames=true, enabled=false, googleMapApiDomain=.com, preferredMapType=day}
CoreProperties{state=Valid, file=journeymap.core.config, configVersion=5.5.4, verboseColorPalette=false, maxPlayersData=32, mapSurfaceAboveCaves=true, optionsManagerViewed=5.5.4, announceMod=true, colorPassive=#bbbbbb, renderOverlayEventTypeName=ALL, mapBlendWater=false, renderDistanceSurfaceMax=7, radarVerticalDistance=16, mapBlendGrass=true, recordCacheStats=false, hideSneakingEntities=true, revealShape=圆形, alwaysMapSurface=false, colorVillager=#88e188, mapPlants=false, colorPet=#0077ff, radarLateralDistance=64, mapBathymetry=false, mapCrops=true, maxMobsData=32, mapPlantShadows=false, alwaysMapCaves=false, checkUpdates=true, browserPoll=2000, mapBlendFoliage=true, mappingEnabled=true, colorPlayer=#ffffff, tileHighDisplayQuality=true, cacheVillagersData=2200, logLevel=INFO, maxVillagersData=32, maxAnimalsData=32, mapTransparency=true, tileRenderType=1, caveIgnoreGlass=true, mapTopography=true, renderDistanceCaveMax=3, mapAntialiasing=true, colorSelf=#0000ff, cachePlayersData=2000, cacheMobsData=3000, cachePlayerData=1000, splashViewed=5.5.4, colorHostile=#ff0000, cacheAnimalsData=3100, themeName=OceanMonument, mapCaveLighting=true, renderDelay=2, renderOverlayPreEvent=true, autoMapPoll=2000}
[17:16:14] [Client thread/INFO] [ClientAPI] [ClientAPI] built with JourneyMap API 1.4
[17:16:14] [Client thread/INFO] [PluginHelper] Initializing plugins with Client API: journeymap.client.api.impl.ClientAPI
[17:16:14] [Client thread/INFO] [JourneymapClient] initialize EXIT, elapsed count 0 avg ?ms
[17:16:17] [Client thread/INFO] [IconSetFileHandler] Added entity icons from journeymap:icon/entity. Success: false
[17:16:18] [Client thread/INFO] [ThemeLoader] Preloaded theme textures: 73
[17:16:20] [JM-VersionCheck-1/INFO] [VersionCheck$1] Newer version online: JourneyMap 5.7.1.jar for Minecraft 1.12.2 on http://minecraft.curseforge.com/projects/journeymap/files/2916002
[17:17:24] [Client thread/WARN] [ColorPalette] Existing color palette's mods no longer match current loadout.
[17:17:24] [Client thread/INFO] [ColorPalette] WAS: AutoRegLib:1.3-31, Baublelicious:1.4.0-4, Baubles:1.5.2, Bring me the rings!:0.4, Chunk Animator:1.2, CustomNPCs Fix:1.2.2.6, CustomNPCs:1.12, CustomSkinLoader:14.9, Damage Indicators Mod:1.0, Decocraft:2.6.3, Earraylate Mod:1.0, Electroblob's Wizardry:4.3.7, Forge Mod Loader:8.0.99.99, I18n Update Mod:1.12.2-1.1.0, Infinity Item Editor:0.15, JourneyMap:1.12.2-5.5.4, Minecraft Coder Pack:9.42, Minecraft Forge:14.23.5.2847, Minecraft:1.12.2, MrCrayfish's Furniture Mod:6.3.1, Potion Fingers:r1.0-8, RPG-Hud:3.6.6.2, Smooth Font Core:mc1.12.2-2.1.3, Smooth Font:mc1.12.2-2.1.3, Varied Commodities:1.12.2, WorldEdit:6.1.10-SNAPSHOT, ptrmodellib:1.0.4
NOW: AutoRegLib:1.3-31, Baublelicious:1.4.0-4, Baubles:1.5.2, Bring me the rings!:0.4, Chunk Animator:1.2, CustomNPCs Fix:1.2.2.6, CustomNPCs:1.12, CustomSkinLoader:14.9, Damage Indicators Mod:1.0, Decocraft:2.6.3, Earraylate Mod:1.0, Electroblob's Wizardry:4.3.7, Forge Mod Loader:8.0.99.99, I18n Update Mod:1.12.2-1.1.0, Infinity Item Editor:0.15, JourneyMap:1.12.2-5.5.4, Minecraft Coder Pack:9.42, Minecraft Forge:14.23.5.2847, Minecraft:1.12.2, MrCrayfish's Furniture Mod:6.3.1, Potion Fingers:r1.0-8, RPG-Hud:3.6.6.2, Smooth Font Core:mc1.12.2-2.1.3, Smooth Font:mc1.12.2-2.1.3, Varied Commodities:1.12.2, WorldEdit:6.1.10-SNAPSHOT, Xaero's Minimap:20.6.0, XaeroMinimapCore:1.12.2-1.0, ptrmodellib:1.0.4
[17:17:24] [Client thread/INFO] [ColorPalette] Color palette file generated for 0 blockstates in 10ms for: D:\Users\Administrator\Documents\Github\DreamBorderX-Earraylate-RPG\利雷特大陆RPG\.minecraft\versions\测试版本\journeymap\colorpalette.json
[17:17:24] [Client thread/INFO] [ColorManager] Updated color palette for 1586 blockstates in 631ms: D:\Users\Administrator\Documents\Github\DreamBorderX-Earraylate-RPG\利雷特大陆RPG\.minecraft\versions\测试版本\journeymap\colorpalette.json
[17:18:20] [Client thread/INFO] [TopoRenderer] Loading journeymap.topo.config
[17:18:21] [Client thread/INFO] [WaypointStore] Loaded 6 waypoints from d:\Users\Administrator\Documents\Github\DreamBorderX-Earraylate-RPG\利雷特大陆RPG\.minecraft\versions\测试版本\journeymap\data\sp\~\waypoints
[17:18:21] [Client thread/INFO] [JourneymapClient] Mapping started in d:\Users\Administrator\Documents\Github\DreamBorderX-Earraylate-RPG\利雷特大陆RPG\.minecraft\versions\测试版本\journeymap\data\sp\~\DIM0. Memory: 4096MB total, 1669MB free 
[17:18:21] [Client thread/INFO] [ChatLog] 旅行地图： 按下[J]键
[17:23:14] [Client thread/INFO] [JourneymapClient] Mapping halted in d:\Users\Administrator\Documents\Github\DreamBorderX-Earraylate-RPG\利雷特大陆RPG\.minecraft\versions\测试版本\journeymap\data\sp\~\DIM0
