[13:22:15] [main/INFO]: LiteLoader 1.12.2 starting up...
[13:22:15] [main/INFO]: Active Pack: 1.12.2-SNAPSHOT-r4CC2BB0-b4-4
[13:22:15] [main/INFO]: Java reports OS="windows 7"
[13:22:15] [main/INFO]: Adding supported mod class prefix 'LiteMod'
[13:22:15] [main/INFO]: Enumerating class path...
[13:22:15] [main/INFO]: Class path separator=";"
[13:22:15] [main/INFO]: Class path entries=(
   classpathEntry=F:\Game\尓利雷特大陆RPG0.0.1\.minecraft\libraries\net\minecraft\launchwrapper\1.12\launchwrapper-1.12.jar
   classpathEntry=F:\Game\尓利雷特大陆RPG0.0.1\.minecraft\libraries\org\ow2\asm\asm-all\5.2\asm-all-5.2.jar
   classpathEntry=F:\Game\尓利雷特大陆RPG0.0.1\.minecraft\libraries\com\mumfrey\liteloader\1.12.2-20171128.144431-4\liteloader-1.12.2-20171128.144431-4.jar
   classpathEntry=F:\Game\尓利雷特大陆RPG0.0.1\.minecraft\libraries\net\minecraftforge\forge\1.12.2-14.23.5.2847\forge-1.12.2-14.23.5.2847.jar
   classpathEntry=F:\Game\尓利雷特大陆RPG0.0.1\.minecraft\libraries\org\jline\jline\3.5.1\jline-3.5.1.jar
   classpathEntry=F:\Game\尓利雷特大陆RPG0.0.1\.minecraft\libraries\net\java\dev\jna\jna\4.4.0\jna-4.4.0.jar
   classpathEntry=F:\Game\尓利雷特大陆RPG0.0.1\.minecraft\libraries\com\typesafe\akka\akka-actor_2.11\2.3.3\akka-actor_2.11-2.3.3.jar
   classpathEntry=F:\Game\尓利雷特大陆RPG0.0.1\.minecraft\libraries\com\typesafe\config\1.2.1\config-1.2.1.jar
   classpathEntry=F:\Game\尓利雷特大陆RPG0.0.1\.minecraft\libraries\org\scala-lang\scala-actors-migration_2.11\1.1.0\scala-actors-migration_2.11-1.1.0.jar
   classpathEntry=F:\Game\尓利雷特大陆RPG0.0.1\.minecraft\libraries\org\scala-lang\scala-compiler\2.11.1\scala-compiler-2.11.1.jar
   classpathEntry=F:\Game\尓利雷特大陆RPG0.0.1\.minecraft\libraries\org\scala-lang\plugins\scala-continuations-library_2.11\1.0.2\scala-continuations-library_2.11-1.0.2.jar
   classpathEntry=F:\Game\尓利雷特大陆RPG0.0.1\.minecraft\libraries\org\scala-lang\plugins\scala-continuations-plugin_2.11.1\1.0.2\scala-continuations-plugin_2.11.1-1.0.2.jar
   classpathEntry=F:\Game\尓利雷特大陆RPG0.0.1\.minecraft\libraries\org\scala-lang\scala-library\2.11.1\scala-library-2.11.1.jar
   classpathEntry=F:\Game\尓利雷特大陆RPG0.0.1\.minecraft\libraries\org\scala-lang\scala-parser-combinators_2.11\1.0.1\scala-parser-combinators_2.11-1.0.1.jar
   classpathEntry=F:\Game\尓利雷特大陆RPG0.0.1\.minecraft\libraries\org\scala-lang\scala-reflect\2.11.1\scala-reflect-2.11.1.jar
   classpathEntry=F:\Game\尓利雷特大陆RPG0.0.1\.minecraft\libraries\org\scala-lang\scala-swing_2.11\1.0.1\scala-swing_2.11-1.0.1.jar
   classpathEntry=F:\Game\尓利雷特大陆RPG0.0.1\.minecraft\libraries\org\scala-lang\scala-xml_2.11\1.0.2\scala-xml_2.11-1.0.2.jar
   classpathEntry=F:\Game\尓利雷特大陆RPG0.0.1\.minecraft\libraries\lzma\lzma\0.0.1\lzma-0.0.1.jar
   classpathEntry=F:\Game\尓利雷特大陆RPG0.0.1\.minecraft\libraries\net\sf\jopt-simple\jopt-simple\5.0.3\jopt-simple-5.0.3.jar
   classpathEntry=F:\Game\尓利雷特大陆RPG0.0.1\.minecraft\libraries\java3d\vecmath\1.5.2\vecmath-1.5.2.jar
   classpathEntry=F:\Game\尓利雷特大陆RPG0.0.1\.minecraft\libraries\net\sf\trove4j\trove4j\3.0.3\trove4j-3.0.3.jar
   classpathEntry=F:\Game\尓利雷特大陆RPG0.0.1\.minecraft\libraries\org\apache\maven\maven-artifact\3.5.3\maven-artifact-3.5.3.jar
   classpathEntry=F:\Game\尓利雷特大陆RPG0.0.1\.minecraft\libraries\com\mojang\patchy\1.1\patchy-1.1.jar
   classpathEntry=F:\Game\尓利雷特大陆RPG0.0.1\.minecraft\libraries\oshi-project\oshi-core\1.1\oshi-core-1.1.jar
   classpathEntry=F:\Game\尓利雷特大陆RPG0.0.1\.minecraft\libraries\net\java\dev\jna\platform\3.4.0\platform-3.4.0.jar
   classpathEntry=F:\Game\尓利雷特大陆RPG0.0.1\.minecraft\libraries\com\ibm\icu\icu4j-core-mojang\51.2\icu4j-core-mojang-51.2.jar
   classpathEntry=F:\Game\尓利雷特大陆RPG0.0.1\.minecraft\libraries\com\paulscode\codecjorbis\20101023\codecjorbis-20101023.jar
   classpathEntry=F:\Game\尓利雷特大陆RPG0.0.1\.minecraft\libraries\com\paulscode\codecwav\20101023\codecwav-20101023.jar
   classpathEntry=F:\Game\尓利雷特大陆RPG0.0.1\.minecraft\libraries\com\paulscode\libraryjavasound\20101123\libraryjavasound-20101123.jar
   classpathEntry=F:\Game\尓利雷特大陆RPG0.0.1\.minecraft\libraries\com\paulscode\librarylwjglopenal\20100824\librarylwjglopenal-20100824.jar
   classpathEntry=F:\Game\尓利雷特大陆RPG0.0.1\.minecraft\libraries\com\paulscode\soundsystem\20120107\soundsystem-20120107.jar
   classpathEntry=F:\Game\尓利雷特大陆RPG0.0.1\.minecraft\libraries\io\netty\netty-all\4.1.9.Final\netty-all-4.1.9.Final.jar
   classpathEntry=F:\Game\尓利雷特大陆RPG0.0.1\.minecraft\libraries\com\google\guava\guava\21.0\guava-21.0.jar
   classpathEntry=F:\Game\尓利雷特大陆RPG0.0.1\.minecraft\libraries\org\apache\commons\commons-lang3\3.5\commons-lang3-3.5.jar
   classpathEntry=F:\Game\尓利雷特大陆RPG0.0.1\.minecraft\libraries\commons-io\commons-io\2.5\commons-io-2.5.jar
   classpathEntry=F:\Game\尓利雷特大陆RPG0.0.1\.minecraft\libraries\commons-codec\commons-codec\1.10\commons-codec-1.10.jar
   classpathEntry=F:\Game\尓利雷特大陆RPG0.0.1\.minecraft\libraries\net\java\jinput\jinput\2.0.5\jinput-2.0.5.jar
   classpathEntry=F:\Game\尓利雷特大陆RPG0.0.1\.minecraft\libraries\net\java\jutils\jutils\1.0.0\jutils-1.0.0.jar
   classpathEntry=F:\Game\尓利雷特大陆RPG0.0.1\.minecraft\libraries\com\google\code\gson\gson\2.8.0\gson-2.8.0.jar
   classpathEntry=F:\Game\尓利雷特大陆RPG0.0.1\.minecraft\libraries\com\mojang\authlib\1.5.25\authlib-1.5.25.jar
   classpathEntry=F:\Game\尓利雷特大陆RPG0.0.1\.minecraft\libraries\com\mojang\realms\1.10.22\realms-1.10.22.jar
   classpathEntry=F:\Game\尓利雷特大陆RPG0.0.1\.minecraft\libraries\org\apache\commons\commons-compress\1.8.1\commons-compress-1.8.1.jar
   classpathEntry=F:\Game\尓利雷特大陆RPG0.0.1\.minecraft\libraries\org\apache\httpcomponents\httpclient\4.3.3\httpclient-4.3.3.jar
   classpathEntry=F:\Game\尓利雷特大陆RPG0.0.1\.minecraft\libraries\commons-logging\commons-logging\1.1.3\commons-logging-1.1.3.jar
   classpathEntry=F:\Game\尓利雷特大陆RPG0.0.1\.minecraft\libraries\org\apache\httpcomponents\httpcore\4.3.2\httpcore-4.3.2.jar
   classpathEntry=F:\Game\尓利雷特大陆RPG0.0.1\.minecraft\libraries\it\unimi\dsi\fastutil\7.1.0\fastutil-7.1.0.jar
   classpathEntry=F:\Game\尓利雷特大陆RPG0.0.1\.minecraft\libraries\org\apache\logging\log4j\log4j-api\2.8.1\log4j-api-2.8.1.jar
   classpathEntry=F:\Game\尓利雷特大陆RPG0.0.1\.minecraft\libraries\org\apache\logging\log4j\log4j-core\2.8.1\log4j-core-2.8.1.jar
   classpathEntry=F:\Game\尓利雷特大陆RPG0.0.1\.minecraft\libraries\org\lwjgl\lwjgl\lwjgl\2.9.4-nightly-20150209\lwjgl-2.9.4-nightly-20150209.jar
   classpathEntry=F:\Game\尓利雷特大陆RPG0.0.1\.minecraft\libraries\org\lwjgl\lwjgl\lwjgl_util\2.9.4-nightly-20150209\lwjgl_util-2.9.4-nightly-20150209.jar
   classpathEntry=F:\Game\尓利雷特大陆RPG0.0.1\.minecraft\libraries\com\mojang\text2speech\1.10.3\text2speech-1.10.3.jar
   classpathEntry=F:\Game\尓利雷特大陆RPG0.0.1\.minecraft\versions\尓利雷特大陆\尓利雷特大陆.jar
)
[13:22:15] [main/INFO]: Registering discovery module EnumeratorModuleClassPath: [<Java Class Path>]
[13:22:15] [main/INFO]: Registering discovery module EnumeratorModuleFolder: [F:\Game\尓利雷特大陆RPG0.0.1\.minecraft\mods]
[13:22:15] [main/INFO]: Registering discovery module EnumeratorModuleFolder: [F:\Game\尓利雷特大陆RPG0.0.1\.minecraft\mods\1.12.2]
[13:22:15] [main/INFO]: Registering enumerator plugin DefaultEnumeratorPlugin: [com.mumfrey.liteloader.core.api.DefaultEnumeratorPlugin@420745d7]
[13:22:15] [main/INFO]: Discovering valid mod files in folder F:\Game\尓利雷特大陆RPG0.0.1\.minecraft\mods
[13:22:15] [main/INFO]: Inspecting jar metadata in '作者MOD-创世神-worldedit-forge-mc1.12.2-6.1.10-SNAPSHOT-dist.jar'
[13:22:15] [main/INFO]: Ignoring F:\Game\尓利雷特大陆RPG0.0.1\.minecraft\mods\作者MOD-创世神-worldedit-forge-mc1.12.2-6.1.10-SNAPSHOT-dist.jar
[13:22:15] [main/INFO]: Inspecting jar metadata in '前置MOD-PTRLib-1.0.4.jar'
[13:22:15] [main/INFO]: Ignoring F:\Game\尓利雷特大陆RPG0.0.1\.minecraft\mods\前置MOD-PTRLib-1.0.4.jar
[13:22:15] [main/INFO]: Inspecting jar metadata in '可选MOD-RPGHUD-[1.12]+RPG-HUD-3.6.6.2.jar'
[13:22:15] [main/INFO]: Ignoring F:\Game\尓利雷特大陆RPG0.0.1\.minecraft\mods\可选MOD-RPGHUD-[1.12]+RPG-HUD-3.6.6.2.jar
[13:22:15] [main/INFO]: Considering valid mod file: F:\Game\尓利雷特大陆RPG0.0.1\.minecraft\mods\可选MOD-小地图-需要Liteload-mod_voxelMap_1.7.1_for_1.12.2.litemod
[13:22:15] [main/INFO]: Inspecting jar metadata in '可选MOD-血条&伤害显示-[1.12.2]DamageIndicatorsMod-3.5.1.jar'
[13:22:15] [main/INFO]: Ignoring F:\Game\尓利雷特大陆RPG0.0.1\.minecraft\mods\可选MOD-血条&伤害显示-[1.12.2]DamageIndicatorsMod-3.5.1.jar
[13:22:15] [main/INFO]: Inspecting jar metadata in '核心MOD-家具-furniture-6.3.1-1.12.2.jar'
[13:22:15] [main/INFO]: Ignoring F:\Game\尓利雷特大陆RPG0.0.1\.minecraft\mods\核心MOD-家具-furniture-6.3.1-1.12.2.jar
[13:22:15] [main/INFO]: Inspecting jar metadata in '核心MOD-更多装饰-Decocraft-2.6.3_1.12.2.jar'
[13:22:15] [main/INFO]: Ignoring F:\Game\尓利雷特大陆RPG0.0.1\.minecraft\mods\核心MOD-更多装饰-Decocraft-2.6.3_1.12.2.jar
[13:22:15] [main/INFO]: Inspecting jar metadata in '核心MOD-自定义NPC-CustomNPCs_1.12.2-(01Oct19).jar'
[13:22:15] [main/INFO]: Ignoring F:\Game\尓利雷特大陆RPG0.0.1\.minecraft\mods\核心MOD-自定义NPC-CustomNPCs_1.12.2-(01Oct19).jar
[13:22:15] [main/INFO]: Inspecting jar metadata in '核心MOD-自定义NPC附属-VariedCommodities_1.12.2(21nov19).jar'
[13:22:15] [main/INFO]: Ignoring F:\Game\尓利雷特大陆RPG0.0.1\.minecraft\mods\核心MOD-自定义NPC附属-VariedCommodities_1.12.2(21nov19).jar
[13:22:15] [main/INFO]: Discovering valid mod files in folder F:\Game\尓利雷特大陆RPG0.0.1\.minecraft\mods\1.12.2
[13:22:15] [main/INFO]: Discovering tweaks on class path...
[13:22:15] [main/INFO]: Baking listener list for EnumerationObserver with 1 listeners
[13:22:15] [main/INFO]: Registering discovered mod files in folder F:\Game\尓利雷特大陆RPG0.0.1\.minecraft\mods
[13:22:15] [main/INFO]: Adding newest valid mod file 'F:\Game\尓利雷特大陆RPG0.0.1\.minecraft\mods\可选MOD-小地图-需要Liteload-mod_voxelMap_1.7.1_for_1.12.2.litemod' at revision 1701.0000
[13:22:15] [main/INFO]: Registering discovered mod files in folder F:\Game\尓利雷特大陆RPG0.0.1\.minecraft\mods\1.12.2
[13:22:15] [main/INFO]: Registering mixin config mixins.oldnorth.json for 可选MOD-小地图-需要Liteload-mod_voxelMap_1.7.1_for_1.12.2.litemod
[13:22:15] [main/INFO]: Registering mixin config mixins.voxelmap.json for 可选MOD-小地图-需要Liteload-mod_voxelMap_1.7.1_for_1.12.2.litemod
[13:22:15] [main/INFO]: Initialising LiteLoader Mixins
[13:22:15] [main/INFO]: LiteLoader PREINIT complete
[13:22:17] [main/INFO]: FML detected, switching to searge mappings
[13:22:21] [Client thread/INFO]: Generating new Event Handler Proxy Class com.mumfrey.liteloader.core.event.EventProxy
[13:22:21] [Client thread/INFO]: Successfully generated event handler proxy class with 0 handlers(s) and 0 total invocations
[13:22:44] [Client thread/INFO]: JInput Component Registry is initialising...
[13:22:44] [Client thread/INFO]: Inspecting Keyboard controller HID Keyboard Device on Unknown...
[13:22:44] [Client thread/INFO]: Inspecting Mouse controller HID-compliant mouse on Unknown...
[13:22:44] [Client thread/INFO]: Inspecting Unknown controller USB Receiver on Unknown...
[13:22:44] [Client thread/INFO]: Inspecting Unknown controller USB Receiver on Unknown...
[13:22:44] [Client thread/INFO]: Inspecting Unknown controller USB Receiver on Unknown...
[13:22:44] [Client thread/INFO]: Inspecting Unknown controller USB Receiver on Unknown...
[13:22:44] [Client thread/INFO]: Inspecting Unknown controller BBC micro:bit CMSIS-DAP on Unknown...
[13:22:44] [Client thread/INFO]: JInput Component Registry initialised, found 7 controller(s) 167 component(s)
[13:22:44] [Client thread/INFO]: LiteLoader begin INIT...
[13:22:44] [Client thread/INFO]: Baking listener list for CoreProvider with 2 listeners
[13:22:44] [Client thread/INFO]: Injecting external mods into class path...
[13:22:44] [Client thread/INFO]: Injecting external mods into class path...
[13:22:44] [Client thread/INFO]: Discovering mods on class path...
[13:22:44] [Client thread/INFO]: Searching F:\Game\尓利雷特大陆RPG0.0.1\.minecraft\libraries\net\minecraft\launchwrapper\1.12\launchwrapper-1.12.jar...
[13:22:44] [Client thread/INFO]: Searching F:\Game\尓利雷特大陆RPG0.0.1\.minecraft\libraries\org\ow2\asm\asm-all\5.2\asm-all-5.2.jar...
[13:22:44] [Client thread/INFO]: Searching F:\Game\尓利雷特大陆RPG0.0.1\.minecraft\libraries\com\mumfrey\liteloader\1.12.2-20171128.144431-4\liteloader-1.12.2-20171128.144431-4.jar...
[13:22:44] [Client thread/INFO]: Searching F:\Game\尓利雷特大陆RPG0.0.1\.minecraft\libraries\net\minecraftforge\forge\1.12.2-14.23.5.2847\forge-1.12.2-14.23.5.2847.jar...
[13:22:44] [Client thread/INFO]: Searching F:\Game\尓利雷特大陆RPG0.0.1\.minecraft\libraries\org\jline\jline\3.5.1\jline-3.5.1.jar...
[13:22:44] [Client thread/INFO]: Searching F:\Game\尓利雷特大陆RPG0.0.1\.minecraft\libraries\net\java\dev\jna\jna\4.4.0\jna-4.4.0.jar...
[13:22:44] [Client thread/INFO]: Searching F:\Game\尓利雷特大陆RPG0.0.1\.minecraft\libraries\com\typesafe\akka\akka-actor_2.11\2.3.3\akka-actor_2.11-2.3.3.jar...
[13:22:44] [Client thread/INFO]: Searching F:\Game\尓利雷特大陆RPG0.0.1\.minecraft\libraries\com\typesafe\config\1.2.1\config-1.2.1.jar...
[13:22:44] [Client thread/INFO]: Searching F:\Game\尓利雷特大陆RPG0.0.1\.minecraft\libraries\org\scala-lang\scala-actors-migration_2.11\1.1.0\scala-actors-migration_2.11-1.1.0.jar...
[13:22:44] [Client thread/INFO]: Searching F:\Game\尓利雷特大陆RPG0.0.1\.minecraft\libraries\org\scala-lang\scala-compiler\2.11.1\scala-compiler-2.11.1.jar...
[13:22:44] [Client thread/INFO]: Searching F:\Game\尓利雷特大陆RPG0.0.1\.minecraft\libraries\org\scala-lang\plugins\scala-continuations-library_2.11\1.0.2\scala-continuations-library_2.11-1.0.2.jar...
[13:22:44] [Client thread/INFO]: Searching F:\Game\尓利雷特大陆RPG0.0.1\.minecraft\libraries\org\scala-lang\plugins\scala-continuations-plugin_2.11.1\1.0.2\scala-continuations-plugin_2.11.1-1.0.2.jar...
[13:22:44] [Client thread/INFO]: Searching F:\Game\尓利雷特大陆RPG0.0.1\.minecraft\libraries\org\scala-lang\scala-library\2.11.1\scala-library-2.11.1.jar...
[13:22:44] [Client thread/INFO]: Searching F:\Game\尓利雷特大陆RPG0.0.1\.minecraft\libraries\org\scala-lang\scala-parser-combinators_2.11\1.0.1\scala-parser-combinators_2.11-1.0.1.jar...
[13:22:44] [Client thread/INFO]: Searching F:\Game\尓利雷特大陆RPG0.0.1\.minecraft\libraries\org\scala-lang\scala-reflect\2.11.1\scala-reflect-2.11.1.jar...
[13:22:44] [Client thread/INFO]: Searching F:\Game\尓利雷特大陆RPG0.0.1\.minecraft\libraries\org\scala-lang\scala-swing_2.11\1.0.1\scala-swing_2.11-1.0.1.jar...
[13:22:44] [Client thread/INFO]: Searching F:\Game\尓利雷特大陆RPG0.0.1\.minecraft\libraries\org\scala-lang\scala-xml_2.11\1.0.2\scala-xml_2.11-1.0.2.jar...
[13:22:44] [Client thread/INFO]: Searching F:\Game\尓利雷特大陆RPG0.0.1\.minecraft\libraries\lzma\lzma\0.0.1\lzma-0.0.1.jar...
[13:22:44] [Client thread/INFO]: Searching F:\Game\尓利雷特大陆RPG0.0.1\.minecraft\libraries\net\sf\jopt-simple\jopt-simple\5.0.3\jopt-simple-5.0.3.jar...
[13:22:44] [Client thread/INFO]: Searching F:\Game\尓利雷特大陆RPG0.0.1\.minecraft\libraries\java3d\vecmath\1.5.2\vecmath-1.5.2.jar...
[13:22:44] [Client thread/INFO]: Searching F:\Game\尓利雷特大陆RPG0.0.1\.minecraft\libraries\net\sf\trove4j\trove4j\3.0.3\trove4j-3.0.3.jar...
[13:22:44] [Client thread/INFO]: Searching F:\Game\尓利雷特大陆RPG0.0.1\.minecraft\libraries\org\apache\maven\maven-artifact\3.5.3\maven-artifact-3.5.3.jar...
[13:22:44] [Client thread/INFO]: Searching F:\Game\尓利雷特大陆RPG0.0.1\.minecraft\libraries\com\mojang\patchy\1.1\patchy-1.1.jar...
[13:22:44] [Client thread/INFO]: Searching F:\Game\尓利雷特大陆RPG0.0.1\.minecraft\libraries\oshi-project\oshi-core\1.1\oshi-core-1.1.jar...
[13:22:44] [Client thread/INFO]: Searching F:\Game\尓利雷特大陆RPG0.0.1\.minecraft\libraries\net\java\dev\jna\platform\3.4.0\platform-3.4.0.jar...
[13:22:44] [Client thread/INFO]: Searching F:\Game\尓利雷特大陆RPG0.0.1\.minecraft\libraries\com\ibm\icu\icu4j-core-mojang\51.2\icu4j-core-mojang-51.2.jar...
[13:22:44] [Client thread/INFO]: Searching F:\Game\尓利雷特大陆RPG0.0.1\.minecraft\libraries\com\paulscode\codecjorbis\20101023\codecjorbis-20101023.jar...
[13:22:44] [Client thread/INFO]: Searching F:\Game\尓利雷特大陆RPG0.0.1\.minecraft\libraries\com\paulscode\codecwav\20101023\codecwav-20101023.jar...
[13:22:44] [Client thread/INFO]: Searching F:\Game\尓利雷特大陆RPG0.0.1\.minecraft\libraries\com\paulscode\libraryjavasound\20101123\libraryjavasound-20101123.jar...
[13:22:44] [Client thread/INFO]: Searching F:\Game\尓利雷特大陆RPG0.0.1\.minecraft\libraries\com\paulscode\librarylwjglopenal\20100824\librarylwjglopenal-20100824.jar...
[13:22:44] [Client thread/INFO]: Searching F:\Game\尓利雷特大陆RPG0.0.1\.minecraft\libraries\com\paulscode\soundsystem\20120107\soundsystem-20120107.jar...
[13:22:44] [Client thread/INFO]: Searching F:\Game\尓利雷特大陆RPG0.0.1\.minecraft\libraries\io\netty\netty-all\4.1.9.Final\netty-all-4.1.9.Final.jar...
[13:22:44] [Client thread/INFO]: Searching F:\Game\尓利雷特大陆RPG0.0.1\.minecraft\libraries\com\google\guava\guava\21.0\guava-21.0.jar...
[13:22:44] [Client thread/INFO]: Searching F:\Game\尓利雷特大陆RPG0.0.1\.minecraft\libraries\org\apache\commons\commons-lang3\3.5\commons-lang3-3.5.jar...
[13:22:44] [Client thread/INFO]: Searching F:\Game\尓利雷特大陆RPG0.0.1\.minecraft\libraries\commons-io\commons-io\2.5\commons-io-2.5.jar...
[13:22:44] [Client thread/INFO]: Searching F:\Game\尓利雷特大陆RPG0.0.1\.minecraft\libraries\commons-codec\commons-codec\1.10\commons-codec-1.10.jar...
[13:22:44] [Client thread/INFO]: Searching F:\Game\尓利雷特大陆RPG0.0.1\.minecraft\libraries\net\java\jinput\jinput\2.0.5\jinput-2.0.5.jar...
[13:22:44] [Client thread/INFO]: Searching F:\Game\尓利雷特大陆RPG0.0.1\.minecraft\libraries\net\java\jutils\jutils\1.0.0\jutils-1.0.0.jar...
[13:22:44] [Client thread/INFO]: Searching F:\Game\尓利雷特大陆RPG0.0.1\.minecraft\libraries\com\google\code\gson\gson\2.8.0\gson-2.8.0.jar...
[13:22:44] [Client thread/INFO]: Searching F:\Game\尓利雷特大陆RPG0.0.1\.minecraft\libraries\com\mojang\authlib\1.5.25\authlib-1.5.25.jar...
[13:22:44] [Client thread/INFO]: Searching F:\Game\尓利雷特大陆RPG0.0.1\.minecraft\libraries\com\mojang\realms\1.10.22\realms-1.10.22.jar...
[13:22:44] [Client thread/INFO]: Searching F:\Game\尓利雷特大陆RPG0.0.1\.minecraft\libraries\org\apache\commons\commons-compress\1.8.1\commons-compress-1.8.1.jar...
[13:22:44] [Client thread/INFO]: Searching F:\Game\尓利雷特大陆RPG0.0.1\.minecraft\libraries\org\apache\httpcomponents\httpclient\4.3.3\httpclient-4.3.3.jar...
[13:22:44] [Client thread/INFO]: Searching F:\Game\尓利雷特大陆RPG0.0.1\.minecraft\libraries\commons-logging\commons-logging\1.1.3\commons-logging-1.1.3.jar...
[13:22:44] [Client thread/INFO]: Searching F:\Game\尓利雷特大陆RPG0.0.1\.minecraft\libraries\org\apache\httpcomponents\httpcore\4.3.2\httpcore-4.3.2.jar...
[13:22:44] [Client thread/INFO]: Searching F:\Game\尓利雷特大陆RPG0.0.1\.minecraft\libraries\it\unimi\dsi\fastutil\7.1.0\fastutil-7.1.0.jar...
[13:22:44] [Client thread/INFO]: Searching F:\Game\尓利雷特大陆RPG0.0.1\.minecraft\libraries\org\apache\logging\log4j\log4j-api\2.8.1\log4j-api-2.8.1.jar...
[13:22:44] [Client thread/INFO]: Searching F:\Game\尓利雷特大陆RPG0.0.1\.minecraft\libraries\org\apache\logging\log4j\log4j-core\2.8.1\log4j-core-2.8.1.jar...
[13:22:44] [Client thread/INFO]: Searching F:\Game\尓利雷特大陆RPG0.0.1\.minecraft\libraries\org\lwjgl\lwjgl\lwjgl\2.9.4-nightly-20150209\lwjgl-2.9.4-nightly-20150209.jar...
[13:22:44] [Client thread/INFO]: Searching F:\Game\尓利雷特大陆RPG0.0.1\.minecraft\libraries\org\lwjgl\lwjgl\lwjgl_util\2.9.4-nightly-20150209\lwjgl_util-2.9.4-nightly-20150209.jar...
[13:22:44] [Client thread/INFO]: Searching F:\Game\尓利雷特大陆RPG0.0.1\.minecraft\libraries\com\mojang\text2speech\1.10.3\text2speech-1.10.3.jar...
[13:22:44] [Client thread/INFO]: Searching F:\Game\尓利雷特大陆RPG0.0.1\.minecraft\versions\尓利雷特大陆\尓利雷特大陆.jar...
[13:22:44] [Client thread/INFO]: Discovering mods in valid mod files...
[13:22:44] [Client thread/INFO]: Searching F:\Game\尓利雷特大陆RPG0.0.1\.minecraft\mods\可选MOD-小地图-需要Liteload-mod_voxelMap_1.7.1_for_1.12.2.litemod...
[13:22:44] [Client thread/INFO]: Found 1 potential matches
[13:22:44] [Client thread/INFO]: Discovering mods in valid mod files...
[13:22:44] [Client thread/INFO]: Mod class discovery completed
[13:22:44] [Client thread/INFO]: LiteLoader begin POSTINIT...
[13:22:44] [Client thread/INFO]: Inhibiting sound handler reload
[13:22:44] [Client thread/INFO]: Registering interface provider com.mumfrey.liteloader.client.LiteLoaderEventBrokerClient for API LiteLoader core API
[13:22:44] [Client thread/INFO]: Registering interface provider com.mumfrey.liteloader.client.PacketEventsClient for API LiteLoader core API
[13:22:44] [Client thread/INFO]: Registering interface provider com.mumfrey.liteloader.client.ClientPluginChannelsClient for API LiteLoader core API
[13:22:44] [Client thread/INFO]: Registering interface provider com.mumfrey.liteloader.core.ServerPluginChannels for API LiteLoader core API
[13:22:44] [Client thread/INFO]: Registering interface provider com.mumfrey.liteloader.messaging.MessageBus for API LiteLoader core API
[13:22:44] [Client thread/INFO]: Discovered 1 total mod(s), injected 0 tweak(s)
[13:22:44] [Client thread/INFO]: Loading mod from com.mamiyaotaru.voxelmap.litemod.LiteModVoxelMap
[13:22:44] [Client thread/INFO]: Baking listener list for ModLoadObserver with 1 listeners
[13:22:44] [Client thread/INFO]: Successfully added mod VoxelMap version 1.7.1
[13:22:44] [Client thread/INFO]: Adding "F:\Game\尓利雷特大陆RPG0.0.1\.minecraft\mods\可选MOD-小地图-需要Liteload-mod_voxelMap_1.7.1_for_1.12.2.litemod" to active resource pack set
[13:22:44] [Client thread/INFO]: Setting up "可选MOD-小地图-需要Liteload-mod_voxelMap_1.7.1_for_1.12.2.litemod" as mod resource pack with identifier "VoxelMap"
[13:22:44] [Client thread/INFO]: Successfully added "F:\Game\尓利雷特大陆RPG0.0.1\.minecraft\mods\可选MOD-小地图-需要Liteload-mod_voxelMap_1.7.1_for_1.12.2.litemod" to active resource pack set
[13:22:44] [Client thread/INFO]: Initialising mod VoxelMap version 1.7.1
[13:22:44] [Client thread/INFO]: Baking listener list for InterfaceObserver with 0 listeners
[13:22:55] [Client thread/INFO]: Calling late init for mod VoxelMap
[13:22:56] [Client thread/INFO]: Baking listener list for ViewportListener with 0 listeners
[13:22:56] [Client thread/INFO]: Sound handler reload inhibit removed
[13:22:56] [Client thread/INFO]: Reloading sound handler
[13:22:57] [Client thread/INFO]: Baking listener list for GameLoopListener with 0 listeners
[13:22:57] [Client thread/INFO]: Baking listener list for RenderListener with 1 listeners
[13:22:57] [Client thread/INFO]: Baking listener list for TickObserver with 3 listeners
[13:22:57] [Client thread/INFO]: Baking listener list for PostRenderObserver with 3 listeners
[13:22:57] [Client thread/INFO]: Baking listener list for Tickable with 1 listeners
[13:22:57] [Client thread/INFO]: Baking listener list for FrameBufferListener with 0 listeners
[13:27:10] [Client thread/INFO]: LiteLoader is shutting down, shutting down core providers and syncing configuration
[13:27:10] [Client thread/INFO]: Baking listener list for ShutdownObserver with 3 listeners
