Logging started at 2023-06-17T06:40:08.158787600Z
[authlib-injector] [INFO] Version: 1.2.3
[authlib-injector] [INFO] Authentication server: https://littleskin.cn/api/yggdrasil/
[authlib-injector] [INFO] Transformed [net.minecraft.client.main.Main] with [Main Arguments Transformer]
[authlib-injector] [INFO] Setting accountType to msa
[authlib-injector] [INFO] Httpd is running on port 8027
[authlib-injector] [INFO] Transformed [net.minecraft.client.entity.player.AbstractClientPlayerEntity] with [Constant URL Transformer]
[authlib-injector] [INFO] Transformed [net.minecraft.client.main.Main] with [Main Arguments Transformer]
[authlib-injector] [INFO] Transformed [com.mojang.authlib.HttpAuthenticationService] with [ConcatenateURL Workaround]
[authlib-injector] [INFO] Transformed [com.mojang.authlib.yggdrasil.YggdrasilEnvironment] with [Constant URL Transformer]
[authlib-injector] [INFO] Transformed [com.mojang.authlib.yggdrasil.YggdrasilMinecraftSessionService] with [Texture Whitelist Transformer]
[authlib-injector] [WARNING] An error occurred while processing request [/https/sessionserver.mojang.com/session/minecraft/profile/84e8de8ef6d94371835b6844cb7ff0e9]
java.io.UncheckedIOException: java.net.ConnectException: Connection timed out: connect
	at moe.yushi.authlibinjector.yggdrasil.YggdrasilClient.queryProfile(YggdrasilClient.java:92)
	at moe.yushi.authlibinjector.httpd.QueryProfileFilter.handle(QueryProfileFilter.java:82)
	at moe.yushi.authlibinjector.httpd.URLProcessor$1.serve(URLProcessor.java:142)
	at moe.yushi.authlibinjector.internal.fi.iki.elonen.HTTPSession.execute(HTTPSession.java:246)
	at moe.yushi.authlibinjector.internal.fi.iki.elonen.NanoHTTPD$ClientHandler.run(NanoHTTPD.java:104)
	at java.base/java.lang.Thread.run(Thread.java:831)
Caused by: java.net.ConnectException: Connection timed out: connect
	at java.base/sun.nio.ch.Net.connect0(Native Method)
	at java.base/sun.nio.ch.Net.connect(Net.java:576)
	at java.base/sun.nio.ch.Net.connect(Net.java:565)
	at java.base/sun.nio.ch.NioSocketImpl.connect(NioSocketImpl.java:588)
	at java.base/java.net.SocksSocketImpl.connect(SocksSocketImpl.java:333)
	at java.base/java.net.Socket.connect(Socket.java:645)
	at java.base/sun.security.ssl.SSLSocketImpl.connect(SSLSocketImpl.java:300)
	at java.base/sun.security.ssl.BaseSSLSocketImpl.connect(BaseSSLSocketImpl.java:174)
	at java.base/sun.net.NetworkClient.doConnect(NetworkClient.java:182)
	at java.base/sun.net.www.http.HttpClient.openServer(HttpClient.java:497)
	at java.base/sun.net.www.http.HttpClient.openServer(HttpClient.java:600)
	at java.base/sun.net.www.protocol.https.HttpsClient.<init>(HttpsClient.java:265)
	at java.base/sun.net.www.protocol.https.HttpsClient.New(HttpsClient.java:379)
	at java.base/sun.net.www.protocol.https.AbstractDelegateHttpsURLConnection.getNewHttpClient(AbstractDelegateHttpsURLConnection.java:189)
	at java.base/sun.net.www.protocol.http.HttpURLConnection.plainConnect0(HttpURLConnection.java:1232)
	at java.base/sun.net.www.protocol.http.HttpURLConnection.plainConnect(HttpURLConnection.java:1120)
	at java.base/sun.net.www.protocol.https.AbstractDelegateHttpsURLConnection.connect(AbstractDelegateHttpsURLConnection.java:175)
	at java.base/sun.net.www.protocol.http.HttpURLConnection.getInputStream0(HttpURLConnection.java:1653)
	at java.base/sun.net.www.protocol.http.HttpURLConnection.getInputStream(HttpURLConnection.java:1577)
	at java.base/sun.net.www.protocol.https.HttpsURLConnectionImpl.getInputStream(HttpsURLConnectionImpl.java:224)
	at moe.yushi.authlibinjector.util.IOUtils.http(IOUtils.java:49)
	at moe.yushi.authlibinjector.yggdrasil.YggdrasilClient.queryProfile(YggdrasilClient.java:90)
	... 5 more

[authlib-injector] [ERROR] Could not send response to the client
java.net.SocketException: 你的主机中的软件中止了一个已建立的连接。
	at java.base/sun.nio.ch.NioSocketImpl.implWrite(NioSocketImpl.java:420)
	at java.base/sun.nio.ch.NioSocketImpl.write(NioSocketImpl.java:440)
	at java.base/sun.nio.ch.NioSocketImpl$2.write(NioSocketImpl.java:826)
	at java.base/java.net.Socket$SocketOutputStream.write(Socket.java:1045)
	at moe.yushi.authlibinjector.internal.fi.iki.elonen.Response.sendBody(Response.java:257)
	at moe.yushi.authlibinjector.internal.fi.iki.elonen.Response.sendBodyWithCorrectTransferAndEncoding(Response.java:230)
	at moe.yushi.authlibinjector.internal.fi.iki.elonen.Response.send(Response.java:195)
	at moe.yushi.authlibinjector.internal.fi.iki.elonen.HTTPSession.execute(HTTPSession.java:266)
	at moe.yushi.authlibinjector.internal.fi.iki.elonen.NanoHTTPD$ClientHandler.run(NanoHTTPD.java:104)
	at java.base/java.lang.Thread.run(Thread.java:831)

[authlib-injector] [INFO] Transformed [com.mojang.authlib.properties.Property] with [Yggdrasil Public Key Transformer]
