[08:54:25] [main/INFO]: LiteLoader 1.12.2 starting up...
[08:54:25] [main/INFO]: Active Pack: 1.12.2-SNAPSHOT-r4CC2BB0-b4-4
[08:54:25] [main/INFO]: Java reports OS="windows 10"
[08:54:25] [main/INFO]: Adding supported mod class prefix 'LiteMod'
[08:54:25] [main/INFO]: Enumerating class path...
[08:54:25] [main/INFO]: Class path separator=";"
[08:54:25] [main/INFO]: Class path entries=(
   classpathEntry=F:\GitHub\DreamBorderX-Earraylate-RPG\尓利雷特大陆RPG\.minecraft\libraries\net\minecraft\launchwrapper\1.12\launchwrapper-1.12.jar
   classpathEntry=F:\GitHub\DreamBorderX-Earraylate-RPG\尓利雷特大陆RPG\.minecraft\libraries\org\ow2\asm\asm-all\5.2\asm-all-5.2.jar
   classpathEntry=F:\GitHub\DreamBorderX-Earraylate-RPG\尓利雷特大陆RPG\.minecraft\libraries\com\mumfrey\liteloader\1.12.2-20171128.144431-4\liteloader-1.12.2-20171128.144431-4.jar
   classpathEntry=F:\GitHub\DreamBorderX-Earraylate-RPG\尓利雷特大陆RPG\.minecraft\libraries\net\minecraftforge\forge\1.12.2-14.23.5.2854\forge-1.12.2-14.23.5.2854.jar
   classpathEntry=F:\GitHub\DreamBorderX-Earraylate-RPG\尓利雷特大陆RPG\.minecraft\libraries\org\ow2\asm\asm-debug-all\5.2\asm-debug-all-5.2.jar
   classpathEntry=F:\GitHub\DreamBorderX-Earraylate-RPG\尓利雷特大陆RPG\.minecraft\libraries\org\jline\jline\3.5.1\jline-3.5.1.jar
   classpathEntry=F:\GitHub\DreamBorderX-Earraylate-RPG\尓利雷特大陆RPG\.minecraft\libraries\com\typesafe\akka\akka-actor_2.11\2.3.3\akka-actor_2.11-2.3.3.jar
   classpathEntry=F:\GitHub\DreamBorderX-Earraylate-RPG\尓利雷特大陆RPG\.minecraft\libraries\com\typesafe\config\1.2.1\config-1.2.1.jar
   classpathEntry=F:\GitHub\DreamBorderX-Earraylate-RPG\尓利雷特大陆RPG\.minecraft\libraries\org\scala-lang\scala-actors-migration_2.11\1.1.0\scala-actors-migration_2.11-1.1.0.jar
   classpathEntry=F:\GitHub\DreamBorderX-Earraylate-RPG\尓利雷特大陆RPG\.minecraft\libraries\org\scala-lang\scala-compiler\2.11.1\scala-compiler-2.11.1.jar
   classpathEntry=F:\GitHub\DreamBorderX-Earraylate-RPG\尓利雷特大陆RPG\.minecraft\libraries\org\scala-lang\plugins\scala-continuations-library_2.11\1.0.2_mc\scala-continuations-library_2.11-1.0.2_mc.jar
   classpathEntry=F:\GitHub\DreamBorderX-Earraylate-RPG\尓利雷特大陆RPG\.minecraft\libraries\org\scala-lang\plugins\scala-continuations-plugin_2.11.1\1.0.2_mc\scala-continuations-plugin_2.11.1-1.0.2_mc.jar
   classpathEntry=F:\GitHub\DreamBorderX-Earraylate-RPG\尓利雷特大陆RPG\.minecraft\libraries\org\scala-lang\scala-library\2.11.1\scala-library-2.11.1.jar
   classpathEntry=F:\GitHub\DreamBorderX-Earraylate-RPG\尓利雷特大陆RPG\.minecraft\libraries\org\scala-lang\scala-parser-combinators_2.11\1.0.1\scala-parser-combinators_2.11-1.0.1.jar
   classpathEntry=F:\GitHub\DreamBorderX-Earraylate-RPG\尓利雷特大陆RPG\.minecraft\libraries\org\scala-lang\scala-reflect\2.11.1\scala-reflect-2.11.1.jar
   classpathEntry=F:\GitHub\DreamBorderX-Earraylate-RPG\尓利雷特大陆RPG\.minecraft\libraries\org\scala-lang\scala-swing_2.11\1.0.1\scala-swing_2.11-1.0.1.jar
   classpathEntry=F:\GitHub\DreamBorderX-Earraylate-RPG\尓利雷特大陆RPG\.minecraft\libraries\org\scala-lang\scala-xml_2.11\1.0.2\scala-xml_2.11-1.0.2.jar
   classpathEntry=F:\GitHub\DreamBorderX-Earraylate-RPG\尓利雷特大陆RPG\.minecraft\libraries\lzma\lzma\0.0.1\lzma-0.0.1.jar
   classpathEntry=F:\GitHub\DreamBorderX-Earraylate-RPG\尓利雷特大陆RPG\.minecraft\libraries\java3d\vecmath\1.5.2\vecmath-1.5.2.jar
   classpathEntry=F:\GitHub\DreamBorderX-Earraylate-RPG\尓利雷特大陆RPG\.minecraft\libraries\net\sf\trove4j\trove4j\3.0.3\trove4j-3.0.3.jar
   classpathEntry=F:\GitHub\DreamBorderX-Earraylate-RPG\尓利雷特大陆RPG\.minecraft\libraries\org\apache\maven\maven-artifact\3.5.3\maven-artifact-3.5.3.jar
   classpathEntry=F:\GitHub\DreamBorderX-Earraylate-RPG\尓利雷特大陆RPG\.minecraft\libraries\net\sf\jopt-simple\jopt-simple\5.0.3\jopt-simple-5.0.3.jar
   classpathEntry=F:\GitHub\DreamBorderX-Earraylate-RPG\尓利雷特大陆RPG\.minecraft\libraries\com\mojang\patchy\1.1\patchy-1.1.jar
   classpathEntry=F:\GitHub\DreamBorderX-Earraylate-RPG\尓利雷特大陆RPG\.minecraft\libraries\oshi-project\oshi-core\1.1\oshi-core-1.1.jar
   classpathEntry=F:\GitHub\DreamBorderX-Earraylate-RPG\尓利雷特大陆RPG\.minecraft\libraries\net\java\dev\jna\jna\4.4.0\jna-4.4.0.jar
   classpathEntry=F:\GitHub\DreamBorderX-Earraylate-RPG\尓利雷特大陆RPG\.minecraft\libraries\net\java\dev\jna\platform\3.4.0\platform-3.4.0.jar
   classpathEntry=F:\GitHub\DreamBorderX-Earraylate-RPG\尓利雷特大陆RPG\.minecraft\libraries\com\ibm\icu\icu4j-core-mojang\51.2\icu4j-core-mojang-51.2.jar
   classpathEntry=F:\GitHub\DreamBorderX-Earraylate-RPG\尓利雷特大陆RPG\.minecraft\libraries\com\paulscode\codecjorbis\20101023\codecjorbis-20101023.jar
   classpathEntry=F:\GitHub\DreamBorderX-Earraylate-RPG\尓利雷特大陆RPG\.minecraft\libraries\com\paulscode\codecwav\20101023\codecwav-20101023.jar
   classpathEntry=F:\GitHub\DreamBorderX-Earraylate-RPG\尓利雷特大陆RPG\.minecraft\libraries\com\paulscode\libraryjavasound\20101123\libraryjavasound-20101123.jar
   classpathEntry=F:\GitHub\DreamBorderX-Earraylate-RPG\尓利雷特大陆RPG\.minecraft\libraries\com\paulscode\librarylwjglopenal\20100824\librarylwjglopenal-20100824.jar
   classpathEntry=F:\GitHub\DreamBorderX-Earraylate-RPG\尓利雷特大陆RPG\.minecraft\libraries\com\paulscode\soundsystem\20120107\soundsystem-20120107.jar
   classpathEntry=F:\GitHub\DreamBorderX-Earraylate-RPG\尓利雷特大陆RPG\.minecraft\libraries\io\netty\netty-all\4.1.9.Final\netty-all-4.1.9.Final.jar
   classpathEntry=F:\GitHub\DreamBorderX-Earraylate-RPG\尓利雷特大陆RPG\.minecraft\libraries\com\google\guava\guava\21.0\guava-21.0.jar
   classpathEntry=F:\GitHub\DreamBorderX-Earraylate-RPG\尓利雷特大陆RPG\.minecraft\libraries\org\apache\commons\commons-lang3\3.5\commons-lang3-3.5.jar
   classpathEntry=F:\GitHub\DreamBorderX-Earraylate-RPG\尓利雷特大陆RPG\.minecraft\libraries\commons-io\commons-io\2.5\commons-io-2.5.jar
   classpathEntry=F:\GitHub\DreamBorderX-Earraylate-RPG\尓利雷特大陆RPG\.minecraft\libraries\commons-codec\commons-codec\1.10\commons-codec-1.10.jar
   classpathEntry=F:\GitHub\DreamBorderX-Earraylate-RPG\尓利雷特大陆RPG\.minecraft\libraries\net\java\jinput\jinput\2.0.5\jinput-2.0.5.jar
   classpathEntry=F:\GitHub\DreamBorderX-Earraylate-RPG\尓利雷特大陆RPG\.minecraft\libraries\net\java\jutils\jutils\1.0.0\jutils-1.0.0.jar
   classpathEntry=F:\GitHub\DreamBorderX-Earraylate-RPG\尓利雷特大陆RPG\.minecraft\libraries\com\google\code\gson\gson\2.8.0\gson-2.8.0.jar
   classpathEntry=F:\GitHub\DreamBorderX-Earraylate-RPG\尓利雷特大陆RPG\.minecraft\libraries\com\mojang\authlib\1.5.25\authlib-1.5.25.jar
   classpathEntry=F:\GitHub\DreamBorderX-Earraylate-RPG\尓利雷特大陆RPG\.minecraft\libraries\com\mojang\realms\1.10.22\realms-1.10.22.jar
   classpathEntry=F:\GitHub\DreamBorderX-Earraylate-RPG\尓利雷特大陆RPG\.minecraft\libraries\org\apache\commons\commons-compress\1.8.1\commons-compress-1.8.1.jar
   classpathEntry=F:\GitHub\DreamBorderX-Earraylate-RPG\尓利雷特大陆RPG\.minecraft\libraries\org\apache\httpcomponents\httpclient\4.3.3\httpclient-4.3.3.jar
   classpathEntry=F:\GitHub\DreamBorderX-Earraylate-RPG\尓利雷特大陆RPG\.minecraft\libraries\commons-logging\commons-logging\1.1.3\commons-logging-1.1.3.jar
   classpathEntry=F:\GitHub\DreamBorderX-Earraylate-RPG\尓利雷特大陆RPG\.minecraft\libraries\org\apache\httpcomponents\httpcore\4.3.2\httpcore-4.3.2.jar
   classpathEntry=F:\GitHub\DreamBorderX-Earraylate-RPG\尓利雷特大陆RPG\.minecraft\libraries\it\unimi\dsi\fastutil\7.1.0\fastutil-7.1.0.jar
   classpathEntry=F:\GitHub\DreamBorderX-Earraylate-RPG\尓利雷特大陆RPG\.minecraft\libraries\org\apache\logging\log4j\log4j-api\2.8.1\log4j-api-2.8.1.jar
   classpathEntry=F:\GitHub\DreamBorderX-Earraylate-RPG\尓利雷特大陆RPG\.minecraft\libraries\org\apache\logging\log4j\log4j-core\2.8.1\log4j-core-2.8.1.jar
   classpathEntry=F:\GitHub\DreamBorderX-Earraylate-RPG\尓利雷特大陆RPG\.minecraft\libraries\org\lwjgl\lwjgl\lwjgl\2.9.4-nightly-20150209\lwjgl-2.9.4-nightly-20150209.jar
   classpathEntry=F:\GitHub\DreamBorderX-Earraylate-RPG\尓利雷特大陆RPG\.minecraft\libraries\org\lwjgl\lwjgl\lwjgl_util\2.9.4-nightly-20150209\lwjgl_util-2.9.4-nightly-20150209.jar
   classpathEntry=F:\GitHub\DreamBorderX-Earraylate-RPG\尓利雷特大陆RPG\.minecraft\libraries\com\mojang\text2speech\1.10.3\text2speech-1.10.3.jar
   classpathEntry=F:\GitHub\DreamBorderX-Earraylate-RPG\尓利雷特大陆RPG\.minecraft\versions\测试版本\测试版本.jar
   classpathEntry=C:\Users\Administrator\AppData\Roaming\.hmcl\authlib-injector.jar
)
[08:54:25] [main/INFO]: Registering discovery module EnumeratorModuleClassPath: [<Java Class Path>]
[08:54:25] [main/INFO]: Registering discovery module EnumeratorModuleFolder: [F:\GitHub\DreamBorderX-Earraylate-RPG\尓利雷特大陆RPG\.minecraft\versions\测试版本\mods]
[08:54:25] [main/INFO]: Registering discovery module EnumeratorModuleFolder: [F:\GitHub\DreamBorderX-Earraylate-RPG\尓利雷特大陆RPG\.minecraft\versions\测试版本\mods\1.12.2]
[08:54:25] [main/INFO]: Registering enumerator plugin DefaultEnumeratorPlugin: [com.mumfrey.liteloader.core.api.DefaultEnumeratorPlugin@68df9280]
[08:54:25] [main/INFO]: Discovering valid mod files in folder F:\GitHub\DreamBorderX-Earraylate-RPG\尓利雷特大陆RPG\.minecraft\versions\测试版本\mods
[08:54:25] [main/INFO]: Inspecting jar metadata in 'Earraylate-1.0.jar'
[08:54:25] [main/INFO]: Ignoring F:\GitHub\DreamBorderX-Earraylate-RPG\尓利雷特大陆RPG\.minecraft\versions\测试版本\mods\Earraylate-1.0.jar
[08:54:25] [main/INFO]: Inspecting jar metadata in 'jython-standalone-2.7.1.jar'
[08:54:25] [main/INFO]: Ignoring F:\GitHub\DreamBorderX-Earraylate-RPG\尓利雷特大陆RPG\.minecraft\versions\测试版本\mods\jython-standalone-2.7.1.jar
[08:54:25] [main/INFO]: Inspecting jar metadata in 'nashorn.jar'
[08:54:25] [main/INFO]: Ignoring F:\GitHub\DreamBorderX-Earraylate-RPG\尓利雷特大陆RPG\.minecraft\versions\测试版本\mods\nashorn.jar
[08:54:25] [main/INFO]: Inspecting jar metadata in 'OptiFine_1.12.2_HD_U_F5.jar'
[08:54:25] [main/INFO]: Ignoring F:\GitHub\DreamBorderX-Earraylate-RPG\尓利雷特大陆RPG\.minecraft\versions\测试版本\mods\OptiFine_1.12.2_HD_U_F5.jar
[08:54:25] [main/INFO]: Inspecting jar metadata in '优化MOD-BetterFps-1.4.8.jar'
[08:54:25] [main/INFO]: Ignoring F:\GitHub\DreamBorderX-Earraylate-RPG\尓利雷特大陆RPG\.minecraft\versions\测试版本\mods\优化MOD-BetterFps-1.4.8.jar
[08:54:25] [main/INFO]: Inspecting jar metadata in '优化MOD-censoredasm5.6.jar'
[08:54:25] [main/INFO]: Ignoring F:\GitHub\DreamBorderX-Earraylate-RPG\尓利雷特大陆RPG\.minecraft\versions\测试版本\mods\优化MOD-censoredasm5.6.jar
[08:54:25] [main/INFO]: Inspecting jar metadata in '优化MOD-中文补丁-i18nupdatemod-1.12.2-1.1.0.jar'
[08:54:25] [main/INFO]: Ignoring F:\GitHub\DreamBorderX-Earraylate-RPG\尓利雷特大陆RPG\.minecraft\versions\测试版本\mods\优化MOD-中文补丁-i18nupdatemod-1.12.2-1.1.0.jar
[08:54:25] [main/INFO]: Inspecting jar metadata in '优化MOD-平滑字体-SmoothFont-mc1.12.2-2.1.3.jar'
[08:54:25] [main/INFO]: Ignoring F:\GitHub\DreamBorderX-Earraylate-RPG\尓利雷特大陆RPG\.minecraft\versions\测试版本\mods\优化MOD-平滑字体-SmoothFont-mc1.12.2-2.1.3.jar
[08:54:25] [main/INFO]: Inspecting jar metadata in '作者MOD-infinityeditor-0.15.jar'
[08:54:25] [main/INFO]: Ignoring F:\GitHub\DreamBorderX-Earraylate-RPG\尓利雷特大陆RPG\.minecraft\versions\测试版本\mods\作者MOD-infinityeditor-0.15.jar
[08:54:25] [main/INFO]: Inspecting jar metadata in '作者MOD-创世神-worldedit-forge-mc1.12.2-6.1.10-SNAPSHOT-dist.jar'
[08:54:25] [main/INFO]: Ignoring F:\GitHub\DreamBorderX-Earraylate-RPG\尓利雷特大陆RPG\.minecraft\versions\测试版本\mods\作者MOD-创世神-worldedit-forge-mc1.12.2-6.1.10-SNAPSHOT-dist.jar
[08:54:25] [main/INFO]: Inspecting jar metadata in '前置MOD-AutoRegLib-1.3-31.jar'
[08:54:25] [main/INFO]: Ignoring F:\GitHub\DreamBorderX-Earraylate-RPG\尓利雷特大陆RPG\.minecraft\versions\测试版本\mods\前置MOD-AutoRegLib-1.3-31.jar
[08:54:25] [main/INFO]: Inspecting jar metadata in '前置MOD-PTRLib-1.0.4.jar'
[08:54:25] [main/INFO]: Ignoring F:\GitHub\DreamBorderX-Earraylate-RPG\尓利雷特大陆RPG\.minecraft\versions\测试版本\mods\前置MOD-PTRLib-1.0.4.jar
[08:54:25] [main/INFO]: Inspecting jar metadata in '可选MOD-RPGHUD-[1.12]+RPG-HUD-3.6.6.2.jar'
[08:54:25] [main/INFO]: Ignoring F:\GitHub\DreamBorderX-Earraylate-RPG\尓利雷特大陆RPG\.minecraft\versions\测试版本\mods\可选MOD-RPGHUD-[1.12]+RPG-HUD-3.6.6.2.jar
[08:54:25] [main/INFO]: Inspecting jar metadata in '可选MOD-区块加载动画-ChunkAnimator-MC1.12-1.2.jar'
[08:54:25] [main/INFO]: Ignoring F:\GitHub\DreamBorderX-Earraylate-RPG\尓利雷特大陆RPG\.minecraft\versions\测试版本\mods\可选MOD-区块加载动画-ChunkAnimator-MC1.12-1.2.jar
[08:54:25] [main/INFO]: Inspecting jar metadata in '可选MOD-旅行地图-journeymap-1.12.2-5.5.4.jar'
[08:54:25] [main/INFO]: Ignoring F:\GitHub\DreamBorderX-Earraylate-RPG\尓利雷特大陆RPG\.minecraft\versions\测试版本\mods\可选MOD-旅行地图-journeymap-1.12.2-5.5.4.jar
[08:54:25] [main/INFO]: Inspecting jar metadata in '可选MOD-皮肤-CustomSkinLoader_Forge-14.9.jar'
[08:54:25] [main/INFO]: Ignoring F:\GitHub\DreamBorderX-Earraylate-RPG\尓利雷特大陆RPG\.minecraft\versions\测试版本\mods\可选MOD-皮肤-CustomSkinLoader_Forge-14.9.jar
[08:54:25] [main/INFO]: Inspecting jar metadata in '可选MOD-血条&伤害显示-[1.12.2]DamageIndicatorsMod-3.5.1.jar'
[08:54:25] [main/INFO]: Ignoring F:\GitHub\DreamBorderX-Earraylate-RPG\尓利雷特大陆RPG\.minecraft\versions\测试版本\mods\可选MOD-血条&伤害显示-[1.12.2]DamageIndicatorsMod-3.5.1.jar
[08:54:25] [main/INFO]: Inspecting jar metadata in '核心MOD-BringMeTheRings-0.4.jar'
[08:54:25] [main/INFO]: Ignoring F:\GitHub\DreamBorderX-Earraylate-RPG\尓利雷特大陆RPG\.minecraft\versions\测试版本\mods\核心MOD-BringMeTheRings-0.4.jar
[08:54:25] [main/INFO]: Inspecting jar metadata in '核心MOD-家具-furniture-6.3.1-1.12.2.jar'
[08:54:25] [main/INFO]: Ignoring F:\GitHub\DreamBorderX-Earraylate-RPG\尓利雷特大陆RPG\.minecraft\versions\测试版本\mods\核心MOD-家具-furniture-6.3.1-1.12.2.jar
[08:54:25] [main/INFO]: Inspecting jar metadata in '核心MOD-更多装饰-Decocraft-2.6.3_1.12.2.jar'
[08:54:25] [main/INFO]: Ignoring F:\GitHub\DreamBorderX-Earraylate-RPG\尓利雷特大陆RPG\.minecraft\versions\测试版本\mods\核心MOD-更多装饰-Decocraft-2.6.3_1.12.2.jar
[08:54:25] [main/INFO]: Inspecting jar metadata in '核心MOD-美妙指环-Baublelicious-1.4.0-4.jar'
[08:54:25] [main/INFO]: Ignoring F:\GitHub\DreamBorderX-Earraylate-RPG\尓利雷特大陆RPG\.minecraft\versions\测试版本\mods\核心MOD-美妙指环-Baublelicious-1.4.0-4.jar
[08:54:25] [main/INFO]: Inspecting jar metadata in '核心MOD-自定义NPC-CustomNPCs_1.12.2-(01Oct19).jar'
[08:54:25] [main/INFO]: Ignoring F:\GitHub\DreamBorderX-Earraylate-RPG\尓利雷特大陆RPG\.minecraft\versions\测试版本\mods\核心MOD-自定义NPC-CustomNPCs_1.12.2-(01Oct19).jar
[08:54:25] [main/INFO]: Inspecting jar metadata in '核心MOD-自定义NPC修复-CustomNPCsFix-B1.2.3.0-1.12.2.jar'
[08:54:25] [main/INFO]: Ignoring F:\GitHub\DreamBorderX-Earraylate-RPG\尓利雷特大陆RPG\.minecraft\versions\测试版本\mods\核心MOD-自定义NPC修复-CustomNPCsFix-B1.2.3.0-1.12.2.jar
[08:54:25] [main/INFO]: Inspecting jar metadata in '核心MOD-自定义NPC附属-VariedCommodities_1.12.2(21nov19).jar'
[08:54:25] [main/INFO]: Ignoring F:\GitHub\DreamBorderX-Earraylate-RPG\尓利雷特大陆RPG\.minecraft\versions\测试版本\mods\核心MOD-自定义NPC附属-VariedCommodities_1.12.2(21nov19).jar
[08:54:25] [main/INFO]: Inspecting jar metadata in '核心MOD-药水指环-PotionFingers-r1.0-8.jar'
[08:54:25] [main/INFO]: Ignoring F:\GitHub\DreamBorderX-Earraylate-RPG\尓利雷特大陆RPG\.minecraft\versions\测试版本\mods\核心MOD-药水指环-PotionFingers-r1.0-8.jar
[08:54:25] [main/INFO]: Inspecting jar metadata in '核心MOD-饰品栏-Baubles-1.12-1.5.2.jar'
[08:54:25] [main/INFO]: Ignoring F:\GitHub\DreamBorderX-Earraylate-RPG\尓利雷特大陆RPG\.minecraft\versions\测试版本\mods\核心MOD-饰品栏-Baubles-1.12-1.5.2.jar
[08:54:25] [main/INFO]: Inspecting jar metadata in '核心MOD-魔法巫术学-ElectroblobsWizardry-4.3.7-MC1.12.2.jar'
[08:54:25] [main/INFO]: Ignoring F:\GitHub\DreamBorderX-Earraylate-RPG\尓利雷特大陆RPG\.minecraft\versions\测试版本\mods\核心MOD-魔法巫术学-ElectroblobsWizardry-4.3.7-MC1.12.2.jar
[08:54:25] [main/INFO]: Discovering valid mod files in folder F:\GitHub\DreamBorderX-Earraylate-RPG\尓利雷特大陆RPG\.minecraft\versions\测试版本\mods\1.12.2
[08:54:25] [main/INFO]: Discovering tweaks on class path...
[08:54:25] [main/INFO]: Baking listener list for EnumerationObserver with 1 listeners
[08:54:25] [main/INFO]: Registering discovered mod files in folder F:\GitHub\DreamBorderX-Earraylate-RPG\尓利雷特大陆RPG\.minecraft\versions\测试版本\mods
[08:54:25] [main/INFO]: Registering discovered mod files in folder F:\GitHub\DreamBorderX-Earraylate-RPG\尓利雷特大陆RPG\.minecraft\versions\测试版本\mods\1.12.2
[08:54:25] [main/INFO]: Initialising LiteLoader Mixins
[08:54:25] [main/INFO]: LiteLoader PREINIT complete
[08:54:29] [main/INFO]: FML detected, switching to searge mappings
[08:54:50] [Client thread/INFO]: JInput Component Registry is initialising...
[08:54:50] [Client thread/INFO]: Inspecting Mouse controller HID-compliant mouse on Unknown...
[08:54:50] [Client thread/INFO]: Inspecting Keyboard controller HID Keyboard Device on Unknown...
[08:54:50] [Client thread/INFO]: Inspecting Keyboard controller PS/2 ±ê׼¼ü on Unknown...
[08:54:50] [Client thread/INFO]: Inspecting Mouse controller HID-compliant mouse on Unknown...
[08:54:50] [Client thread/INFO]: Inspecting Unknown controller QCTEHBB0B1BF5BAD292 on Unknown...
[08:54:50] [Client thread/INFO]: Inspecting Unknown controller HIDI2C Device on Unknown...
[08:54:50] [Client thread/INFO]: Inspecting Unknown controller ITE Device(8910) on Unknown...
[08:54:50] [Client thread/INFO]: Inspecting Unknown controller ITE Device(8910) on Unknown...
[08:54:50] [Client thread/INFO]: JInput Component Registry initialised, found 8 controller(s) 282 component(s)
[08:54:50] [Client thread/INFO]: LiteLoader begin INIT...
[08:54:50] [Client thread/INFO]: Baking listener list for CoreProvider with 2 listeners
[08:54:50] [Client thread/INFO]: Injecting external mods into class path...
[08:54:50] [Client thread/INFO]: Injecting external mods into class path...
[08:54:50] [Client thread/INFO]: Discovering mods on class path...
[08:54:50] [Client thread/INFO]: Searching F:\GitHub\DreamBorderX-Earraylate-RPG\尓利雷特大陆RPG\.minecraft\libraries\net\minecraft\launchwrapper\1.12\launchwrapper-1.12.jar...
[08:54:50] [Client thread/INFO]: Searching F:\GitHub\DreamBorderX-Earraylate-RPG\尓利雷特大陆RPG\.minecraft\libraries\org\ow2\asm\asm-all\5.2\asm-all-5.2.jar...
[08:54:50] [Client thread/INFO]: Searching F:\GitHub\DreamBorderX-Earraylate-RPG\尓利雷特大陆RPG\.minecraft\libraries\com\mumfrey\liteloader\1.12.2-20171128.144431-4\liteloader-1.12.2-20171128.144431-4.jar...
[08:54:50] [Client thread/INFO]: Searching F:\GitHub\DreamBorderX-Earraylate-RPG\尓利雷特大陆RPG\.minecraft\libraries\net\minecraftforge\forge\1.12.2-14.23.5.2854\forge-1.12.2-14.23.5.2854.jar...
[08:54:50] [Client thread/INFO]: Searching F:\GitHub\DreamBorderX-Earraylate-RPG\尓利雷特大陆RPG\.minecraft\libraries\org\ow2\asm\asm-debug-all\5.2\asm-debug-all-5.2.jar...
[08:54:50] [Client thread/INFO]: Searching F:\GitHub\DreamBorderX-Earraylate-RPG\尓利雷特大陆RPG\.minecraft\libraries\org\jline\jline\3.5.1\jline-3.5.1.jar...
[08:54:50] [Client thread/INFO]: Searching F:\GitHub\DreamBorderX-Earraylate-RPG\尓利雷特大陆RPG\.minecraft\libraries\com\typesafe\akka\akka-actor_2.11\2.3.3\akka-actor_2.11-2.3.3.jar...
[08:54:50] [Client thread/INFO]: Searching F:\GitHub\DreamBorderX-Earraylate-RPG\尓利雷特大陆RPG\.minecraft\libraries\com\typesafe\config\1.2.1\config-1.2.1.jar...
[08:54:50] [Client thread/INFO]: Searching F:\GitHub\DreamBorderX-Earraylate-RPG\尓利雷特大陆RPG\.minecraft\libraries\org\scala-lang\scala-actors-migration_2.11\1.1.0\scala-actors-migration_2.11-1.1.0.jar...
[08:54:50] [Client thread/INFO]: Searching F:\GitHub\DreamBorderX-Earraylate-RPG\尓利雷特大陆RPG\.minecraft\libraries\org\scala-lang\scala-compiler\2.11.1\scala-compiler-2.11.1.jar...
[08:54:50] [Client thread/INFO]: Searching F:\GitHub\DreamBorderX-Earraylate-RPG\尓利雷特大陆RPG\.minecraft\libraries\org\scala-lang\plugins\scala-continuations-library_2.11\1.0.2_mc\scala-continuations-library_2.11-1.0.2_mc.jar...
[08:54:50] [Client thread/INFO]: Searching F:\GitHub\DreamBorderX-Earraylate-RPG\尓利雷特大陆RPG\.minecraft\libraries\org\scala-lang\plugins\scala-continuations-plugin_2.11.1\1.0.2_mc\scala-continuations-plugin_2.11.1-1.0.2_mc.jar...
[08:54:50] [Client thread/INFO]: Searching F:\GitHub\DreamBorderX-Earraylate-RPG\尓利雷特大陆RPG\.minecraft\libraries\org\scala-lang\scala-library\2.11.1\scala-library-2.11.1.jar...
[08:54:50] [Client thread/INFO]: Searching F:\GitHub\DreamBorderX-Earraylate-RPG\尓利雷特大陆RPG\.minecraft\libraries\org\scala-lang\scala-parser-combinators_2.11\1.0.1\scala-parser-combinators_2.11-1.0.1.jar...
[08:54:50] [Client thread/INFO]: Searching F:\GitHub\DreamBorderX-Earraylate-RPG\尓利雷特大陆RPG\.minecraft\libraries\org\scala-lang\scala-reflect\2.11.1\scala-reflect-2.11.1.jar...
[08:54:50] [Client thread/INFO]: Searching F:\GitHub\DreamBorderX-Earraylate-RPG\尓利雷特大陆RPG\.minecraft\libraries\org\scala-lang\scala-swing_2.11\1.0.1\scala-swing_2.11-1.0.1.jar...
[08:54:50] [Client thread/INFO]: Searching F:\GitHub\DreamBorderX-Earraylate-RPG\尓利雷特大陆RPG\.minecraft\libraries\org\scala-lang\scala-xml_2.11\1.0.2\scala-xml_2.11-1.0.2.jar...
[08:54:50] [Client thread/INFO]: Searching F:\GitHub\DreamBorderX-Earraylate-RPG\尓利雷特大陆RPG\.minecraft\libraries\lzma\lzma\0.0.1\lzma-0.0.1.jar...
[08:54:50] [Client thread/INFO]: Searching F:\GitHub\DreamBorderX-Earraylate-RPG\尓利雷特大陆RPG\.minecraft\libraries\java3d\vecmath\1.5.2\vecmath-1.5.2.jar...
[08:54:50] [Client thread/INFO]: Searching F:\GitHub\DreamBorderX-Earraylate-RPG\尓利雷特大陆RPG\.minecraft\libraries\net\sf\trove4j\trove4j\3.0.3\trove4j-3.0.3.jar...
[08:54:50] [Client thread/INFO]: Searching F:\GitHub\DreamBorderX-Earraylate-RPG\尓利雷特大陆RPG\.minecraft\libraries\org\apache\maven\maven-artifact\3.5.3\maven-artifact-3.5.3.jar...
[08:54:50] [Client thread/INFO]: Searching F:\GitHub\DreamBorderX-Earraylate-RPG\尓利雷特大陆RPG\.minecraft\libraries\net\sf\jopt-simple\jopt-simple\5.0.3\jopt-simple-5.0.3.jar...
[08:54:50] [Client thread/INFO]: Searching F:\GitHub\DreamBorderX-Earraylate-RPG\尓利雷特大陆RPG\.minecraft\libraries\com\mojang\patchy\1.1\patchy-1.1.jar...
[08:54:50] [Client thread/INFO]: Searching F:\GitHub\DreamBorderX-Earraylate-RPG\尓利雷特大陆RPG\.minecraft\libraries\oshi-project\oshi-core\1.1\oshi-core-1.1.jar...
[08:54:50] [Client thread/INFO]: Searching F:\GitHub\DreamBorderX-Earraylate-RPG\尓利雷特大陆RPG\.minecraft\libraries\net\java\dev\jna\jna\4.4.0\jna-4.4.0.jar...
[08:54:50] [Client thread/INFO]: Searching F:\GitHub\DreamBorderX-Earraylate-RPG\尓利雷特大陆RPG\.minecraft\libraries\net\java\dev\jna\platform\3.4.0\platform-3.4.0.jar...
[08:54:50] [Client thread/INFO]: Searching F:\GitHub\DreamBorderX-Earraylate-RPG\尓利雷特大陆RPG\.minecraft\libraries\com\ibm\icu\icu4j-core-mojang\51.2\icu4j-core-mojang-51.2.jar...
[08:54:50] [Client thread/INFO]: Searching F:\GitHub\DreamBorderX-Earraylate-RPG\尓利雷特大陆RPG\.minecraft\libraries\com\paulscode\codecjorbis\20101023\codecjorbis-20101023.jar...
[08:54:50] [Client thread/INFO]: Searching F:\GitHub\DreamBorderX-Earraylate-RPG\尓利雷特大陆RPG\.minecraft\libraries\com\paulscode\codecwav\20101023\codecwav-20101023.jar...
[08:54:50] [Client thread/INFO]: Searching F:\GitHub\DreamBorderX-Earraylate-RPG\尓利雷特大陆RPG\.minecraft\libraries\com\paulscode\libraryjavasound\20101123\libraryjavasound-20101123.jar...
[08:54:50] [Client thread/INFO]: Searching F:\GitHub\DreamBorderX-Earraylate-RPG\尓利雷特大陆RPG\.minecraft\libraries\com\paulscode\librarylwjglopenal\20100824\librarylwjglopenal-20100824.jar...
[08:54:50] [Client thread/INFO]: Searching F:\GitHub\DreamBorderX-Earraylate-RPG\尓利雷特大陆RPG\.minecraft\libraries\com\paulscode\soundsystem\20120107\soundsystem-20120107.jar...
[08:54:50] [Client thread/INFO]: Searching F:\GitHub\DreamBorderX-Earraylate-RPG\尓利雷特大陆RPG\.minecraft\libraries\io\netty\netty-all\4.1.9.Final\netty-all-4.1.9.Final.jar...
[08:54:50] [Client thread/INFO]: Searching F:\GitHub\DreamBorderX-Earraylate-RPG\尓利雷特大陆RPG\.minecraft\libraries\com\google\guava\guava\21.0\guava-21.0.jar...
[08:54:50] [Client thread/INFO]: Searching F:\GitHub\DreamBorderX-Earraylate-RPG\尓利雷特大陆RPG\.minecraft\libraries\org\apache\commons\commons-lang3\3.5\commons-lang3-3.5.jar...
[08:54:50] [Client thread/INFO]: Searching F:\GitHub\DreamBorderX-Earraylate-RPG\尓利雷特大陆RPG\.minecraft\libraries\commons-io\commons-io\2.5\commons-io-2.5.jar...
[08:54:50] [Client thread/INFO]: Searching F:\GitHub\DreamBorderX-Earraylate-RPG\尓利雷特大陆RPG\.minecraft\libraries\commons-codec\commons-codec\1.10\commons-codec-1.10.jar...
[08:54:50] [Client thread/INFO]: Searching F:\GitHub\DreamBorderX-Earraylate-RPG\尓利雷特大陆RPG\.minecraft\libraries\net\java\jinput\jinput\2.0.5\jinput-2.0.5.jar...
[08:54:50] [Client thread/INFO]: Searching F:\GitHub\DreamBorderX-Earraylate-RPG\尓利雷特大陆RPG\.minecraft\libraries\net\java\jutils\jutils\1.0.0\jutils-1.0.0.jar...
[08:54:50] [Client thread/INFO]: Searching F:\GitHub\DreamBorderX-Earraylate-RPG\尓利雷特大陆RPG\.minecraft\libraries\com\google\code\gson\gson\2.8.0\gson-2.8.0.jar...
[08:54:50] [Client thread/INFO]: Searching F:\GitHub\DreamBorderX-Earraylate-RPG\尓利雷特大陆RPG\.minecraft\libraries\com\mojang\authlib\1.5.25\authlib-1.5.25.jar...
[08:54:50] [Client thread/INFO]: Searching F:\GitHub\DreamBorderX-Earraylate-RPG\尓利雷特大陆RPG\.minecraft\libraries\com\mojang\realms\1.10.22\realms-1.10.22.jar...
[08:54:50] [Client thread/INFO]: Searching F:\GitHub\DreamBorderX-Earraylate-RPG\尓利雷特大陆RPG\.minecraft\libraries\org\apache\commons\commons-compress\1.8.1\commons-compress-1.8.1.jar...
[08:54:50] [Client thread/INFO]: Searching F:\GitHub\DreamBorderX-Earraylate-RPG\尓利雷特大陆RPG\.minecraft\libraries\org\apache\httpcomponents\httpclient\4.3.3\httpclient-4.3.3.jar...
[08:54:50] [Client thread/INFO]: Searching F:\GitHub\DreamBorderX-Earraylate-RPG\尓利雷特大陆RPG\.minecraft\libraries\commons-logging\commons-logging\1.1.3\commons-logging-1.1.3.jar...
[08:54:50] [Client thread/INFO]: Searching F:\GitHub\DreamBorderX-Earraylate-RPG\尓利雷特大陆RPG\.minecraft\libraries\org\apache\httpcomponents\httpcore\4.3.2\httpcore-4.3.2.jar...
[08:54:50] [Client thread/INFO]: Searching F:\GitHub\DreamBorderX-Earraylate-RPG\尓利雷特大陆RPG\.minecraft\libraries\it\unimi\dsi\fastutil\7.1.0\fastutil-7.1.0.jar...
[08:54:50] [Client thread/INFO]: Searching F:\GitHub\DreamBorderX-Earraylate-RPG\尓利雷特大陆RPG\.minecraft\libraries\org\apache\logging\log4j\log4j-api\2.8.1\log4j-api-2.8.1.jar...
[08:54:50] [Client thread/INFO]: Searching F:\GitHub\DreamBorderX-Earraylate-RPG\尓利雷特大陆RPG\.minecraft\libraries\org\apache\logging\log4j\log4j-core\2.8.1\log4j-core-2.8.1.jar...
[08:54:50] [Client thread/INFO]: Searching F:\GitHub\DreamBorderX-Earraylate-RPG\尓利雷特大陆RPG\.minecraft\libraries\org\lwjgl\lwjgl\lwjgl\2.9.4-nightly-20150209\lwjgl-2.9.4-nightly-20150209.jar...
[08:54:50] [Client thread/INFO]: Searching F:\GitHub\DreamBorderX-Earraylate-RPG\尓利雷特大陆RPG\.minecraft\libraries\org\lwjgl\lwjgl\lwjgl_util\2.9.4-nightly-20150209\lwjgl_util-2.9.4-nightly-20150209.jar...
[08:54:50] [Client thread/INFO]: Searching F:\GitHub\DreamBorderX-Earraylate-RPG\尓利雷特大陆RPG\.minecraft\libraries\com\mojang\text2speech\1.10.3\text2speech-1.10.3.jar...
[08:54:50] [Client thread/INFO]: Searching F:\GitHub\DreamBorderX-Earraylate-RPG\尓利雷特大陆RPG\.minecraft\versions\测试版本\测试版本.jar...
[08:54:50] [Client thread/INFO]: Searching C:\Users\Administrator\AppData\Roaming\.hmcl\authlib-injector.jar...
[08:54:50] [Client thread/INFO]: Discovering mods in valid mod files...
[08:54:50] [Client thread/INFO]: Discovering mods in valid mod files...
[08:54:50] [Client thread/INFO]: Mod class discovery completed
[08:54:50] [Client thread/INFO]: LiteLoader begin POSTINIT...
[08:54:50] [Client thread/INFO]: Inhibiting sound handler reload
[08:54:50] [Client thread/INFO]: Registering interface provider com.mumfrey.liteloader.client.LiteLoaderEventBrokerClient for API LiteLoader core API
[08:54:50] [Client thread/INFO]: Registering interface provider com.mumfrey.liteloader.client.PacketEventsClient for API LiteLoader core API
[08:54:50] [Client thread/INFO]: Registering interface provider com.mumfrey.liteloader.client.ClientPluginChannelsClient for API LiteLoader core API
[08:54:50] [Client thread/INFO]: Registering interface provider com.mumfrey.liteloader.core.ServerPluginChannels for API LiteLoader core API
[08:54:50] [Client thread/INFO]: Registering interface provider com.mumfrey.liteloader.messaging.MessageBus for API LiteLoader core API
[08:54:50] [Client thread/INFO]: Discovered 0 total mod(s), injected 0 tweak(s)
[08:54:50] [Client thread/INFO]: No mod classes were found. Not loading any mods.
[08:54:52] [Client thread/INFO]: Baking listener list for ViewportListener with 0 listeners
[08:54:52] [Client thread/INFO]: Sound handler reload inhibit removed
[08:54:52] [Client thread/INFO]: Reloading sound handler
[08:54:55] [Client thread/INFO]: Baking listener list for GameLoopListener with 0 listeners
[08:54:55] [Client thread/INFO]: Baking listener list for RenderListener with 0 listeners
[08:55:00] [Client thread/INFO]: Baking listener list for TickObserver with 3 listeners
[08:55:00] [Client thread/INFO]: Baking listener list for PostRenderObserver with 3 listeners
[08:55:00] [Client thread/INFO]: Baking listener list for Tickable with 0 listeners
[08:55:00] [Client thread/INFO]: Baking listener list for FrameBufferListener with 0 listeners
[08:55:09] [Client thread/INFO]: LiteLoader is shutting down, shutting down core providers and syncing configuration
[08:55:09] [Client thread/INFO]: Baking listener list for ShutdownObserver with 3 listeners
