[2023-06-19 11:07:33] [modloading-worker-3/INFO] [aT] 
[2023-06-19 11:07:33] [modloading-worker-3/INFO] [aT] ******************************************************************************************
[2023-06-19 11:07:33] [modloading-worker-3/INFO] [aT] 
[2023-06-19 11:07:33] [modloading-worker-3/INFO] [aT] WorldEdit CUI Forge Edition 3 version 3.0.9 for Minecraft 1.16.5
[2023-06-19 11:07:33] [modloading-worker-3/INFO] [aT] Built with forge 36.0.13
[2023-06-19 11:07:33] [modloading-worker-3/INFO] [aT] 
[2023-06-19 11:07:33] [modloading-worker-3/INFO] [aT] Environment :
[2023-06-19 11:07:33] [modloading-worker-3/INFO] [aT] 		 OS :Windows 10 (amd64) 
[2023-06-19 11:07:33] [modloading-worker-3/INFO] [aT] 		 Java: 16.0.1
[2023-06-19 11:07:33] [modloading-worker-3/INFO] [aT] 		 Language :CN_zh
[2023-06-19 11:07:33] [modloading-worker-3/INFO] [aT] 
[2023-06-19 11:07:33] [modloading-worker-3/INFO] [aT] ******************************************************************************************
[2023-06-19 11:07:33] [modloading-worker-3/INFO] [aT] 
[2023-06-19 11:07:33] [modloading-worker-3/INFO] [a] WorldEdit CUI Forge Edition 3 is loading ...
[2023-06-19 11:09:06] [modloading-worker-1/INFO] [aT] 
[2023-06-19 11:09:06] [modloading-worker-1/INFO] [aT] ******************************************************************************************
[2023-06-19 11:09:06] [modloading-worker-1/INFO] [aT] 
[2023-06-19 11:09:06] [modloading-worker-1/INFO] [aT] WorldEdit CUI Forge Edition 3 version 3.0.9 for Minecraft 1.16.5
[2023-06-19 11:09:06] [modloading-worker-1/INFO] [aT] Built with forge 36.0.13
[2023-06-19 11:09:06] [modloading-worker-1/INFO] [aT] 
[2023-06-19 11:09:06] [modloading-worker-1/INFO] [aT] Environment :
[2023-06-19 11:09:06] [modloading-worker-1/INFO] [aT] 		 OS :Windows 10 (amd64) 
[2023-06-19 11:09:06] [modloading-worker-1/INFO] [aT] 		 Java: 16.0.1
[2023-06-19 11:09:06] [modloading-worker-1/INFO] [aT] 		 Language :CN_zh
[2023-06-19 11:09:06] [modloading-worker-1/INFO] [aT] 
[2023-06-19 11:09:06] [modloading-worker-1/INFO] [aT] ******************************************************************************************
[2023-06-19 11:09:06] [modloading-worker-1/INFO] [aT] 
[2023-06-19 11:09:06] [modloading-worker-1/INFO] [a] WorldEdit CUI Forge Edition 3 is loading ...
[2023-06-19 11:12:33] [modloading-worker-0/INFO] [aT] 
[2023-06-19 11:12:33] [modloading-worker-0/INFO] [aT] ******************************************************************************************
[2023-06-19 11:12:33] [modloading-worker-0/INFO] [aT] 
[2023-06-19 11:12:33] [modloading-worker-0/INFO] [aT] WorldEdit CUI Forge Edition 3 version 3.0.9 for Minecraft 1.16.5
[2023-06-19 11:12:33] [modloading-worker-0/INFO] [aT] Built with forge 36.0.13
[2023-06-19 11:12:33] [modloading-worker-0/INFO] [aT] 
[2023-06-19 11:12:33] [modloading-worker-0/INFO] [aT] Environment :
[2023-06-19 11:12:33] [modloading-worker-0/INFO] [aT] 		 OS :Windows 10 (amd64) 
[2023-06-19 11:12:33] [modloading-worker-0/INFO] [aT] 		 Java: 16.0.1
[2023-06-19 11:12:33] [modloading-worker-0/INFO] [aT] 		 Language :CN_zh
[2023-06-19 11:12:33] [modloading-worker-0/INFO] [aT] 
[2023-06-19 11:12:33] [modloading-worker-0/INFO] [aT] ******************************************************************************************
[2023-06-19 11:12:33] [modloading-worker-0/INFO] [aT] 
[2023-06-19 11:12:33] [modloading-worker-0/INFO] [a] WorldEdit CUI Forge Edition 3 is loading ...
[2023-06-19 11:13:44] [Worker-Main4/DEBUG] [aM] Handler registered: com.github.hexomod.worldeditcuife3.aN
[2023-06-19 11:18:17] [Render thread/DEBUG] [fY] Received CUI event from server: s|cuboid
[2023-06-19 11:18:17] [Render thread/DEBUG] [q] Received command from WE : s - Params: cuboid
[2023-06-19 11:18:17] [Render thread/DEBUG] [gg] Cuboid command :s|cuboid
