Logging started at 2023-01-07T09:14:25.635Z
[authlib-injector] [INFO] Version: 1.2.1
[authlib-injector] [INFO] Authentication server: https://littleskin.cn/api/yggdrasil/
[authlib-injector] [INFO] Transformed [com.mojang.authlib.HttpAuthenticationService] with [ConcatenateURL Workaround]
[authlib-injector] [INFO] Transformed [com.mojang.authlib.properties.Property] with [Yggdrasil Public Key Transformer]
[authlib-injector] [INFO] Httpd is running on port 3726
[authlib-injector] [INFO] Transformed [com.mojang.authlib.yggdrasil.YggdrasilGameProfileRepository] with [Constant URL Transformer]
[authlib-injector] [INFO] Transformed [com.mojang.authlib.yggdrasil.YggdrasilMinecraftSessionService] with [Constant URL Transformer]
[authlib-injector] [INFO] Transformed [com.mojang.authlib.yggdrasil.YggdrasilMinecraftSessionService] with [Texture Whitelist Transformer]
[authlib-injector] [INFO] Transformed [com.mojang.authlib.yggdrasil.YggdrasilUserAuthentication] with [Constant URL Transformer]
[authlib-injector] [INFO] Transformed [net.minecraft.client.main.Main] with [Main Arguments Transformer]
[authlib-injector] [INFO] Enable MC-52974 Workaround
[authlib-injector] [INFO] Attempt to retransform classes: [class com.mojang.authlib.yggdrasil.YggdrasilMinecraftSessionService]
[authlib-injector] [INFO] Transformed [com.mojang.authlib.yggdrasil.YggdrasilMinecraftSessionService] with [Constant URL Transformer]
[authlib-injector] [INFO] Transformed [com.mojang.authlib.yggdrasil.YggdrasilMinecraftSessionService] with [Texture Whitelist Transformer]
[authlib-injector] [INFO] Transformed [com.mojang.authlib.yggdrasil.YggdrasilMinecraftSessionService] with [MC-52974 Workaround]
[authlib-injector] [INFO] Transformed [net.minecraft.client.entity.AbstractClientPlayer] with [Constant URL Transformer]
[authlib-injector] [INFO] Transformed [com.mojang.authlib.HttpAuthenticationService] with [ConcatenateURL Workaround]
[authlib-injector] [INFO] Transformed [com.mojang.authlib.yggdrasil.YggdrasilMinecraftSessionService] with [Constant URL Transformer]
[authlib-injector] [INFO] Transformed [com.mojang.authlib.yggdrasil.YggdrasilMinecraftSessionService] with [Texture Whitelist Transformer]
[authlib-injector] [INFO] Transformed [com.mojang.authlib.yggdrasil.YggdrasilMinecraftSessionService] with [MC-52974 Workaround]
[authlib-injector] [INFO] Transformed [com.mojang.authlib.yggdrasil.YggdrasilGameProfileRepository] with [Constant URL Transformer]
[authlib-injector] [INFO] Transformed [io.netty.bootstrap.Bootstrap] with [Constant URL Transformer]
[authlib-injector] [INFO] Transformed [com.mojang.authlib.properties.Property] with [Yggdrasil Public Key Transformer]
[authlib-injector] [INFO] Transformed [customskinloader.loader.MojangAPILoader] with [Constant URL Transformer]
