[PREINITIALIZATION][CLIENT][INFO] Thank you to the Patreon supporters below and others who make CraftTweaker possible!
Br脙赂nsted
Zuniroa
Robijnvogel
Quaternary
NickT
Ncc1702
Belathus
AdaraChristine
Spencer Gilbert
Phillip Swearingain
Pongo Sapiens
SquidDev
DreamThorn
Ivy_
NerdyWhiteGuy
Barrier
Peregrinus11
Genryu
WaterMoon
If you want to support the mod, checkout https://patreon.com/jaredlll08?s=crtmod

[PREINITIALIZATION][CLIENT][INFO] Current loaders after merging: [[preinit]]
[PREINITIALIZATION][CLIENT][INFO] Loading scripts for loader with names [preinit]
[PREINITIALIZATION][CLIENT][INFO] Completed script loading in: 1ms
[INITIALIZATION][CLIENT][INFO] CraftTweaker: Building registry
[INITIALIZATION][CLIENT][INFO] CraftTweaker: Successfully built item registry
[INITIALIZATION][CLIENT][INFO] Current loaders after merging: [[preinit], [recipeevent | crafttweaker]]
[INITIALIZATION][CLIENT][INFO] Loading scripts for loader with names [crafttweaker | recipeevent]
[INITIALIZATION][CLIENT][INFO] Completed script loading in: 0ms
[POSTINITIALIZATION][CLIENT][INFO] Removing recipes for various outputs
[POSTINITIALIZATION][CLIENT][INFO] Applying MrCrayfish's Furniture Mod changes...
[AVAILABLE][CLIENT][INFO] Fixed the RecipeBook
<customnpcs:npcwand>
<minecraft:wooden_axe>
<minecraft:quartz_block>
<minecraft:sea_lantern>
<minecraft:fireworks>
<minecraft:ender_pearl>
<customnpcs:npcsoulstoneempty>
<minecraft:splash_potion>.withTag({ench: [{lvl: 32767 as short, id: 16 as short}], CustomPotionEffects: [{Ambient: 0 as byte, ShowParticles: 0 as byte, Duration: 20000000, Id: 7 as byte, Amplifier: 28 as byte}], AttributeModifiers: [{UUIDMost: 6578777231184217 as long, UUIDLeast: 6578777231184217 as long, Amount: 2.147483648E9, Slot: "mainhand", AttributeName: "generic.attackDamage", Operation: 0, Name: "noName"}]})
<customnpcs:npcsoulstonefilled>.withTag({Entity: {ReturnToStart: 1 as byte, NpcInv: [], BossColor: 0, PotionEffect: 0, Size: 5, stopAndInteract: 1 as byte, Resistances: {Arrow: 1.0 as float, Explosion: 1.0 as float, Knockback: 1.0 as float, Melee: 1.0 as float}, BossBar: 0 as byte, RespawnTime: 20, NpcAngrySound: "", ReactsToFire: 0 as byte, IgnoreCobweb: 0 as byte, PositionOffsetZ: 5.0 as float, PositionOffsetY: 5.0 as float, PositionOffsetX: 5.0 as float, LootMode: 0, TransformHasAI: 0 as byte, AttackStrenght: 5, PersistenceRequired: 0 as byte, id: "customnpcs:customnpc", IsStatue: 0 as byte, MovingPatern: 0, NpcLines: {Lines: []}, DefendFaction: 1 as byte, FireIndirect: 0, NpcVisible: 0, LinkedNpcName: "", NpcScenes: {Scenes: []}, HitSound: "minecraft:entity.arrow.hit", FindShelter: 2, Air: 300 as short, TacticalVariant: 0, Orientation: 0, ScriptLanguage: "ECMAScript", HandItems: [{}, {}], KnockBack: 0, TransformHasJob: 0 as byte, ArmorDropChances: [0.085 as float, 0.085 as float, 0.085 as float, 0.085 as float], BurnInSun: 0 as byte, StandingState: 0, AttackInvisible: 0 as byte, NpcInteractNPCLines: {Lines: []}, HurtTime: 0 as short, WalkingRange: 10, ShotCount: 1, pDur: 5, AttackRange: 2, NpcKillLines: {Lines: []}, PotionImmune: 0 as byte, AvoidsSun: 0 as byte, Texture: "customnpcs:textures/entity/humanmale/camoradiosteve.png", NpcJob: 0, BurstCount: 1, NpcAttackLines: {Lines: []}, pSpeed: 10, pArea: 0, DeathTime: 0 as short, pImpact: 0, MoveState: 0, pRender3D: 1 as byte, Motion: [0.0, -0.0784000015258789, 0.0], CombatRegen: 0, NpcsTimers: [], pEffect: 0, DistanceToMelee: 0, NpcStepSound: "", FireRate: 5, LeftHanded: 0 as byte, pEffAmp: 0, OnGround: 1 as byte, Dimension: 0, ImmuneToFire: 0 as byte, NpcKilledLines: {Lines: []}, Fire: -1 as short, ArmorItems: [{}, {}, {}, {}], DisablePitch: 0 as byte, pPhysics: 1 as byte, TransformHasInv: 0 as byte, NpcInteractLines: {Lines: [{Line: "你好", Song: "", Slot: 0}, {Line: "请不要为我们添麻烦", Song: "", Slot: 1}]}, HurtByTimestamp: 817, pSpin: 0 as byte, NpcHurtSound: "minecraft:entity.player.hurt", pTrail: 0, CreatureType: 0, Attributes: [{Base: 20.0, Name: "generic.maxHealth"}, {Base: 0.0, Name: "generic.knockbackResistance"}, {Base: 0.25, Name: "generic.movementSpeed"}, {Base: 0.0, Name: "generic.armor"}, {Base: 0.0, Name: "generic.armorToughness"}, {Base: 1.0, Name: "forge.swimSpeed"}, {Base: 32.0, Name: "generic.followRange"}, {Base: 5.0, Name: "generic.attackDamage"}, {Base: 0.5, Name: "generic.flyingSpeed"}], Invulnerable: 0 as byte, TransformHasDisplay: 0 as byte, NoFallDamage: 0 as byte, AbsorptionAmount: 0.0 as float, TransformHasRole: 0 as byte, Name: "佣兵", FallDistance: 0.0 as float, SkinColor: 16777215, NpcIdleSound: "", Weapons: [], NPCDialogOptions: [], AggroRange: 16, DirectLOS: 1 as byte, HealthRegen: 1, ForgeCaps: {}, HandDropChances: [0.085 as float, 0.085 as float], NpcModelData: {LegsConfig: {NotShared: 0 as byte, ScaleZ: 1.0 as float, TransZ: 0.0 as float, TransY: 0.0 as float, TransX: 0.012000002 as float, ScaleY: 1.0 as float, ScaleX: 1.0 as float}, BodyConfig: {NotShared: 0 as byte, ScaleZ: 1.0 as float, TransZ: 0.0 as float, TransY: 0.0 as float, TransX: 0.0 as float, ScaleY: 1.0 as float, ScaleX: 1.0 as float}, Eyes: {Pattern: 0 as byte, Glint: 1 as byte, Type: 0 as byte, PositionY: 1, SkinColor: 11830381, PlayerTexture: 0 as byte, Color: 8339378, BrowColor: 5982516, BrowThickness: 4}, LegParts: {Pattern: 0 as byte, Type: 0 as byte, PlayerTexture: 0 as byte, Color: 16777215}, Parts: [], ArmsConfig: {NotShared: 0 as byte, ScaleZ: 1.0 as float, TransZ: 0.0 as float, TransY: 0.0 as float, TransX: -0.0 as float, ScaleY: 1.0 as float, ScaleX: 1.0 as float}, ExtraData: {}, HeadConfig: {NotShared: 0 as byte, ScaleZ: 1.0 as float, TransZ: 0.0 as float, TransY: 0.0 as float, TransX: 0.0 as float, ScaleY: 1.0 as float, ScaleX: 1.0 as float}}, minDelay: 20, DoorInteract: 2, MoveSpeed: 5, TransformEditingModus: 0 as byte, UsingSkinUrl: 0 as byte, Leashed: 0 as byte, SkinUrl: "", CanSwim: 1 as byte, GroundSound: "minecraft:block.stone.break", MaxHealth: 20, HideBodyWhenKilled: 0 as byte, AttackSpeed: 20, PotionDuration: 5, maxDelay: 40, ScriptEnabled: 0 as byte, Role: 0, DropChance: [{Integer: 100, Slot: 0}, {Integer: 100, Slot: 1}, {Integer: 100, Slot: 2}, {Integer: 100, Slot: 3}, {Integer: 100, Slot: 4}, {Integer: 100, Slot: 5}, {Integer: 100, Slot: 6}, {Integer: 100, Slot: 7}, {Integer: 100, Slot: 8}], FactionPoints: {DecreaseFaction1Points: 0 as byte, OptionFaction2Points: 100, OptionFactions1: -1, OptionFactions2: -1, OptionFaction1Points: 100, DecreaseFaction2Points: 0 as byte}, pDamage: 4, KilledTime: 0 as long, AimWhileShooting: 0 as byte, CanPickUpLoot: 0 as byte, AttackOtherFactions: 1 as byte, CanDrown: 1 as byte, pSize: 5, CanSprint: 0 as byte, CanLeap: 0 as byte, TransformIsActive: 0 as byte, ForgeData: {}, MovingState: 0, MovingPos: 0, PotionAmp: 0, OnAttack: 0, TacticalRadius: 8, FallFlying: 0 as byte, MaxExp: 0, OrderedLines: 0 as byte, PortalCooldown: 0, pGlows: 0 as byte, TransformHasAdvanced: 0 as byte, TransformHasStats: 0 as byte, MovementType: 0, FiringSound: "minecraft:entity.arrow.shoot", ModRev: 18, Accuracy: 60, MinExp: 0, Armor: [], CloakTexture: "", GlowTexture: "", MaxFiringRange: 15, pXlr8: 0 as byte, Scripts: [], Health: 20.0 as float, pStick: 0 as byte, MovingPause: 0 as byte, NpcDeathSound: "minecraft:entity.player.hurt", FactionID: 4, Title: "", TotalTicksAlive: 4863 as long, Rotation: [270.00366 as float, 0.0 as float], ShowName: 1, npcInteracting: 1 as byte, UpdateBlocked: 0 as byte, AvoidsWater: 0 as byte, NoLivingAnimation: 0 as byte, SpawnCycle: 0}, DisplayName: "佣兵", Name: "entity.CustomNpc.name"})
<customnpcs:npcsoulstonefilled>.withTag({Entity: {ReturnToStart: 1 as byte, NpcInv: [], BossColor: 0, PotionEffect: 0, Size: 5, stopAndInteract: 1 as byte, Resistances: {Arrow: 1.0 as float, Explosion: 1.0 as float, Knockback: 1.0 as float, Melee: 1.0 as float}, BossBar: 0 as byte, RespawnTime: 20, NpcAngrySound: "", ReactsToFire: 0 as byte, IgnoreCobweb: 0 as byte, PositionOffsetZ: 5.0 as float, PositionOffsetY: 5.0 as float, PositionOffsetX: 5.0 as float, LootMode: 0, TransformHasAI: 0 as byte, AttackStrenght: 5, PersistenceRequired: 0 as byte, id: "customnpcs:customnpc", IsStatue: 0 as byte, MovingPatern: 0, NpcLines: {Lines: []}, DefendFaction: 1 as byte, FireIndirect: 0, NpcVisible: 0, LinkedNpcName: "", NpcScenes: {Scenes: []}, HitSound: "minecraft:entity.arrow.hit", FindShelter: 2, Air: 300 as short, TacticalVariant: 0, Orientation: 0, ScriptLanguage: "ECMAScript", HandItems: [{}, {}], KnockBack: 0, TransformHasJob: 0 as byte, ArmorDropChances: [0.085 as float, 0.085 as float, 0.085 as float, 0.085 as float], BurnInSun: 0 as byte, StandingState: 0, AttackInvisible: 0 as byte, NpcInteractNPCLines: {Lines: []}, HurtTime: 0 as short, WalkingRange: 10, ShotCount: 1, pDur: 5, AttackRange: 2, NpcKillLines: {Lines: []}, PotionImmune: 0 as byte, AvoidsSun: 0 as byte, Texture: "customnpcs:textures/entity/humanmale/camoradiosteve.png", NpcJob: 0, BurstCount: 1, NpcAttackLines: {Lines: []}, pSpeed: 10, pArea: 0, DeathTime: 0 as short, pImpact: 0, MoveState: 0, pRender3D: 1 as byte, Motion: [0.0, -0.1552320045166016, 0.0], CombatRegen: 0, NpcsTimers: [], pEffect: 0, DistanceToMelee: 0, NpcStepSound: "", FireRate: 5, LeftHanded: 0 as byte, pEffAmp: 0, OnGround: 0 as byte, Dimension: 0, ImmuneToFire: 0 as byte, NpcKilledLines: {Lines: []}, Fire: -1 as short, ArmorItems: [{}, {}, {}, {}], DisablePitch: 0 as byte, pPhysics: 1 as byte, TransformHasInv: 0 as byte, NpcInteractLines: {Lines: [{Line: "Hello @p", Song: "", Slot: 0}]}, HurtByTimestamp: 1435, pSpin: 0 as byte, NpcHurtSound: "minecraft:entity.player.hurt", pTrail: 0, CreatureType: 0, Attributes: [{Base: 20.0, Name: "generic.maxHealth"}, {Base: 0.0, Name: "generic.knockbackResistance"}, {Base: 0.25, Name: "generic.movementSpeed"}, {Base: 0.0, Name: "generic.armor"}, {Base: 0.0, Name: "generic.armorToughness"}, {Base: 1.0, Name: "forge.swimSpeed"}, {Base: 32.0, Name: "generic.followRange"}, {Base: 5.0, Name: "generic.attackDamage"}, {Base: 0.5, Name: "generic.flyingSpeed"}], Invulnerable: 0 as byte, TransformHasDisplay: 0 as byte, NoFallDamage: 0 as byte, AbsorptionAmount: 0.0 as float, TransformHasRole: 0 as byte, Name: "佣兵", FallDistance: 0.0784 as float, SkinColor: 16777215, NpcIdleSound: "", Weapons: [], NPCDialogOptions: [], AggroRange: 16, DirectLOS: 1 as byte, HealthRegen: 1, ForgeCaps: {}, HandDropChances: [0.085 as float, 0.085 as float], NpcModelData: {LegsConfig: {NotShared: 0 as byte, ScaleZ: 1.0 as float, TransZ: 0.0 as float, TransY: 0.0 as float, TransX: 0.012000002 as float, ScaleY: 1.0 as float, ScaleX: 1.0 as float}, BodyConfig: {NotShared: 0 as byte, ScaleZ: 1.0 as float, TransZ: 0.0 as float, TransY: 0.0 as float, TransX: 0.0 as float, ScaleY: 1.0 as float, ScaleX: 1.0 as float}, Eyes: {Pattern: 0 as byte, Glint: 1 as byte, Type: 0 as byte, PositionY: 1, SkinColor: 11830381, PlayerTexture: 0 as byte, Color: 16445005, BrowColor: 5982516, BrowThickness: 4}, LegParts: {Pattern: 0 as byte, Type: 0 as byte, PlayerTexture: 0 as byte, Color: 16777215}, Parts: [], ArmsConfig: {NotShared: 0 as byte, ScaleZ: 1.0 as float, TransZ: 0.0 as float, TransY: 0.0 as float, TransX: -0.0 as float, ScaleY: 1.0 as float, ScaleX: 1.0 as float}, ExtraData: {}, HeadConfig: {NotShared: 0 as byte, ScaleZ: 1.0 as float, TransZ: 0.0 as float, TransY: 0.0 as float, TransX: 0.0 as float, ScaleY: 1.0 as float, ScaleX: 1.0 as float}}, minDelay: 20, DoorInteract: 2, MoveSpeed: 5, TransformEditingModus: 0 as byte, UsingSkinUrl: 0 as byte, Leashed: 0 as byte, SkinUrl: "", CanSwim: 1 as byte, GroundSound: "minecraft:block.stone.break", MaxHealth: 20, HideBodyWhenKilled: 0 as byte, AttackSpeed: 20, PotionDuration: 5, maxDelay: 40, ScriptEnabled: 0 as byte, Role: 0, DropChance: [], FactionPoints: {DecreaseFaction1Points: 0 as byte, OptionFaction2Points: 100, OptionFactions1: -1, OptionFactions2: -1, OptionFaction1Points: 100, DecreaseFaction2Points: 0 as byte}, pDamage: 4, KilledTime: 0 as long, AimWhileShooting: 0 as byte, CanPickUpLoot: 0 as byte, AttackOtherFactions: 1 as byte, CanDrown: 1 as byte, pSize: 5, CanSprint: 0 as byte, CanLeap: 0 as byte, TransformIsActive: 0 as byte, ForgeData: {cnpcmarkdata: {marks: []}}, MovingState: 0, MovingPos: 0, PotionAmp: 0, OnAttack: 0, TacticalRadius: 8, FallFlying: 0 as byte, MaxExp: 0, OrderedLines: 0 as byte, PortalCooldown: 0, pGlows: 0 as byte, TransformHasAdvanced: 0 as byte, TransformHasStats: 0 as byte, MovementType: 0, FiringSound: "minecraft:entity.arrow.shoot", ModRev: 18, Accuracy: 60, MinExp: 0, Armor: [], CloakTexture: "", GlowTexture: "", MaxFiringRange: 15, pXlr8: 0 as byte, Scripts: [], Health: 20.0 as float, pStick: 0 as byte, MovingPause: 1 as byte, NpcDeathSound: "minecraft:entity.player.hurt", FactionID: 2, Title: "", TotalTicksAlive: 1414 as long, Rotation: [183.49171 as float, 0.0 as float], ShowName: 1, npcInteracting: 1 as byte, UpdateBlocked: 0 as byte, AvoidsWater: 0 as byte, NoLivingAnimation: 0 as byte, SpawnCycle: 0}, DisplayName: "佣兵", Name: "entity.CustomNpc.name"})
<minecraft:diamond_sword>.withTag({ench: [{lvl: 32767 as short, id: 16 as short}], AttributeModifiers: [{UUIDMost: 6578777231184217 as long, UUIDLeast: 6578777231184217 as long, Amount: 2.147483648E9, Slot: "mainhand", AttributeName: "generic.attackDamage", Operation: 0, Name: "noName"}]})
<minecraft:diamond_sword>.withTag({ench: [{lvl: 32767, id: 16}], Unbreakable: 1 as byte})
<minecraft:redstone_torch>
<minecraft:redstone>
<minecraft:redstone_block>
<minecraft:sign>
<customnpcs:npcborder>
<customnpcs:npcwaypoint>
<customnpcs:npcredstoneblock>
<variedcommodities:letter>.withTag({HideFlags: 63 as byte, display: {Lore: ["用于雇佣同伴，可由任务获得"], Name: "（任务物品）同伴契约"}}) * 60
<customnpcs:npcmovingpath>.withTag({NPCID: 1873})
<variedcommodities:candle>
<minecraft:stone_button>
<customnpcs:npcmobcloner>
<minecraft:command_block>
<minecraft:repeater>
<minecraft:torch>
<minecraft:grass>
<minecraft:stone_pressure_plate>
<minecraft:elytra>
