[2022-06-26 13:57:20] [pool-4-thread-1 INFO] CustomSkinLoader 14.9
[2022-06-26 13:57:20] [pool-4-thread-1 INFO] DataDir: d:\Users\Administrator\Documents\GitHub\DreamBorderX-Earraylate-RPG\尓利雷特大陆RPG\.minecraft\versions\测试版本\CustomSkinLoader
[2022-06-26 13:57:20] [pool-4-thread-1 INFO] Minecraft: null(测试版本)
[2022-06-26 13:57:20] [pool-4-thread-1 INFO] Config File: d:\Users\Administrator\Documents\GitHub\DreamBorderX-Earraylate-RPG\尓利雷特大陆RPG\.minecraft\versions\测试版本\CustomSkinLoader\CustomSkinLoader.json
[2022-06-26 13:57:20] [pool-4-thread-1 INFO] Try to load config.
[2022-06-26 13:57:20] [pool-4-thread-1 INFO] Successfully load config.
[2022-06-26 13:57:20] [pool-4-thread-1 INFO] EnableDynamicSkull:true, EnableTranSkin:true, IgnoreHttpsCertificate:false, CacheExpiry:30, EnableUpdateSkull:false, EnableLocalProfileCache:false, EnableCacheAutoClean:false, LoadList:6
[2022-06-26 13:57:20] [GLgele INFO] Loading GLgele's profile.
[2022-06-26 13:57:20] [GLgele INFO] 1/6 Try to load profile from 'Mojang'.
[2022-06-26 13:57:20] [GLgele INFO] Default profile will be used.
[2022-06-26 13:57:20] [GLgele INFO] GLgele's profile loaded.
[2022-06-26 13:57:20] [GLgele INFO] (SkinUrl: https://littleskin.cn/textures/399683dd1eebbecd8b42de0a838a427d3acd12d1cb6c217aadc211f10171550d , Model: default , CapeUrl: https://littleskin.cn/textures/f27d93fe97653bf71e18c064f3e6b469391d4c74827064a08ceb5b5ae985c57e  , Expiry: 1656223074)
[2022-06-26 14:12:13] [MHF_Alex's skull INFO] Loading MHF_Alex's profile.
[2022-06-26 14:12:13] [MHF_Alex's skull INFO] 1/6 Try to load profile from 'Mojang'.
[2022-06-26 14:12:13] [MHF_Alex's skull INFO] Default profile will be used.
[2022-06-26 14:12:13] [MHF_Alex's skull INFO] MHF_Alex's profile loaded.
[2022-06-26 14:12:13] [MHF_Alex's skull INFO] (SkinUrl: https://littleskin.cn/textures/351cdc2c3e5daa34fdf4451ddcf5e06e57441b363a0771f7a3e91c68f119f98c , Model: slim , CapeUrl: null  , Expiry: 1656223964)
[2022-06-26 14:12:13] [MHF_Blaze's skull INFO] Loading MHF_Blaze's profile.
[2022-06-26 14:12:13] [MHF_Blaze's skull INFO] 1/6 Try to load profile from 'Mojang'.
[2022-06-26 14:12:13] [MHF_Blaze's skull INFO] Default profile will be used.
[2022-06-26 14:12:13] [MHF_Blaze's skull INFO] MHF_Blaze's profile loaded.
[2022-06-26 14:12:13] [MHF_Blaze's skull INFO] (SkinUrl: https://littleskin.cn/textures/07cd70395fe0a7c815ae59fdbe028586297c91c96c5774900597af469926f01e , Model: default , CapeUrl: null  , Expiry: 1656223968)
[2022-06-26 14:12:13] [MHF_CaveSpider's skull INFO] Loading MHF_CaveSpider's profile.
[2022-06-26 14:12:13] [MHF_CaveSpider's skull INFO] 1/6 Try to load profile from 'Mojang'.
[2022-06-26 14:12:13] [MHF_CaveSpider's skull INFO] Default profile will be used.
[2022-06-26 14:12:13] [MHF_CaveSpider's skull INFO] MHF_CaveSpider's profile loaded.
[2022-06-26 14:12:13] [MHF_CaveSpider's skull INFO] (SkinUrl: https://littleskin.cn/textures/2beeeade86a768f968336f4f5a88a6992833c4e233cce7663578eaffd7f9b329 , Model: default , CapeUrl: null  , Expiry: 1656223963)
[2022-06-26 14:12:13] [MHF_Chicken's skull INFO] Loading MHF_Chicken's profile.
[2022-06-26 14:12:13] [MHF_Chicken's skull INFO] 1/6 Try to load profile from 'Mojang'.
[2022-06-26 14:12:13] [MHF_Chicken's skull INFO] Default profile will be used.
[2022-06-26 14:12:13] [MHF_Chicken's skull INFO] MHF_Chicken's profile loaded.
[2022-06-26 14:12:13] [MHF_Chicken's skull INFO] (SkinUrl: https://littleskin.cn/textures/9a60a56f31095667f2c5d998ba37b0dc598235986c2d5d9aff97551c6c578e70 , Model: default , CapeUrl: null  , Expiry: 1656223968)
[2022-06-26 14:12:13] [MHF_Cow's skull INFO] Loading MHF_Cow's profile.
[2022-06-26 14:12:13] [MHF_Cow's skull INFO] 1/6 Try to load profile from 'Mojang'.
[2022-06-26 14:12:13] [MHF_Cow's skull INFO] Default profile will be used.
[2022-06-26 14:12:13] [MHF_Cow's skull INFO] MHF_Cow's profile loaded.
[2022-06-26 14:12:13] [MHF_Cow's skull INFO] (SkinUrl: https://littleskin.cn/textures/c8d8a6de3573957b1f539dc86358f821f65326198eb1e7bc80edf1286c9ff862 , Model: default , CapeUrl: null  , Expiry: 1656223968)
[2022-06-26 14:12:13] [MHF_Creeper's skull INFO] Loading MHF_Creeper's profile.
[2022-06-26 14:12:13] [MHF_Creeper's skull INFO] 1/6 Try to load profile from 'Mojang'.
[2022-06-26 14:12:13] [MHF_Creeper's skull INFO] Default profile will be used.
[2022-06-26 14:12:13] [MHF_Creeper's skull INFO] MHF_Creeper's profile loaded.
[2022-06-26 14:12:13] [MHF_Creeper's skull INFO] (SkinUrl: https://littleskin.cn/textures/ba5e95735a3f3772b1b485e1502807ae396a72c61bfd36ab41fa71bec2f64aa2 , Model: default , CapeUrl: null  , Expiry: 1656223967)
[2022-06-26 14:12:13] [MHF_Enderman's skull INFO] Loading MHF_Enderman's profile.
[2022-06-26 14:12:13] [MHF_Enderman's skull INFO] 1/6 Try to load profile from 'Mojang'.
[2022-06-26 14:12:13] [MHF_Enderman's skull INFO] Default profile will be used.
[2022-06-26 14:12:13] [MHF_Enderman's skull INFO] MHF_Enderman's profile loaded.
[2022-06-26 14:12:13] [MHF_Enderman's skull INFO] (SkinUrl: https://littleskin.cn/textures/d78084c5130a08d82a7b02d3d4fbbb21d1a1cd7f10c3cc3e07a9367e3de13140 , Model: default , CapeUrl: null  , Expiry: 1656223964)
[2022-06-26 14:12:13] [MHF_Ghast's skull INFO] Loading MHF_Ghast's profile.
[2022-06-26 14:12:13] [MHF_Ghast's skull INFO] 1/6 Try to load profile from 'Mojang'.
[2022-06-26 14:12:13] [MHF_Ghast's skull INFO] Default profile will be used.
[2022-06-26 14:12:13] [MHF_Ghast's skull INFO] MHF_Ghast's profile loaded.
[2022-06-26 14:12:13] [MHF_Ghast's skull INFO] (SkinUrl: https://littleskin.cn/textures/c91c76069504fcb3dcac7a631dd9a01170beed379998dc7bdfea51983516d086 , Model: default , CapeUrl: null  , Expiry: 1656223964)
[2022-06-26 14:12:13] [MHF_Golem's skull INFO] Loading MHF_Golem's profile.
[2022-06-26 14:12:13] [MHF_Golem's skull INFO] 1/6 Try to load profile from 'Mojang'.
[2022-06-26 14:12:13] [MHF_Golem's skull INFO] Default profile will be used.
[2022-06-26 14:12:13] [MHF_Golem's skull INFO] MHF_Golem's profile loaded.
[2022-06-26 14:12:13] [MHF_Golem's skull INFO] (SkinUrl: https://littleskin.cn/textures/3254831a14b4eec52f99894cbbe929426c0e28f2d5a1d201ce123d0fd550114b , Model: default , CapeUrl: null  , Expiry: 1656223963)
[2022-06-26 14:12:13] [MHF_Herobrine's skull INFO] Loading MHF_Herobrine's profile.
[2022-06-26 14:12:13] [MHF_Herobrine's skull INFO] 1/6 Try to load profile from 'Mojang'.
[2022-06-26 14:12:13] [MHF_Herobrine's skull INFO] Default profile will be used.
[2022-06-26 14:12:13] [MHF_Herobrine's skull INFO] MHF_Herobrine's profile loaded.
[2022-06-26 14:12:13] [MHF_Herobrine's skull INFO] (SkinUrl: https://littleskin.cn/textures/2aaa8116115b060eebdeb268a1d885c090e4ded2efba6f8b79c1b1f4545a2a1a , Model: default , CapeUrl: null  , Expiry: 1656223967)
[2022-06-26 14:12:13] [MHF_LavaSlime's skull INFO] Loading MHF_LavaSlime's profile.
[2022-06-26 14:12:13] [MHF_LavaSlime's skull INFO] 1/6 Try to load profile from 'Mojang'.
[2022-06-26 14:12:13] [MHF_LavaSlime's skull INFO] Default profile will be used.
[2022-06-26 14:12:13] [MHF_LavaSlime's skull INFO] MHF_LavaSlime's profile loaded.
[2022-06-26 14:12:13] [MHF_LavaSlime's skull INFO] (SkinUrl: https://littleskin.cn/textures/66fd83f7347786296174a9436573997bf25e6f7436b8f0dbc9f6462c2bae8b03 , Model: default , CapeUrl: null  , Expiry: 1656223967)
[2022-06-26 14:12:13] [MHF_MushroomCow's skull INFO] Loading MHF_MushroomCow's profile.
[2022-06-26 14:12:13] [MHF_MushroomCow's skull INFO] 1/6 Try to load profile from 'Mojang'.
[2022-06-26 14:12:13] [MHF_MushroomCow's skull INFO] Default profile will be used.
[2022-06-26 14:12:13] [MHF_MushroomCow's skull INFO] MHF_MushroomCow's profile loaded.
[2022-06-26 14:12:13] [MHF_MushroomCow's skull INFO] (SkinUrl: https://littleskin.cn/textures/9a70f5e5816465c6ccc37208b2f333f3c1dfdb363d299764e0b185c41de2b849 , Model: default , CapeUrl: null  , Expiry: 1656223964)
[2022-06-26 14:12:13] [MHF_Ocelot's skull INFO] Loading MHF_Ocelot's profile.
[2022-06-26 14:12:13] [MHF_Ocelot's skull INFO] 1/6 Try to load profile from 'Mojang'.
[2022-06-26 14:12:13] [MHF_Ocelot's skull INFO] Default profile will be used.
[2022-06-26 14:12:13] [MHF_Ocelot's skull INFO] MHF_Ocelot's profile loaded.
[2022-06-26 14:12:13] [MHF_Ocelot's skull INFO] (SkinUrl: https://littleskin.cn/textures/1764a6f13a72e24a07a2a22404ea1957819fa6566bd0d060252e670ceb9454a6 , Model: default , CapeUrl: null  , Expiry: 1656223967)
[2022-06-26 14:12:14] [MHF_Pig's skull INFO] Loading MHF_Pig's profile.
[2022-06-26 14:12:14] [MHF_Pig's skull INFO] 1/6 Try to load profile from 'Mojang'.
[2022-06-26 14:12:14] [MHF_Pig's skull INFO] Default profile will be used.
[2022-06-26 14:12:14] [MHF_Pig's skull INFO] MHF_Pig's profile loaded.
[2022-06-26 14:12:14] [MHF_Pig's skull INFO] (SkinUrl: https://littleskin.cn/textures/ad5700730dbb38b4df87e4446fbbd5a53f8c4719f76a7c1c1bcec1baf72e80cb , Model: default , CapeUrl: null  , Expiry: 1656223968)
[2022-06-26 14:12:14] [MHF_PigZombie's skull INFO] Loading MHF_PigZombie's profile.
[2022-06-26 14:12:14] [MHF_PigZombie's skull INFO] 1/6 Try to load profile from 'Mojang'.
[2022-06-26 14:12:14] [MHF_PigZombie's skull INFO] Default profile will be used.
[2022-06-26 14:12:14] [MHF_PigZombie's skull INFO] MHF_PigZombie's profile loaded.
[2022-06-26 14:12:14] [MHF_PigZombie's skull INFO] (SkinUrl: https://littleskin.cn/textures/7fd60e529b707eeeba4fd81ec319f603d4458b1c36f9ddd40a3d2fae701ad499 , Model: default , CapeUrl: null  , Expiry: 1656223964)
[2022-06-26 14:12:14] [MHF_Sheep's skull INFO] Loading MHF_Sheep's profile.
[2022-06-26 14:12:14] [MHF_Sheep's skull INFO] 1/6 Try to load profile from 'Mojang'.
[2022-06-26 14:12:14] [MHF_Sheep's skull INFO] Default profile will be used.
[2022-06-26 14:12:14] [MHF_Sheep's skull INFO] MHF_Sheep's profile loaded.
[2022-06-26 14:12:14] [MHF_Sheep's skull INFO] (SkinUrl: https://littleskin.cn/textures/fcf5a22e0caf0bd0eb6a7b234ae6fd368787e1a1a0b2b9c6060c147fbc46f7d4 , Model: default , CapeUrl: null  , Expiry: 1656223968)
[2022-06-26 14:12:14] [MHF_Skeleton's skull INFO] Loading MHF_Skeleton's profile.
[2022-06-26 14:12:14] [MHF_Skeleton's skull INFO] 1/6 Try to load profile from 'Mojang'.
[2022-06-26 14:12:14] [MHF_Skeleton's skull INFO] Default profile will be used.
[2022-06-26 14:12:14] [MHF_Skeleton's skull INFO] MHF_Skeleton's profile loaded.
[2022-06-26 14:12:14] [MHF_Skeleton's skull INFO] (SkinUrl: https://littleskin.cn/textures/39978c7eba26fd5758745c15ac2f76a16c02045576e5c81b23f18f4ce17c1a6c , Model: slim , CapeUrl: null  , Expiry: 1656223966)
[2022-06-26 14:12:14] [MHF_Slime's skull INFO] Loading MHF_Slime's profile.
[2022-06-26 14:12:14] [MHF_Slime's skull INFO] 1/6 Try to load profile from 'Mojang'.
[2022-06-26 14:12:14] [MHF_Slime's skull INFO] Default profile will be used.
[2022-06-26 14:12:14] [MHF_Slime's skull INFO] MHF_Slime's profile loaded.
[2022-06-26 14:12:14] [MHF_Slime's skull INFO] (SkinUrl: https://littleskin.cn/textures/db8d1fcf239185f19e7a42f21c67b650ba5a67f5039941951a544187df5af5cf , Model: slim , CapeUrl: null  , Expiry: 1656223969)
[2022-06-26 14:12:14] [MHF_Spider's skull INFO] Loading MHF_Spider's profile.
[2022-06-26 14:12:14] [MHF_Spider's skull INFO] 1/6 Try to load profile from 'Mojang'.
[2022-06-26 14:12:14] [MHF_Spider's skull INFO] Default profile will be used.
[2022-06-26 14:12:14] [MHF_Spider's skull INFO] MHF_Spider's profile loaded.
[2022-06-26 14:12:14] [MHF_Spider's skull INFO] (SkinUrl: https://littleskin.cn/textures/b1e622154bd58127f7a8069dce35a23fab517017a6ecd6ca1ba1e9451d74b0f9 , Model: default , CapeUrl: null  , Expiry: 1656223967)
[2022-06-26 14:12:14] [MHF_Squid's skull INFO] Loading MHF_Squid's profile.
[2022-06-26 14:12:14] [MHF_Squid's skull INFO] 1/6 Try to load profile from 'Mojang'.
[2022-06-26 14:12:14] [MHF_Squid's skull INFO] Default profile will be used.
[2022-06-26 14:12:14] [MHF_Squid's skull INFO] MHF_Squid's profile loaded.
[2022-06-26 14:12:14] [MHF_Squid's skull INFO] (SkinUrl: https://littleskin.cn/textures/fe6ac30b341a48628ca666b3ceeaedf7c1036ee9e6d51aeebcd1787784fbff81 , Model: default , CapeUrl: null  , Expiry: 1656223965)
[2022-06-26 14:12:14] [MHF_Steve's skull INFO] Loading MHF_Steve's profile.
[2022-06-26 14:12:14] [MHF_Steve's skull INFO] 1/6 Try to load profile from 'Mojang'.
[2022-06-26 14:12:14] [MHF_Steve's skull INFO] Default profile will be used.
[2022-06-26 14:12:14] [MHF_Steve's skull INFO] MHF_Steve's profile loaded.
[2022-06-26 14:12:14] [MHF_Steve's skull INFO] (SkinUrl: https://littleskin.cn/textures/082fdbe1403d09fcf030464bf754439ee79e9287bb15efbe2f54d02f60108133 , Model: default , CapeUrl: null  , Expiry: 1656223969)
[2022-06-26 14:12:14] [MHF_Villager's skull INFO] Loading MHF_Villager's profile.
[2022-06-26 14:12:14] [MHF_Villager's skull INFO] 1/6 Try to load profile from 'Mojang'.
[2022-06-26 14:12:14] [MHF_Villager's skull INFO] Default profile will be used.
[2022-06-26 14:12:14] [MHF_Villager's skull INFO] MHF_Villager's profile loaded.
[2022-06-26 14:12:14] [MHF_Villager's skull INFO] (SkinUrl: https://littleskin.cn/textures/c4b2d8f2457c512c65e3ce7d22ebd50d2db42d0e7726c0158313a62ed95a6148 , Model: default , CapeUrl: null  , Expiry: 1656223967)
[2022-06-26 14:12:14] [mhf_wolf's skull INFO] Loading mhf_wolf's profile.
[2022-06-26 14:12:14] [mhf_wolf's skull INFO] 1/6 Try to load profile from 'Mojang'.
[2022-06-26 14:12:14] [mhf_wolf's skull DEBUG] Try to request 'http://127.0.0.1:11106/https/api.mojang.com/users/profiles/minecraft/mhf_wolf'.
[2022-06-26 14:12:14] [MHF_WSkeleton's skull INFO] Loading MHF_WSkeleton's profile.
[2022-06-26 14:12:14] [MHF_WSkeleton's skull INFO] 1/6 Try to load profile from 'Mojang'.
[2022-06-26 14:12:14] [MHF_WSkeleton's skull INFO] Default profile will be used.
[2022-06-26 14:12:14] [MHF_WSkeleton's skull INFO] MHF_WSkeleton's profile loaded.
[2022-06-26 14:12:14] [MHF_WSkeleton's skull INFO] (SkinUrl: https://littleskin.cn/textures/d43313cac8c52be6fc492ca825d12ec68f698969f639c0bc9662f006ad4f514a , Model: slim , CapeUrl: null  , Expiry: 1656223969)
[2022-06-26 14:12:15] [MHF_Zombie's skull INFO] Loading MHF_Zombie's profile.
[2022-06-26 14:12:15] [MHF_Zombie's skull INFO] 1/6 Try to load profile from 'Mojang'.
[2022-06-26 14:12:15] [MHF_Zombie's skull INFO] Default profile will be used.
[2022-06-26 14:12:15] [MHF_Zombie's skull INFO] MHF_Zombie's profile loaded.
[2022-06-26 14:12:15] [MHF_Zombie's skull INFO] (SkinUrl: https://littleskin.cn/textures/938a69e6e1d40d0b886154bc2bfe9587a5178d8797f5dee5b496675e34288a25 , Model: slim , CapeUrl: null  , Expiry: 1656223967)
[2022-06-26 14:12:15] [MHF_Cactus's skull INFO] Loading MHF_Cactus's profile.
[2022-06-26 14:12:15] [MHF_Cactus's skull INFO] 1/6 Try to load profile from 'Mojang'.
[2022-06-26 14:12:15] [MHF_Cactus's skull INFO] Default profile will be used.
[2022-06-26 14:12:15] [MHF_Cactus's skull INFO] MHF_Cactus's profile loaded.
[2022-06-26 14:12:15] [MHF_Cactus's skull INFO] (SkinUrl: https://littleskin.cn/textures/84a071c70ab6cacad20f14febc55bc37d2134b9bfbdd9e05144deb00e1a5e80a , Model: default , CapeUrl: null  , Expiry: 1656223967)
[2022-06-26 14:12:15] [MHF_Cake's skull INFO] Loading MHF_Cake's profile.
[2022-06-26 14:12:15] [MHF_Cake's skull INFO] 1/6 Try to load profile from 'Mojang'.
[2022-06-26 14:12:15] [MHF_Cake's skull INFO] Default profile will be used.
[2022-06-26 14:12:15] [MHF_Cake's skull INFO] MHF_Cake's profile loaded.
[2022-06-26 14:12:15] [MHF_Cake's skull INFO] (SkinUrl: https://littleskin.cn/textures/3fceb8f7aca3470b2e8d78688b73189905dbacfbdc27417d4d7fef212ef760a7 , Model: default , CapeUrl: null  , Expiry: 1656223969)
[2022-06-26 14:12:15] [mhf_wolf's skull DEBUG] Successfully request (Response Code: 204 , Content Length: 0)
[2022-06-26 14:12:15] [mhf_wolf's skull DEBUG] Saved to cache (Length: 0 , Path: 'd:\Users\Administrator\Documents\GitHub\DreamBorderX-Earraylate-RPG\尓利雷特大陆RPG\.minecraft\versions\测试版本\CustomSkinLoader\caches\107284701bf769d3815a5f51e54578a9e786a020' , Expire: 1656310339)
[2022-06-26 14:12:15] [mhf_wolf's skull DEBUG] Content: 
[2022-06-26 14:12:15] [mhf_wolf's skull INFO] Profile not found.(mhf_wolf's profile not found.)
[2022-06-26 14:12:15] [mhf_wolf's skull INFO] 2/6 Try to load profile from 'LittleSkin'.
[2022-06-26 14:12:15] [mhf_wolf's skull DEBUG] Try to request 'https://littleskin.cn/mhf_wolf.json'.
[2022-06-26 14:12:15] [MHF_Chest's skull INFO] Loading MHF_Chest's profile.
[2022-06-26 14:12:15] [MHF_Chest's skull INFO] 1/6 Try to load profile from 'Mojang'.
[2022-06-26 14:12:15] [MHF_Chest's skull INFO] Default profile will be used.
[2022-06-26 14:12:15] [MHF_Chest's skull INFO] MHF_Chest's profile loaded.
[2022-06-26 14:12:15] [MHF_Chest's skull INFO] (SkinUrl: https://littleskin.cn/textures/c434ca6973eba81d0c339d9facd34e53b7ec52fa05353f506feec76256b82efd , Model: default , CapeUrl: null  , Expiry: 1656223967)
[2022-06-26 14:12:15] [mhf_wolf's skull DEBUG] Successfully request (Response Code: 200 , Content Length: 3)
[2022-06-26 14:12:15] [mhf_wolf's skull DEBUG] Saved to cache (Length: 3 , Path: 'd:\Users\Administrator\Documents\GitHub\DreamBorderX-Earraylate-RPG\尓利雷特大陆RPG\.minecraft\versions\测试版本\CustomSkinLoader\caches\e91258c5565d0e80d813ec503e712847a9545ae2' , Expire: 1656224025)
[2022-06-26 14:12:15] [mhf_wolf's skull DEBUG] Content: {}

[2022-06-26 14:12:15] [mhf_wolf's skull INFO] Both skin and cape not found.
[2022-06-26 14:12:15] [mhf_wolf's skull INFO] 3/6 Try to load profile from 'BlessingSkin'.
[2022-06-26 14:12:15] [mhf_wolf's skull DEBUG] Try to request 'http://skin.prinzeugen.net/mhf_wolf.json'.
[2022-06-26 14:12:15] [MHF_CoconutB's skull INFO] Loading MHF_CoconutB's profile.
[2022-06-26 14:12:15] [MHF_CoconutB's skull INFO] 1/6 Try to load profile from 'Mojang'.
[2022-06-26 14:12:15] [MHF_CoconutB's skull INFO] Default profile will be used.
[2022-06-26 14:12:15] [MHF_CoconutB's skull INFO] MHF_CoconutB's profile loaded.
[2022-06-26 14:12:15] [MHF_CoconutB's skull INFO] (SkinUrl: https://littleskin.cn/textures/27563d76b34a03e75a447c0becdfa87c299510db45921a73c4aa5911a881ade9 , Model: default , CapeUrl: null  , Expiry: 1656223967)
[2022-06-26 14:12:15] [MHF_CoconutG's skull INFO] Loading MHF_CoconutG's profile.
[2022-06-26 14:12:15] [MHF_CoconutG's skull INFO] 1/6 Try to load profile from 'Mojang'.
[2022-06-26 14:12:15] [MHF_CoconutG's skull INFO] Default profile will be used.
[2022-06-26 14:12:15] [MHF_CoconutG's skull INFO] MHF_CoconutG's profile loaded.
[2022-06-26 14:12:15] [MHF_CoconutG's skull INFO] (SkinUrl: https://littleskin.cn/textures/ee6981b983e71c5a553cff8f8f648448bdc2c4521de89613c2e7a833cb28d5f3 , Model: default , CapeUrl: null  , Expiry: 1656223965)
[2022-06-26 14:12:15] [MHF_Melon's skull INFO] Loading MHF_Melon's profile.
[2022-06-26 14:12:15] [MHF_Melon's skull INFO] 1/6 Try to load profile from 'Mojang'.
[2022-06-26 14:12:15] [MHF_Melon's skull INFO] Default profile will be used.
[2022-06-26 14:12:15] [MHF_Melon's skull INFO] MHF_Melon's profile loaded.
[2022-06-26 14:12:15] [MHF_Melon's skull INFO] (SkinUrl: https://littleskin.cn/textures/6040b09ba4a94e237d455f0aac8e7563eb4ce2455fa9f4b60f251b58ebd86af0 , Model: default , CapeUrl: null  , Expiry: 1656223967)
[2022-06-26 14:12:15] [MHF_OakLog's skull INFO] Loading MHF_OakLog's profile.
[2022-06-26 14:12:15] [MHF_OakLog's skull INFO] 1/6 Try to load profile from 'Mojang'.
[2022-06-26 14:12:15] [MHF_OakLog's skull INFO] Default profile will be used.
[2022-06-26 14:12:15] [MHF_OakLog's skull INFO] MHF_OakLog's profile loaded.
[2022-06-26 14:12:15] [MHF_OakLog's skull INFO] (SkinUrl: https://littleskin.cn/textures/15685d2a8b0b9b056c96ab22fbab471505a68a19fb73302d8ab7fe5ef1b1d540 , Model: default , CapeUrl: null  , Expiry: 1656223966)
[2022-06-26 14:12:15] [MHF_Present1's skull INFO] Loading MHF_Present1's profile.
[2022-06-26 14:12:15] [MHF_Present1's skull INFO] 1/6 Try to load profile from 'Mojang'.
[2022-06-26 14:12:15] [MHF_Present1's skull INFO] Default profile will be used.
[2022-06-26 14:12:15] [MHF_Present1's skull INFO] MHF_Present1's profile loaded.
[2022-06-26 14:12:15] [MHF_Present1's skull INFO] (SkinUrl: https://littleskin.cn/textures/64302eda40505e5a2ea04d7dc874c574f1f3a229f1637a10777035ee65381db0 , Model: default , CapeUrl: null  , Expiry: 1656223969)
[2022-06-26 14:12:15] [MHF_Present2's skull INFO] Loading MHF_Present2's profile.
[2022-06-26 14:12:15] [MHF_Present2's skull INFO] 1/6 Try to load profile from 'Mojang'.
[2022-06-26 14:12:15] [MHF_Present2's skull INFO] Default profile will be used.
[2022-06-26 14:12:15] [MHF_Present2's skull INFO] MHF_Present2's profile loaded.
[2022-06-26 14:12:15] [MHF_Present2's skull INFO] (SkinUrl: https://littleskin.cn/textures/bd0fce3fcaf0e4ae028d9d1227706238a7fb0293249ae933b84f90a4feee6e83 , Model: default , CapeUrl: null  , Expiry: 1656223967)
[2022-06-26 14:12:15] [MHF_Pumpkin's skull INFO] Loading MHF_Pumpkin's profile.
[2022-06-26 14:12:15] [MHF_Pumpkin's skull INFO] 1/6 Try to load profile from 'Mojang'.
[2022-06-26 14:12:15] [MHF_Pumpkin's skull INFO] Default profile will be used.
[2022-06-26 14:12:15] [MHF_Pumpkin's skull INFO] MHF_Pumpkin's profile loaded.
[2022-06-26 14:12:15] [MHF_Pumpkin's skull INFO] (SkinUrl: https://littleskin.cn/textures/d8b225725ae2a5bd9097f5f2a64ab6aaec44634a4c696f8f9acfa6fa1ae456f3 , Model: default , CapeUrl: null  , Expiry: 1656223968)
[2022-06-26 14:12:15] [MHF_TNT's skull INFO] Loading MHF_TNT's profile.
[2022-06-26 14:12:15] [MHF_TNT's skull INFO] 1/6 Try to load profile from 'Mojang'.
[2022-06-26 14:12:15] [MHF_TNT's skull INFO] Default profile will be used.
[2022-06-26 14:12:15] [MHF_TNT's skull INFO] MHF_TNT's profile loaded.
[2022-06-26 14:12:15] [MHF_TNT's skull INFO] (SkinUrl: https://littleskin.cn/textures/fbebaac3608346491594de5c8bec567a7d2c7cf544cf013c874f35ea6f90fe68 , Model: default , CapeUrl: null  , Expiry: 1656223968)
[2022-06-26 14:12:16] [MHF_TNT2's skull INFO] Loading MHF_TNT2's profile.
[2022-06-26 14:12:16] [MHF_TNT2's skull INFO] 1/6 Try to load profile from 'Mojang'.
[2022-06-26 14:12:16] [MHF_TNT2's skull INFO] Default profile will be used.
[2022-06-26 14:12:16] [MHF_TNT2's skull INFO] MHF_TNT2's profile loaded.
[2022-06-26 14:12:16] [MHF_TNT2's skull INFO] (SkinUrl: https://littleskin.cn/textures/4d59ce7d2deb1799dbd746fabe47df13716e54f9fe40742781fabbf217f5d4de , Model: default , CapeUrl: null  , Expiry: 1656223970)
[2022-06-26 14:12:16] [MHF_ArrowUp's skull INFO] Loading MHF_ArrowUp's profile.
[2022-06-26 14:12:16] [MHF_ArrowUp's skull INFO] 1/6 Try to load profile from 'Mojang'.
[2022-06-26 14:12:16] [MHF_ArrowUp's skull INFO] Default profile will be used.
[2022-06-26 14:12:16] [MHF_ArrowUp's skull INFO] MHF_ArrowUp's profile loaded.
[2022-06-26 14:12:16] [MHF_ArrowUp's skull INFO] (SkinUrl: https://littleskin.cn/textures/96da5f2b9779c838448db27460551d3caf4a36c81a429bd3f152459cd3e6eb0d , Model: default , CapeUrl: null  , Expiry: 1656223969)
[2022-06-26 14:12:16] [MHF_ArrowDown's skull INFO] Loading MHF_ArrowDown's profile.
[2022-06-26 14:12:16] [MHF_ArrowDown's skull INFO] 1/6 Try to load profile from 'Mojang'.
[2022-06-26 14:12:16] [MHF_ArrowDown's skull INFO] Default profile will be used.
[2022-06-26 14:12:16] [MHF_ArrowDown's skull INFO] MHF_ArrowDown's profile loaded.
[2022-06-26 14:12:16] [MHF_ArrowDown's skull INFO] (SkinUrl: https://littleskin.cn/textures/02ea5d95ba0dbf890ad02fedfe52e01e2e6dca8ab37610537533944635af0858 , Model: default , CapeUrl: null  , Expiry: 1656223971)
[2022-06-26 14:12:16] [MHF_ArrowLeft's skull INFO] Loading MHF_ArrowLeft's profile.
[2022-06-26 14:12:16] [MHF_ArrowLeft's skull INFO] 1/6 Try to load profile from 'Mojang'.
[2022-06-26 14:12:16] [MHF_ArrowLeft's skull INFO] Default profile will be used.
[2022-06-26 14:12:16] [MHF_ArrowLeft's skull INFO] MHF_ArrowLeft's profile loaded.
[2022-06-26 14:12:16] [MHF_ArrowLeft's skull INFO] (SkinUrl: https://littleskin.cn/textures/9ef2246baaf81d6ba4de16e2329ddd9aee579fbf6c95a664f9ef4e07dd2d7736 , Model: default , CapeUrl: null  , Expiry: 1656223971)
[2022-06-26 14:12:16] [MHF_ArrowRight's skull INFO] Loading MHF_ArrowRight's profile.
[2022-06-26 14:12:16] [MHF_ArrowRight's skull INFO] 1/6 Try to load profile from 'Mojang'.
[2022-06-26 14:12:16] [MHF_ArrowRight's skull INFO] Default profile will be used.
[2022-06-26 14:12:16] [MHF_ArrowRight's skull INFO] MHF_ArrowRight's profile loaded.
[2022-06-26 14:12:16] [MHF_ArrowRight's skull INFO] (SkinUrl: https://littleskin.cn/textures/1ac3f9d9d9af685b6e8bf26c45a508d9d7d62d758368281fe7f20ed9cc543b02 , Model: default , CapeUrl: null  , Expiry: 1656223967)
[2022-06-26 14:12:16] [MHF_Exclamation's skull INFO] Loading MHF_Exclamation's profile.
[2022-06-26 14:12:16] [MHF_Exclamation's skull INFO] 1/6 Try to load profile from 'Mojang'.
[2022-06-26 14:12:16] [MHF_Exclamation's skull INFO] Default profile will be used.
[2022-06-26 14:12:16] [MHF_Exclamation's skull INFO] MHF_Exclamation's profile loaded.
[2022-06-26 14:12:16] [MHF_Exclamation's skull INFO] (SkinUrl: https://littleskin.cn/textures/8747cbdeaa373bd5aee55d82fb0b6a8db74796ec51f9385922ffb65497fa3257 , Model: default , CapeUrl: null  , Expiry: 1656223969)
[2022-06-26 14:12:16] [MHF_Question's skull INFO] Loading MHF_Question's profile.
[2022-06-26 14:12:16] [MHF_Question's skull INFO] 1/6 Try to load profile from 'Mojang'.
[2022-06-26 14:12:16] [MHF_Question's skull INFO] Default profile will be used.
[2022-06-26 14:12:16] [MHF_Question's skull INFO] MHF_Question's profile loaded.
[2022-06-26 14:12:16] [MHF_Question's skull INFO] (SkinUrl: https://littleskin.cn/textures/2fb6b638e26e3c9e2d8f6a63b2cc803f9d6368e19b083b4c26fe67ab8069f86e , Model: default , CapeUrl: null  , Expiry: 1656223969)
[2022-06-26 14:12:16] [mhf_wolf's skull DEBUG] Failed to request (Response Code: 404)
[2022-06-26 14:12:16] [mhf_wolf's skull INFO] Profile not found.
[2022-06-26 14:12:16] [mhf_wolf's skull INFO] 4/6 Try to load profile from 'ElyBy'.
[2022-06-26 14:12:16] [mhf_wolf's skull DEBUG] Try to request 'http://skinsystem.ely.by/textures/mhf_wolf?version=2&minecraft_version=null'.
[2022-06-26 14:12:18] [mhf_wolf's skull DEBUG] Successfully request (Response Code: 200 , Content Length: 121)
[2022-06-26 14:12:18] [mhf_wolf's skull DEBUG] Saved to cache (Length: 121 , Path: 'd:\Users\Administrator\Documents\GitHub\DreamBorderX-Earraylate-RPG\尓利雷特大陆RPG\.minecraft\versions\测试版本\CustomSkinLoader\caches\5c7c31b837a5394e7e53bd088509f0900656d1de' , Expire: 1656224030)
[2022-06-26 14:12:18] [mhf_wolf's skull DEBUG] Content: {"SKIN":{"url":"http://textures.minecraft.net/texture/696a537a813a1c17ab4c90d212b80d03b1baf1e3cf172f5ffe02afd0532fccef"}}
[2022-06-26 14:12:18] [mhf_wolf's skull INFO] Both skin and cape not found.
[2022-06-26 14:12:18] [mhf_wolf's skull INFO] 5/6 Try to load profile from 'SkinMe'.
[2022-06-26 14:12:18] [mhf_wolf's skull DEBUG] Try to request 'http://www.skinme.cc/uniskin/mhf_wolf.json'.
[2022-06-26 14:12:18] [mhf_wolf's skull DEBUG] Successfully request (Response Code: 200 , Content Length: 98)
[2022-06-26 14:12:18] [mhf_wolf's skull DEBUG] Saved to cache (Length: 98 , Path: 'd:\Users\Administrator\Documents\GitHub\DreamBorderX-Earraylate-RPG\尓利雷特大陆RPG\.minecraft\versions\测试版本\CustomSkinLoader\caches\c7dbdfcef80af85f61267f8f7f1eff141118e1fc' , Expire: 1656224031)
[2022-06-26 14:12:18] [mhf_wolf's skull DEBUG] Content: {"player_name":"MHF_Wolf","model_preference":["default"],"skins":{"default":"skinme_skin_677320"}}
[2022-06-26 14:12:18] [mhf_wolf's skull INFO] mhf_wolf's profile loaded.
[2022-06-26 14:12:18] [mhf_wolf's skull INFO] (SkinUrl: http://www.skinme.cc/uniskin/textures/skinme_skin_677320 , Model: default , CapeUrl: null  , Expiry: 1656223969)
