[2021-09-11 08:40:03] [main INFO] [CSL DEBUG] REGISTERING TRANSFORMER customskinloader.forge.transformer.SkinManagerTransformer$InitTransformer
[2021-09-11 08:40:03] [main INFO] [CSL DEBUG] REGISTERING METHOD net.minecraft.client.resources.SkinManager(<init>(Lnet/minecraft/client/renderer/texture/TextureManager;Ljava/io/File;Lcom/mojang/authlib/minecraft/MinecraftSessionService;)V)
[2021-09-11 08:40:03] [main INFO] [CSL DEBUG] REGISTERING TRANSFORMER customskinloader.forge.transformer.SkinManagerTransformer$LoadSkinTransformer
[2021-09-11 08:40:03] [main INFO] [CSL DEBUG] REGISTERING METHOD net.minecraft.client.resources.SkinManager(func_152789_a(Lcom/mojang/authlib/minecraft/MinecraftProfileTexture;Lcom/mojang/authlib/minecraft/MinecraftProfileTexture$Type;Lnet/minecraft/client/resources/SkinManager$SkinAvailableCallback;)Lnet/minecraft/util/ResourceLocation;)
[2021-09-11 08:40:03] [main INFO] [CSL DEBUG] REGISTERING METHOD net.minecraft.client.resources.SkinManager(loadSkin(Lcom/mojang/authlib/minecraft/MinecraftProfileTexture;Lcom/mojang/authlib/minecraft/MinecraftProfileTexture$Type;Lnet/minecraft/client/resources/SkinManager$SkinAvailableCallback;)Lnet/minecraft/util/ResourceLocation;)
[2021-09-11 08:40:03] [main INFO] [CSL DEBUG] REGISTERING TRANSFORMER customskinloader.forge.transformer.SkinManagerTransformer$LoadProfileTexturesTransformer
[2021-09-11 08:40:03] [main INFO] [CSL DEBUG] REGISTERING METHOD net.minecraft.client.resources.SkinManager(func_152790_a(Lcom/mojang/authlib/GameProfile;Lnet/minecraft/client/resources/SkinManager$SkinAvailableCallback;Z)V)
[2021-09-11 08:40:03] [main INFO] [CSL DEBUG] REGISTERING METHOD net.minecraft.client.resources.SkinManager(loadProfileTextures(Lcom/mojang/authlib/GameProfile;Lnet/minecraft/client/resources/SkinManager$SkinAvailableCallback;Z)V)
[2021-09-11 08:40:03] [main INFO] [CSL DEBUG] REGISTERING TRANSFORMER customskinloader.forge.transformer.SkinManagerTransformer$LoadSkinFromCacheTransformer
[2021-09-11 08:40:03] [main INFO] [CSL DEBUG] REGISTERING METHOD net.minecraft.client.resources.SkinManager(func_152788_a(Lcom/mojang/authlib/GameProfile;)Ljava/util/Map;)
[2021-09-11 08:40:03] [main INFO] [CSL DEBUG] REGISTERING METHOD net.minecraft.client.resources.SkinManager(loadSkinFromCache(Lcom/mojang/authlib/GameProfile;)Ljava/util/Map;)
[2021-09-11 08:40:03] [main INFO] [CSL DEBUG] REGISTERING TRANSFORMER customskinloader.forge.transformer.PlayerTabTransformer$ScoreObjectiveTransformer
[2021-09-11 08:40:03] [main INFO] [CSL DEBUG] REGISTERING METHOD net.minecraft.client.gui.GuiPlayerTabOverlay(func_175249_a(ILnet/minecraft/scoreboard/Scoreboard;Lnet/minecraft/scoreboard/ScoreObjective;)V)
[2021-09-11 08:40:03] [main INFO] [CSL DEBUG] REGISTERING METHOD net.minecraft.client.gui.GuiPlayerTabOverlay(renderPlayerlist(ILnet/minecraft/scoreboard/Scoreboard;Lnet/minecraft/scoreboard/ScoreObjective;)V)
[2021-09-11 08:40:03] [main INFO] [CSL DEBUG] REGISTERING TRANSFORMER customskinloader.forge.transformer.SpectatorMenuTransformer$PlayerMenuObjectTransformer
[2021-09-11 08:40:03] [main INFO] [CSL DEBUG] REGISTERING METHOD net.minecraft.client.gui.spectator.PlayerMenuObject(<init>(Lcom/mojang/authlib/GameProfile;)V)
[2021-09-11 08:40:10] [Client thread INFO] [CSL DEBUG] CLASS net.minecraft.client.resources.SkinManager will be transformed
[2021-09-11 08:40:10] [Client thread INFO] [CSL DEBUG] Transforming method <init>(Lnet/minecraft/client/renderer/texture/TextureManager;Ljava/io/File;Lcom/mojang/authlib/minecraft/MinecraftSessionService;)V in class cex(net.minecraft.client.resources.SkinManager)
[2021-09-11 08:40:10] [Client thread INFO] [CSL DEBUG] Successfully transformed method <init>(Lnet/minecraft/client/renderer/texture/TextureManager;Ljava/io/File;Lcom/mojang/authlib/minecraft/MinecraftSessionService;)V in class cex(net.minecraft.client.resources.SkinManager)
[2021-09-11 08:40:10] [Client thread INFO] [CSL DEBUG] Transforming method func_152789_a(Lcom/mojang/authlib/minecraft/MinecraftProfileTexture;Lcom/mojang/authlib/minecraft/MinecraftProfileTexture$Type;Lnet/minecraft/client/resources/SkinManager$SkinAvailableCallback;)Lnet/minecraft/util/ResourceLocation; in class cex(net.minecraft.client.resources.SkinManager)
[2021-09-11 08:40:10] [Client thread INFO] [CSL DEBUG] Successfully transformed method func_152789_a(Lcom/mojang/authlib/minecraft/MinecraftProfileTexture;Lcom/mojang/authlib/minecraft/MinecraftProfileTexture$Type;Lnet/minecraft/client/resources/SkinManager$SkinAvailableCallback;)Lnet/minecraft/util/ResourceLocation; in class cex(net.minecraft.client.resources.SkinManager)
[2021-09-11 08:40:10] [Client thread INFO] [CSL DEBUG] Transforming method func_152790_a(Lcom/mojang/authlib/GameProfile;Lnet/minecraft/client/resources/SkinManager$SkinAvailableCallback;Z)V in class cex(net.minecraft.client.resources.SkinManager)
[2021-09-11 08:40:10] [Client thread INFO] [CSL DEBUG] Successfully transformed method func_152790_a(Lcom/mojang/authlib/GameProfile;Lnet/minecraft/client/resources/SkinManager$SkinAvailableCallback;Z)V in class cex(net.minecraft.client.resources.SkinManager)
[2021-09-11 08:40:10] [Client thread INFO] [CSL DEBUG] Transforming method func_152788_a(Lcom/mojang/authlib/GameProfile;)Ljava/util/Map; in class cex(net.minecraft.client.resources.SkinManager)
[2021-09-11 08:40:10] [Client thread INFO] [CSL DEBUG] Successfully transformed method func_152788_a(Lcom/mojang/authlib/GameProfile;)Ljava/util/Map; in class cex(net.minecraft.client.resources.SkinManager)
[2021-09-11 08:40:45] [Client thread INFO] [CSL DEBUG] CLASS net.minecraft.client.gui.GuiPlayerTabOverlay will be transformed
[2021-09-11 08:40:45] [Client thread INFO] [CSL DEBUG] Transforming method func_175249_a(ILnet/minecraft/scoreboard/Scoreboard;Lnet/minecraft/scoreboard/ScoreObjective;)V in class bjq(net.minecraft.client.gui.GuiPlayerTabOverlay)
[2021-09-11 08:40:45] [Client thread INFO] [CSL DEBUG] Successfully transformed method func_175249_a(ILnet/minecraft/scoreboard/Scoreboard;Lnet/minecraft/scoreboard/ScoreObjective;)V in class bjq(net.minecraft.client.gui.GuiPlayerTabOverlay)
