[12:03:42][FINE/CustomNPCs][noppes.npcs.controllers.ScriptController:87] Sun Aug 02 12:03:42 CST 2020
[12:03:42][FINE/CustomNPCs][noppes.npcs.CustomNpcs:229] Script Engines Available:
[12:03:42][FINE/CustomNPCs][noppes.npcs.CustomNpcs:229] ECMAScript: .js
[12:04:24][FINE/CustomNPCs][noppes.npcs.controllers.LinkedNpcController:28] Loading Linked Npcs
[12:04:24][FINE/CustomNPCs][noppes.npcs.controllers.LinkedNpcController:28] Done loading Linked Npcs
[12:04:26][FINE/CustomNPCs][noppes.npcs.CustomNpcs:282] Loading Dialogs
[12:04:26][SEVERE/CustomNPCs][noppes.npcs.controllers.DialogController:45] Duplicate id 6 from category –Ú’¬£∫¿«—¿”∂±¯Õ≈
[12:04:26][SEVERE/CustomNPCs][noppes.npcs.controllers.DialogController:45] Duplicate id 7 from category –Ú’¬£∫¿«—¿”∂±¯Õ≈
[12:04:26][SEVERE/CustomNPCs][noppes.npcs.controllers.DialogController:45] Duplicate id 8 from category –Ú’¬£∫¿«—¿”∂±¯Õ≈
[12:04:26][FINE/CustomNPCs][noppes.npcs.CustomNpcs:282] Done loading Dialogs
[12:04:26][SEVERE/CustomNPCs][noppes.npcs.CustomNpcs:283] Duplicate id 4 from category –Ú’¬£∫¿«—¿”∂±¯Õ≈
[12:04:26][SEVERE/CustomNPCs][noppes.npcs.CustomNpcs:283] Duplicate id 1 from category œ‰◊”
[12:09:20][FINE/CustomNPCs][noppes.npcs.controllers.LinkedNpcController:28] Loading Linked Npcs
[12:09:20][FINE/CustomNPCs][noppes.npcs.controllers.LinkedNpcController:28] Done loading Linked Npcs
[12:09:21][FINE/CustomNPCs][noppes.npcs.CustomNpcs:282] Loading Dialogs
[12:09:21][SEVERE/CustomNPCs][noppes.npcs.controllers.DialogController:45] Duplicate id 6 from category –Ú’¬£∫¿«—¿”∂±¯Õ≈
[12:09:21][SEVERE/CustomNPCs][noppes.npcs.controllers.DialogController:45] Duplicate id 7 from category –Ú’¬£∫¿«—¿”∂±¯Õ≈
[12:09:21][SEVERE/CustomNPCs][noppes.npcs.controllers.DialogController:45] Duplicate id 8 from category –Ú’¬£∫¿«—¿”∂±¯Õ≈
[12:09:21][FINE/CustomNPCs][noppes.npcs.CustomNpcs:282] Done loading Dialogs
[12:09:21][SEVERE/CustomNPCs][noppes.npcs.CustomNpcs:283] Duplicate id 4 from category –Ú’¬£∫¿«—¿”∂±¯Õ≈
[12:09:21][SEVERE/CustomNPCs][noppes.npcs.CustomNpcs:283] Duplicate id 1 from category œ‰◊”
