[15:57:00][FINE/CustomNPCs][noppes.npcs.controllers.ScriptController:87] Fri Oct 30 15:57:00 CST 2020
[15:57:00][FINE/CustomNPCs][noppes.npcs.CustomNpcs:229] Script Engines Available:
[15:57:00][FINE/CustomNPCs][noppes.npcs.CustomNpcs:229] ECMAScript: .js
[15:57:53][FINE/CustomNPCs][noppes.npcs.controllers.LinkedNpcController:28] Loading Linked Npcs
[15:57:53][FINE/CustomNPCs][noppes.npcs.controllers.LinkedNpcController:28] Done loading Linked Npcs
[15:57:55][FINE/CustomNPCs][noppes.npcs.CustomNpcs:282] Loading Dialogs
[15:57:55][SEVERE/CustomNPCs][noppes.npcs.controllers.DialogController:45] Duplicate id 6 from category –Ú’¬£∫¿«—¿”∂±¯Õ≈
[15:57:55][SEVERE/CustomNPCs][noppes.npcs.controllers.DialogController:45] Duplicate id 7 from category –Ú’¬£∫¿«—¿”∂±¯Õ≈
[15:57:55][SEVERE/CustomNPCs][noppes.npcs.controllers.DialogController:45] Duplicate id 8 from category –Ú’¬£∫¿«—¿”∂±¯Õ≈
[15:57:56][FINE/CustomNPCs][noppes.npcs.CustomNpcs:282] Done loading Dialogs
[15:57:56][SEVERE/CustomNPCs][noppes.npcs.CustomNpcs:283] Duplicate id 4 from category –Ú’¬£∫¿«—¿”∂±¯Õ≈
[15:57:56][SEVERE/CustomNPCs][noppes.npcs.CustomNpcs:283] Duplicate id 1 from category œ‰◊”
[15:58:57][FINE/CustomNPCs][noppes.npcs.controllers.LinkedNpcController:28] Loading Linked Npcs
[15:58:57][FINE/CustomNPCs][noppes.npcs.controllers.LinkedNpcController:28] Done loading Linked Npcs
[15:58:58][FINE/CustomNPCs][noppes.npcs.CustomNpcs:282] Loading Dialogs
[15:58:58][SEVERE/CustomNPCs][noppes.npcs.controllers.DialogController:45] Duplicate id 6 from category –Ú’¬£∫¿«—¿”∂±¯Õ≈
[15:58:58][SEVERE/CustomNPCs][noppes.npcs.controllers.DialogController:45] Duplicate id 7 from category –Ú’¬£∫¿«—¿”∂±¯Õ≈
[15:58:58][SEVERE/CustomNPCs][noppes.npcs.controllers.DialogController:45] Duplicate id 8 from category –Ú’¬£∫¿«—¿”∂±¯Õ≈
[15:58:58][FINE/CustomNPCs][noppes.npcs.CustomNpcs:282] Done loading Dialogs
[15:58:58][SEVERE/CustomNPCs][noppes.npcs.CustomNpcs:283] Duplicate id 4 from category –Ú’¬£∫¿«—¿”∂±¯Õ≈
[15:58:58][SEVERE/CustomNPCs][noppes.npcs.CustomNpcs:283] Duplicate id 1 from category œ‰◊”
