[16:05:32][FINE/CustomNPCs][noppes.npcs.controllers.ScriptController:87] Tue Jun 14 16:05:32 CST 2022
[16:05:32][FINE/CustomNPCs][noppes.npcs.CustomNpcs:229] Script Engines Available:
[16:05:32][FINE/CustomNPCs][noppes.npcs.CustomNpcs:229] ECMAScript: .js
[16:06:29][FINE/CustomNPCs][noppes.npcs.controllers.LinkedNpcController:28] Loading Linked Npcs
[16:06:29][FINE/CustomNPCs][noppes.npcs.controllers.LinkedNpcController:28] Done loading Linked Npcs
[16:06:32][FINE/CustomNPCs][noppes.npcs.CustomNpcs:282] Loading Dialogs
[16:06:32][SEVERE/CustomNPCs][noppes.npcs.controllers.DialogController:45] Duplicate id 6 from category –Ú’¬£∫¿«—¿”∂±¯Õ≈
[16:06:32][SEVERE/CustomNPCs][noppes.npcs.controllers.DialogController:45] Duplicate id 7 from category –Ú’¬£∫¿«—¿”∂±¯Õ≈
[16:06:32][SEVERE/CustomNPCs][noppes.npcs.controllers.DialogController:45] Duplicate id 8 from category –Ú’¬£∫¿«—¿”∂±¯Õ≈
[16:06:32][FINE/CustomNPCs][noppes.npcs.CustomNpcs:282] Done loading Dialogs
[16:06:32][SEVERE/CustomNPCs][noppes.npcs.CustomNpcs:283] Duplicate id 4 from category –Ú’¬£∫¿«—¿”∂±¯Õ≈
[16:06:32][SEVERE/CustomNPCs][noppes.npcs.CustomNpcs:283] Duplicate id 1 from category œ‰◊”
[16:26:47][FINE/CustomNPCs][noppes.npcs.controllers.LinkedNpcController:28] Loading Linked Npcs
[16:26:47][FINE/CustomNPCs][noppes.npcs.controllers.LinkedNpcController:28] Done loading Linked Npcs
[16:26:49][FINE/CustomNPCs][noppes.npcs.CustomNpcs:282] Loading Dialogs
[16:26:49][SEVERE/CustomNPCs][noppes.npcs.controllers.DialogController:45] Duplicate id 6 from category –Ú’¬£∫¿«—¿”∂±¯Õ≈
[16:26:49][SEVERE/CustomNPCs][noppes.npcs.controllers.DialogController:45] Duplicate id 7 from category –Ú’¬£∫¿«—¿”∂±¯Õ≈
[16:26:49][SEVERE/CustomNPCs][noppes.npcs.controllers.DialogController:45] Duplicate id 8 from category –Ú’¬£∫¿«—¿”∂±¯Õ≈
[16:26:49][FINE/CustomNPCs][noppes.npcs.CustomNpcs:282] Done loading Dialogs
[16:26:49][SEVERE/CustomNPCs][noppes.npcs.CustomNpcs:283] Duplicate id 4 from category –Ú’¬£∫¿«—¿”∂±¯Õ≈
[16:26:49][SEVERE/CustomNPCs][noppes.npcs.CustomNpcs:283] Duplicate id 1 from category œ‰◊”
[16:27:10][FINE/CustomNPCs][noppes.npcs.controllers.LinkedNpcController:28] Loading Linked Npcs
[16:27:10][FINE/CustomNPCs][noppes.npcs.controllers.LinkedNpcController:28] Done loading Linked Npcs
[16:27:12][FINE/CustomNPCs][noppes.npcs.CustomNpcs:282] Loading Dialogs
[16:27:12][SEVERE/CustomNPCs][noppes.npcs.controllers.DialogController:45] Duplicate id 6 from category –Ú’¬£∫¿«—¿”∂±¯Õ≈
[16:27:12][SEVERE/CustomNPCs][noppes.npcs.controllers.DialogController:45] Duplicate id 7 from category –Ú’¬£∫¿«—¿”∂±¯Õ≈
[16:27:12][SEVERE/CustomNPCs][noppes.npcs.controllers.DialogController:45] Duplicate id 8 from category –Ú’¬£∫¿«—¿”∂±¯Õ≈
[16:27:12][FINE/CustomNPCs][noppes.npcs.CustomNpcs:282] Done loading Dialogs
[16:27:12][SEVERE/CustomNPCs][noppes.npcs.CustomNpcs:283] Duplicate id 4 from category –Ú’¬£∫¿«—¿”∂±¯Õ≈
[16:27:12][SEVERE/CustomNPCs][noppes.npcs.CustomNpcs:283] Duplicate id 1 from category œ‰◊”
