[11:00:15] [main/INFO]: Loading tweak class name net.minecraftforge.fml.common.launcher.FMLTweaker
[11:00:15] [main/INFO]: Using primary tweak class name net.minecraftforge.fml.common.launcher.FMLTweaker
[11:00:15] [main/INFO]: Loading tweak class name com.mumfrey.liteloader.launch.LiteLoaderTweaker
[11:00:15] [main/INFO]: Calling tweak class net.minecraftforge.fml.common.launcher.FMLTweaker
[11:00:15] [main/INFO]: Forge Mod Loader version 14.23.5.2847 for Minecraft 1.12.2 loading
[11:00:15] [main/INFO]: Java is Java HotSpot(TM) 64-Bit Server VM, version 1.8.0_251, running on Windows 10:amd64:10.0, installed at C:\Program Files\Java\jdk1.8.0_251\jre
[11:00:16] [main/WARN]: The coremod FMLCorePlugin (net.minecraftforge.fml.relauncher.FMLCorePlugin) is not signed!
[11:00:16] [main/WARN]: The coremod FMLForgePlugin (net.minecraftforge.classloading.FMLForgePlugin) is not signed!
[11:00:16] [main/INFO]: Searching d:\Users\Administrator\Documents\GitHub\DreamBorderX-Earraylate-RPG\利雷特大陆RPG\.minecraft\versions\测试版本\mods for mods
[11:00:16] [main/INFO]: Searching d:\Users\Administrator\Documents\GitHub\DreamBorderX-Earraylate-RPG\利雷特大陆RPG\.minecraft\versions\测试版本\mods\1.12.2 for mods
[11:00:16] [main/INFO]: Loading tweaker optifine.OptiFineForgeTweaker from OptiFine_1.12.2_HD_U_F5.jar
[11:00:16] [main/WARN]: Found FMLCorePluginContainsFMLMod marker in 可选MOD-区块加载动画-ChunkAnimator-MC1.12-1.2.jar. This is not recommended, @Mods should be in a separate jar from the coremod.
[11:00:16] [main/WARN]: The coremod lumien.chunkanimator.asm.LoadingPlugin does not have a MCVersion annotation, it may cause issues with this version of Minecraft
[11:00:16] [main/WARN]: The coremod LoadingPlugin (lumien.chunkanimator.asm.LoadingPlugin) is not signed!
[11:00:16] [main/WARN]: Found FMLCorePluginContainsFMLMod marker in 可选MOD-皮肤-CustomSkinLoader_Forge-14.9.jar. This is not recommended, @Mods should be in a separate jar from the coremod.
[11:00:16] [main/WARN]: The coremod customskinloader.forge.ForgePlugin does not have a MCVersion annotation, it may cause issues with this version of Minecraft
[11:00:16] [main/WARN]: The coremod ForgePlugin (customskinloader.forge.ForgePlugin) is not signed!
[11:00:16] [main/WARN]: Found FMLCorePluginContainsFMLMod marker in 核心MOD-BringMeTheRings-0.4.jar. This is not recommended, @Mods should be in a separate jar from the coremod.
[11:00:16] [main/WARN]: The coremod BringMeTheRings plugin (zabi.minecraft.bmtr.core.BMTRPlugin) is not signed!
[11:00:16] [main/INFO]: Calling tweak class com.mumfrey.liteloader.launch.LiteLoaderTweaker
[11:00:16] [main/INFO]: Bootstrapping LiteLoader 1.12.2
[11:00:16] [main/INFO]: Registering API provider class com.mumfrey.liteloader.client.api.LiteLoaderCoreAPIClient
[11:00:16] [main/INFO]: Spawning API provider class 'com.mumfrey.liteloader.client.api.LiteLoaderCoreAPIClient' ...
[11:00:16] [main/INFO]: API provider class 'com.mumfrey.liteloader.client.api.LiteLoaderCoreAPIClient' provides API 'liteloader'
[11:00:16] [main/INFO]: Initialising API 'liteloader' ...
[11:00:16] [main/INFO]: SpongePowered MIXIN Subsystem Version=0.7.5 Source=file:/D:/Users/Administrator/Documents/GitHub/DreamBorderX-Earraylate-RPG/%e5%b0%93%e5%88%a9%e9%9b%b7%e7%89%b9%e5%a4%a7%e9%99%86RPG/.minecraft/libraries/com/mumfrey/liteloader/1.12.2-20171128.144431-4/liteloader-1.12.2-20171128.144431-4.jar Service=LaunchWrapper Env=CLIENT
[11:00:16] [main/INFO]: LiteLoader begin PREINIT...
[11:00:16] [main/INFO]: Initialising Loader properties...
[11:00:16] [main/INFO]: Setting up logger...
[11:00:16] [main/INFO]: LiteLoader 1.12.2 starting up...
[11:00:16] [main/INFO]: Active Pack: 1.12.2-SNAPSHOT-r4CC2BB0-b4-4
[11:00:16] [main/INFO]: Java reports OS="windows 10"
[11:00:16] [main/INFO]: Adding supported mod class prefix 'LiteMod'
[11:00:16] [main/INFO]: Enumerating class path...
[11:00:16] [main/INFO]: Class path separator=";"
[11:00:16] [main/INFO]: Class path entries=(
   classpathEntry=d:\Users\Administrator\Documents\GitHub\DreamBorderX-Earraylate-RPG\利雷特大陆RPG\.minecraft\libraries\net\minecraft\launchwrapper\1.12\launchwrapper-1.12.jar
   classpathEntry=d:\Users\Administrator\Documents\GitHub\DreamBorderX-Earraylate-RPG\利雷特大陆RPG\.minecraft\libraries\org\ow2\asm\asm-all\5.2\asm-all-5.2.jar
   classpathEntry=d:\Users\Administrator\Documents\GitHub\DreamBorderX-Earraylate-RPG\利雷特大陆RPG\.minecraft\libraries\com\mumfrey\liteloader\1.12.2-20171128.144431-4\liteloader-1.12.2-20171128.144431-4.jar
   classpathEntry=d:\Users\Administrator\Documents\GitHub\DreamBorderX-Earraylate-RPG\利雷特大陆RPG\.minecraft\libraries\net\minecraftforge\forge\1.12.2-14.23.5.2847\forge-1.12.2-14.23.5.2847.jar
   classpathEntry=d:\Users\Administrator\Documents\GitHub\DreamBorderX-Earraylate-RPG\利雷特大陆RPG\.minecraft\libraries\org\jline\jline\3.5.1\jline-3.5.1.jar
   classpathEntry=d:\Users\Administrator\Documents\GitHub\DreamBorderX-Earraylate-RPG\利雷特大陆RPG\.minecraft\libraries\net\java\dev\jna\jna\4.4.0\jna-4.4.0.jar
   classpathEntry=d:\Users\Administrator\Documents\GitHub\DreamBorderX-Earraylate-RPG\利雷特大陆RPG\.minecraft\libraries\com\typesafe\akka\akka-actor_2.11\2.3.3\akka-actor_2.11-2.3.3.jar
   classpathEntry=d:\Users\Administrator\Documents\GitHub\DreamBorderX-Earraylate-RPG\利雷特大陆RPG\.minecraft\libraries\com\typesafe\config\1.2.1\config-1.2.1.jar
   classpathEntry=d:\Users\Administrator\Documents\GitHub\DreamBorderX-Earraylate-RPG\利雷特大陆RPG\.minecraft\libraries\org\scala-lang\scala-actors-migration_2.11\1.1.0\scala-actors-migration_2.11-1.1.0.jar
   classpathEntry=d:\Users\Administrator\Documents\GitHub\DreamBorderX-Earraylate-RPG\利雷特大陆RPG\.minecraft\libraries\org\scala-lang\scala-compiler\2.11.1\scala-compiler-2.11.1.jar
   classpathEntry=d:\Users\Administrator\Documents\GitHub\DreamBorderX-Earraylate-RPG\利雷特大陆RPG\.minecraft\libraries\org\scala-lang\plugins\scala-continuations-library_2.11\1.0.2\scala-continuations-library_2.11-1.0.2.jar
   classpathEntry=d:\Users\Administrator\Documents\GitHub\DreamBorderX-Earraylate-RPG\利雷特大陆RPG\.minecraft\libraries\org\scala-lang\plugins\scala-continuations-plugin_2.11.1\1.0.2\scala-continuations-plugin_2.11.1-1.0.2.jar
   classpathEntry=d:\Users\Administrator\Documents\GitHub\DreamBorderX-Earraylate-RPG\利雷特大陆RPG\.minecraft\libraries\org\scala-lang\scala-library\2.11.1\scala-library-2.11.1.jar
   classpathEntry=d:\Users\Administrator\Documents\GitHub\DreamBorderX-Earraylate-RPG\利雷特大陆RPG\.minecraft\libraries\org\scala-lang\scala-parser-combinators_2.11\1.0.1\scala-parser-combinators_2.11-1.0.1.jar
   classpathEntry=d:\Users\Administrator\Documents\GitHub\DreamBorderX-Earraylate-RPG\利雷特大陆RPG\.minecraft\libraries\org\scala-lang\scala-reflect\2.11.1\scala-reflect-2.11.1.jar
   classpathEntry=d:\Users\Administrator\Documents\GitHub\DreamBorderX-Earraylate-RPG\利雷特大陆RPG\.minecraft\libraries\org\scala-lang\scala-swing_2.11\1.0.1\scala-swing_2.11-1.0.1.jar
   classpathEntry=d:\Users\Administrator\Documents\GitHub\DreamBorderX-Earraylate-RPG\利雷特大陆RPG\.minecraft\libraries\org\scala-lang\scala-xml_2.11\1.0.2\scala-xml_2.11-1.0.2.jar
   classpathEntry=d:\Users\Administrator\Documents\GitHub\DreamBorderX-Earraylate-RPG\利雷特大陆RPG\.minecraft\libraries\lzma\lzma\0.0.1\lzma-0.0.1.jar
   classpathEntry=d:\Users\Administrator\Documents\GitHub\DreamBorderX-Earraylate-RPG\利雷特大陆RPG\.minecraft\libraries\net\sf\jopt-simple\jopt-simple\5.0.3\jopt-simple-5.0.3.jar
   classpathEntry=d:\Users\Administrator\Documents\GitHub\DreamBorderX-Earraylate-RPG\利雷特大陆RPG\.minecraft\libraries\java3d\vecmath\1.5.2\vecmath-1.5.2.jar
   classpathEntry=d:\Users\Administrator\Documents\GitHub\DreamBorderX-Earraylate-RPG\利雷特大陆RPG\.minecraft\libraries\net\sf\trove4j\trove4j\3.0.3\trove4j-3.0.3.jar
   classpathEntry=d:\Users\Administrator\Documents\GitHub\DreamBorderX-Earraylate-RPG\利雷特大陆RPG\.minecraft\libraries\org\apache\maven\maven-artifact\3.5.3\maven-artifact-3.5.3.jar
   classpathEntry=d:\Users\Administrator\Documents\GitHub\DreamBorderX-Earraylate-RPG\利雷特大陆RPG\.minecraft\libraries\com\mojang\patchy\1.1\patchy-1.1.jar
   classpathEntry=d:\Users\Administrator\Documents\GitHub\DreamBorderX-Earraylate-RPG\利雷特大陆RPG\.minecraft\libraries\oshi-project\oshi-core\1.1\oshi-core-1.1.jar
   classpathEntry=d:\Users\Administrator\Documents\GitHub\DreamBorderX-Earraylate-RPG\利雷特大陆RPG\.minecraft\libraries\net\java\dev\jna\platform\3.4.0\platform-3.4.0.jar
   classpathEntry=d:\Users\Administrator\Documents\GitHub\DreamBorderX-Earraylate-RPG\利雷特大陆RPG\.minecraft\libraries\com\ibm\icu\icu4j-core-mojang\51.2\icu4j-core-mojang-51.2.jar
   classpathEntry=d:\Users\Administrator\Documents\GitHub\DreamBorderX-Earraylate-RPG\利雷特大陆RPG\.minecraft\libraries\com\paulscode\codecjorbis\20101023\codecjorbis-20101023.jar
   classpathEntry=d:\Users\Administrator\Documents\GitHub\DreamBorderX-Earraylate-RPG\利雷特大陆RPG\.minecraft\libraries\com\paulscode\codecwav\20101023\codecwav-20101023.jar
   classpathEntry=d:\Users\Administrator\Documents\GitHub\DreamBorderX-Earraylate-RPG\利雷特大陆RPG\.minecraft\libraries\com\paulscode\libraryjavasound\20101123\libraryjavasound-20101123.jar
   classpathEntry=d:\Users\Administrator\Documents\GitHub\DreamBorderX-Earraylate-RPG\利雷特大陆RPG\.minecraft\libraries\com\paulscode\librarylwjglopenal\20100824\librarylwjglopenal-20100824.jar
   classpathEntry=d:\Users\Administrator\Documents\GitHub\DreamBorderX-Earraylate-RPG\利雷特大陆RPG\.minecraft\libraries\com\paulscode\soundsystem\20120107\soundsystem-20120107.jar
   classpathEntry=d:\Users\Administrator\Documents\GitHub\DreamBorderX-Earraylate-RPG\利雷特大陆RPG\.minecraft\libraries\io\netty\netty-all\4.1.9.Final\netty-all-4.1.9.Final.jar
   classpathEntry=d:\Users\Administrator\Documents\GitHub\DreamBorderX-Earraylate-RPG\利雷特大陆RPG\.minecraft\libraries\com\google\guava\guava\21.0\guava-21.0.jar
   classpathEntry=d:\Users\Administrator\Documents\GitHub\DreamBorderX-Earraylate-RPG\利雷特大陆RPG\.minecraft\libraries\org\apache\commons\commons-lang3\3.5\commons-lang3-3.5.jar
   classpathEntry=d:\Users\Administrator\Documents\GitHub\DreamBorderX-Earraylate-RPG\利雷特大陆RPG\.minecraft\libraries\commons-io\commons-io\2.5\commons-io-2.5.jar
   classpathEntry=d:\Users\Administrator\Documents\GitHub\DreamBorderX-Earraylate-RPG\利雷特大陆RPG\.minecraft\libraries\commons-codec\commons-codec\1.10\commons-codec-1.10.jar
   classpathEntry=d:\Users\Administrator\Documents\GitHub\DreamBorderX-Earraylate-RPG\利雷特大陆RPG\.minecraft\libraries\net\java\jinput\jinput\2.0.5\jinput-2.0.5.jar
   classpathEntry=d:\Users\Administrator\Documents\GitHub\DreamBorderX-Earraylate-RPG\利雷特大陆RPG\.minecraft\libraries\net\java\jutils\jutils\1.0.0\jutils-1.0.0.jar
   classpathEntry=d:\Users\Administrator\Documents\GitHub\DreamBorderX-Earraylate-RPG\利雷特大陆RPG\.minecraft\libraries\com\google\code\gson\gson\2.8.0\gson-2.8.0.jar
   classpathEntry=d:\Users\Administrator\Documents\GitHub\DreamBorderX-Earraylate-RPG\利雷特大陆RPG\.minecraft\libraries\com\mojang\authlib\1.5.25\authlib-1.5.25.jar
   classpathEntry=d:\Users\Administrator\Documents\GitHub\DreamBorderX-Earraylate-RPG\利雷特大陆RPG\.minecraft\libraries\com\mojang\realms\1.10.22\realms-1.10.22.jar
   classpathEntry=d:\Users\Administrator\Documents\GitHub\DreamBorderX-Earraylate-RPG\利雷特大陆RPG\.minecraft\libraries\org\apache\commons\commons-compress\1.8.1\commons-compress-1.8.1.jar
   classpathEntry=d:\Users\Administrator\Documents\GitHub\DreamBorderX-Earraylate-RPG\利雷特大陆RPG\.minecraft\libraries\org\apache\httpcomponents\httpclient\4.3.3\httpclient-4.3.3.jar
   classpathEntry=d:\Users\Administrator\Documents\GitHub\DreamBorderX-Earraylate-RPG\利雷特大陆RPG\.minecraft\libraries\commons-logging\commons-logging\1.1.3\commons-logging-1.1.3.jar
   classpathEntry=d:\Users\Administrator\Documents\GitHub\DreamBorderX-Earraylate-RPG\利雷特大陆RPG\.minecraft\libraries\org\apache\httpcomponents\httpcore\4.3.2\httpcore-4.3.2.jar
   classpathEntry=d:\Users\Administrator\Documents\GitHub\DreamBorderX-Earraylate-RPG\利雷特大陆RPG\.minecraft\libraries\it\unimi\dsi\fastutil\7.1.0\fastutil-7.1.0.jar
   classpathEntry=d:\Users\Administrator\Documents\GitHub\DreamBorderX-Earraylate-RPG\利雷特大陆RPG\.minecraft\libraries\org\apache\logging\log4j\log4j-api\2.8.1\log4j-api-2.8.1.jar
   classpathEntry=d:\Users\Administrator\Documents\GitHub\DreamBorderX-Earraylate-RPG\利雷特大陆RPG\.minecraft\libraries\org\apache\logging\log4j\log4j-core\2.8.1\log4j-core-2.8.1.jar
   classpathEntry=d:\Users\Administrator\Documents\GitHub\DreamBorderX-Earraylate-RPG\利雷特大陆RPG\.minecraft\libraries\org\lwjgl\lwjgl\lwjgl\2.9.4-nightly-20150209\lwjgl-2.9.4-nightly-20150209.jar
   classpathEntry=d:\Users\Administrator\Documents\GitHub\DreamBorderX-Earraylate-RPG\利雷特大陆RPG\.minecraft\libraries\org\lwjgl\lwjgl\lwjgl_util\2.9.4-nightly-20150209\lwjgl_util-2.9.4-nightly-20150209.jar
   classpathEntry=d:\Users\Administrator\Documents\GitHub\DreamBorderX-Earraylate-RPG\利雷特大陆RPG\.minecraft\libraries\com\mojang\text2speech\1.10.3\text2speech-1.10.3.jar
   classpathEntry=d:\Users\Administrator\Documents\GitHub\DreamBorderX-Earraylate-RPG\利雷特大陆RPG\.minecraft\versions\测试版本\测试版本.jar
   classpathEntry=C:\Users\Administrator\AppData\Roaming\.hmcl\authlib-injector.jar
)
[11:00:16] [main/INFO]: Registering discovery module EnumeratorModuleClassPath: [<Java Class Path>]
[11:00:16] [main/INFO]: Registering discovery module EnumeratorModuleFolder: [d:\Users\Administrator\Documents\GitHub\DreamBorderX-Earraylate-RPG\利雷特大陆RPG\.minecraft\versions\测试版本\mods]
[11:00:16] [main/INFO]: Registering discovery module EnumeratorModuleFolder: [d:\Users\Administrator\Documents\GitHub\DreamBorderX-Earraylate-RPG\利雷特大陆RPG\.minecraft\versions\测试版本\mods\1.12.2]
[11:00:16] [main/INFO]: Registering enumerator plugin DefaultEnumeratorPlugin: [com.mumfrey.liteloader.core.api.DefaultEnumeratorPlugin@288a4658]
[11:00:16] [main/INFO]: Discovering valid mod files in folder d:\Users\Administrator\Documents\GitHub\DreamBorderX-Earraylate-RPG\利雷特大陆RPG\.minecraft\versions\测试版本\mods
[11:00:16] [main/INFO]: Inspecting jar metadata in 'Earraylate-1.0.jar'
[11:00:16] [main/INFO]: Ignoring d:\Users\Administrator\Documents\GitHub\DreamBorderX-Earraylate-RPG\利雷特大陆RPG\.minecraft\versions\测试版本\mods\Earraylate-1.0.jar
[11:00:16] [main/INFO]: Inspecting jar metadata in 'forge-1.12.2-14.23.5.2854-installer.jar'
[11:00:16] [main/INFO]: Ignoring d:\Users\Administrator\Documents\GitHub\DreamBorderX-Earraylate-RPG\利雷特大陆RPG\.minecraft\versions\测试版本\mods\forge-1.12.2-14.23.5.2854-installer.jar
[11:00:16] [main/INFO]: Inspecting jar metadata in 'OptiFine_1.12.2_HD_U_F5.jar'
[11:00:16] [main/INFO]: Ignoring d:\Users\Administrator\Documents\GitHub\DreamBorderX-Earraylate-RPG\利雷特大陆RPG\.minecraft\versions\测试版本\mods\OptiFine_1.12.2_HD_U_F5.jar
[11:00:16] [main/INFO]: Inspecting jar metadata in '作者MOD-创世神-worldedit-forge-mc1.12.2-6.1.10-SNAPSHOT-dist.jar'
[11:00:16] [main/INFO]: Ignoring d:\Users\Administrator\Documents\GitHub\DreamBorderX-Earraylate-RPG\利雷特大陆RPG\.minecraft\versions\测试版本\mods\作者MOD-创世神-worldedit-forge-mc1.12.2-6.1.10-SNAPSHOT-dist.jar
[11:00:16] [main/INFO]: Inspecting jar metadata in '前置MOD-AutoRegLib-1.3-31.jar'
[11:00:16] [main/INFO]: Ignoring d:\Users\Administrator\Documents\GitHub\DreamBorderX-Earraylate-RPG\利雷特大陆RPG\.minecraft\versions\测试版本\mods\前置MOD-AutoRegLib-1.3-31.jar
[11:00:16] [main/INFO]: Inspecting jar metadata in '前置MOD-PTRLib-1.0.4.jar'
[11:00:16] [main/INFO]: Ignoring d:\Users\Administrator\Documents\GitHub\DreamBorderX-Earraylate-RPG\利雷特大陆RPG\.minecraft\versions\测试版本\mods\前置MOD-PTRLib-1.0.4.jar
[11:00:16] [main/INFO]: Inspecting jar metadata in '可选MOD-RPGHUD-[1.12]+RPG-HUD-3.6.6.2.jar'
[11:00:16] [main/INFO]: Ignoring d:\Users\Administrator\Documents\GitHub\DreamBorderX-Earraylate-RPG\利雷特大陆RPG\.minecraft\versions\测试版本\mods\可选MOD-RPGHUD-[1.12]+RPG-HUD-3.6.6.2.jar
[11:00:16] [main/INFO]: Inspecting jar metadata in '可选MOD-区块加载动画-ChunkAnimator-MC1.12-1.2.jar'
[11:00:16] [main/INFO]: Ignoring d:\Users\Administrator\Documents\GitHub\DreamBorderX-Earraylate-RPG\利雷特大陆RPG\.minecraft\versions\测试版本\mods\可选MOD-区块加载动画-ChunkAnimator-MC1.12-1.2.jar
[11:00:16] [main/INFO]: Considering valid mod file: d:\Users\Administrator\Documents\GitHub\DreamBorderX-Earraylate-RPG\利雷特大陆RPG\.minecraft\versions\测试版本\mods\可选MOD-小地图-需要Liteload-mod_voxelMap_1.7.1_for_1.12.2.litemod
[11:00:16] [main/INFO]: Inspecting jar metadata in '可选MOD-皮肤-CustomSkinLoader_Forge-14.9.jar'
[11:00:16] [main/INFO]: Ignoring d:\Users\Administrator\Documents\GitHub\DreamBorderX-Earraylate-RPG\利雷特大陆RPG\.minecraft\versions\测试版本\mods\可选MOD-皮肤-CustomSkinLoader_Forge-14.9.jar
[11:00:16] [main/INFO]: Inspecting jar metadata in '可选MOD-血条&伤害显示-[1.12.2]DamageIndicatorsMod-3.5.1.jar'
[11:00:16] [main/INFO]: Ignoring d:\Users\Administrator\Documents\GitHub\DreamBorderX-Earraylate-RPG\利雷特大陆RPG\.minecraft\versions\测试版本\mods\可选MOD-血条&伤害显示-[1.12.2]DamageIndicatorsMod-3.5.1.jar
[11:00:16] [main/INFO]: Inspecting jar metadata in '核心MOD-BringMeTheRings-0.4.jar'
[11:00:16] [main/INFO]: Ignoring d:\Users\Administrator\Documents\GitHub\DreamBorderX-Earraylate-RPG\利雷特大陆RPG\.minecraft\versions\测试版本\mods\核心MOD-BringMeTheRings-0.4.jar
[11:00:16] [main/INFO]: Inspecting jar metadata in '核心MOD-家具-furniture-6.3.1-1.12.2.jar'
[11:00:16] [main/INFO]: Ignoring d:\Users\Administrator\Documents\GitHub\DreamBorderX-Earraylate-RPG\利雷特大陆RPG\.minecraft\versions\测试版本\mods\核心MOD-家具-furniture-6.3.1-1.12.2.jar
[11:00:16] [main/INFO]: Inspecting jar metadata in '核心MOD-更多装饰-Decocraft-2.6.3_1.12.2.jar'
[11:00:16] [main/INFO]: Ignoring d:\Users\Administrator\Documents\GitHub\DreamBorderX-Earraylate-RPG\利雷特大陆RPG\.minecraft\versions\测试版本\mods\核心MOD-更多装饰-Decocraft-2.6.3_1.12.2.jar
[11:00:16] [main/INFO]: Inspecting jar metadata in '核心MOD-美妙指环-Baublelicious-1.4.0-4.jar'
[11:00:16] [main/INFO]: Ignoring d:\Users\Administrator\Documents\GitHub\DreamBorderX-Earraylate-RPG\利雷特大陆RPG\.minecraft\versions\测试版本\mods\核心MOD-美妙指环-Baublelicious-1.4.0-4.jar
[11:00:16] [main/INFO]: Inspecting jar metadata in '核心MOD-自定义NPC-CustomNPCs_1.12.2-(01Oct19).jar'
[11:00:16] [main/INFO]: Ignoring d:\Users\Administrator\Documents\GitHub\DreamBorderX-Earraylate-RPG\利雷特大陆RPG\.minecraft\versions\测试版本\mods\核心MOD-自定义NPC-CustomNPCs_1.12.2-(01Oct19).jar
[11:00:16] [main/INFO]: Inspecting jar metadata in '核心MOD-自定义NPC附属-VariedCommodities_1.12.2(21nov19).jar'
[11:00:16] [main/INFO]: Ignoring d:\Users\Administrator\Documents\GitHub\DreamBorderX-Earraylate-RPG\利雷特大陆RPG\.minecraft\versions\测试版本\mods\核心MOD-自定义NPC附属-VariedCommodities_1.12.2(21nov19).jar
[11:00:16] [main/INFO]: Inspecting jar metadata in '核心MOD-药水指环-PotionFingers-r1.0-8.jar'
[11:00:16] [main/INFO]: Ignoring d:\Users\Administrator\Documents\GitHub\DreamBorderX-Earraylate-RPG\利雷特大陆RPG\.minecraft\versions\测试版本\mods\核心MOD-药水指环-PotionFingers-r1.0-8.jar
[11:00:16] [main/INFO]: Inspecting jar metadata in '核心MOD-饰品栏-Baubles-1.12-1.5.2.jar'
[11:00:16] [main/INFO]: Ignoring d:\Users\Administrator\Documents\GitHub\DreamBorderX-Earraylate-RPG\利雷特大陆RPG\.minecraft\versions\测试版本\mods\核心MOD-饰品栏-Baubles-1.12-1.5.2.jar
[11:00:16] [main/INFO]: Inspecting jar metadata in '补丁-中文补丁-i18nupdatemod-1.12.2-1.1.0.jar'
[11:00:16] [main/INFO]: Ignoring d:\Users\Administrator\Documents\GitHub\DreamBorderX-Earraylate-RPG\利雷特大陆RPG\.minecraft\versions\测试版本\mods\补丁-中文补丁-i18nupdatemod-1.12.2-1.1.0.jar
[11:00:16] [main/INFO]: Discovering valid mod files in folder d:\Users\Administrator\Documents\GitHub\DreamBorderX-Earraylate-RPG\利雷特大陆RPG\.minecraft\versions\测试版本\mods\1.12.2
[11:00:16] [main/INFO]: Discovering tweaks on class path...
[11:00:16] [main/INFO]: Baking listener list for EnumerationObserver with 1 listeners
[11:00:17] [main/INFO]: Registering discovered mod files in folder d:\Users\Administrator\Documents\GitHub\DreamBorderX-Earraylate-RPG\利雷特大陆RPG\.minecraft\versions\测试版本\mods
[11:00:17] [main/INFO]: Adding newest valid mod file 'd:\Users\Administrator\Documents\GitHub\DreamBorderX-Earraylate-RPG\利雷特大陆RPG\.minecraft\versions\测试版本\mods\可选MOD-小地图-需要Liteload-mod_voxelMap_1.7.1_for_1.12.2.litemod' at revision 1701.0000
[11:00:17] [main/INFO]: Registering discovered mod files in folder d:\Users\Administrator\Documents\GitHub\DreamBorderX-Earraylate-RPG\利雷特大陆RPG\.minecraft\versions\测试版本\mods\1.12.2
[11:00:17] [main/INFO]: Registering mixin config mixins.oldnorth.json for 可选MOD-小地图-需要Liteload-mod_voxelMap_1.7.1_for_1.12.2.litemod
[11:00:17] [main/INFO]: Registering mixin config mixins.voxelmap.json for 可选MOD-小地图-需要Liteload-mod_voxelMap_1.7.1_for_1.12.2.litemod
[11:00:17] [main/INFO]: Initialising LiteLoader Mixins
[11:00:17] [main/INFO]: Compatibility level set to JAVA_8
[11:00:17] [main/INFO]: LiteLoader PREINIT complete
[11:00:17] [main/INFO]: Injecting required class transformer 'com.mumfrey.liteloader.transformers.event.EventProxyTransformer'
[11:00:17] [main/INFO]: Injecting required class transformer 'com.mumfrey.liteloader.launch.LiteLoaderTransformer'
[11:00:17] [main/INFO]: Injecting required class transformer 'com.mumfrey.liteloader.client.transformers.CrashReportTransformer'
[11:00:17] [main/INFO]: Queuing required class transformer 'com.mumfrey.liteloader.transformers.event.EventTransformer'
[11:00:17] [main/INFO]: Queuing required class transformer 'com.mumfrey.liteloader.common.transformers.LiteLoaderPacketTransformer'
[11:00:17] [main/INFO]: Queuing required class transformer 'com.mumfrey.liteloader.transformers.event.json.ModEventInjectionTransformer'
[11:00:17] [main/INFO]: Loading tweak class name net.minecraftforge.fml.common.launcher.FMLInjectionAndSortingTweaker
[11:00:17] [main/INFO]: Loading tweak class name optifine.OptiFineForgeTweaker
[11:00:17] [main/INFO]: Loading tweak class name net.minecraftforge.fml.common.launcher.FMLDeobfTweaker
[11:00:17] [main/INFO]: Loading tweak class name org.spongepowered.asm.launch.MixinTweaker
[11:00:17] [main/INFO]: Loading tweak class name org.spongepowered.asm.mixin.EnvironmentStateTweaker
[11:00:17] [main/INFO]: Loading tweak class name com.mumfrey.liteloader.launch.LiteLoaderTweaker$PreInitTweaker
[11:00:17] [main/INFO]: Calling tweak class net.minecraftforge.fml.common.launcher.FMLInjectionAndSortingTweaker
[11:00:17] [main/INFO]: Calling tweak class net.minecraftforge.fml.common.launcher.FMLInjectionAndSortingTweaker
[11:00:17] [main/INFO]: Calling tweak class optifine.OptiFineForgeTweaker
[11:00:17] [main/INFO]: [optifine.OptiFineForgeTweaker:dbg:56]: OptiFineForgeTweaker: acceptOptions
[11:00:17] [main/INFO]: [optifine.OptiFineForgeTweaker:dbg:56]: OptiFineForgeTweaker: injectIntoClassLoader
[11:00:17] [main/INFO]: [optifine.OptiFineClassTransformer:dbg:242]: OptiFine ClassTransformer
[11:00:17] [main/INFO]: [optifine.OptiFineClassTransformer:dbg:242]: OptiFine ZIP file: d:\Users\Administrator\Documents\GitHub\DreamBorderX-Earraylate-RPG\利雷特大陆RPG\.minecraft\versions\测试版本\mods\OptiFine_1.12.2_HD_U_F5.jar
[11:00:17] [main/INFO]: Calling tweak class net.minecraftforge.fml.relauncher.CoreModManager$FMLPluginWrapper
